This file contains any messages produced by compilers while
running configure, to aid debugging if configure makes a mistake.

It was created by configure, which was
generated by GNU Autoconf 2.65.  Invocation command line was

  $ ./configure --target=arm-buildroot-linux-uclibcgnueabihf --host=arm-buildroot-linux-uclibcgnueabihf --build=x86_64-pc-linux-gnu --prefix=/usr --exec-prefix=/usr --sysconfdir=/etc --localstatedir=/var --program-prefix= --disable-gtk-doc --disable-gtk-doc-html --disable-doc --disable-docs --disable-documentation --with-xmlto=no --with-fop=no --disable-dependency-tracking --enable-ipv6 --disable-nls --disable-static --enable-shared

## --------- ##
## Platform. ##
## --------- ##

hostname = ERS-EPL-DS-E06995E6B25F
uname -m = x86_64
uname -r = 4.15.0-43-generic
uname -s = Linux
uname -v = #46~16.04.1-Ubuntu SMP Fri Dec 7 13:31:08 UTC 2018

/usr/bin/uname -p = unknown
/bin/uname -X     = unknown

/bin/arch              = unknown
/usr/bin/arch -k       = unknown
/usr/convex/getsysinfo = unknown
/usr/bin/hostinfo      = unknown
/bin/machine           = unknown
/usr/bin/oslevel       = unknown
/bin/universe          = unknown

PATH: /home/epl/Jan_7/Linux-Test-Framework/output/host/bin
PATH: /home/epl/Jan_7/Linux-Test-Framework/output/host/sbin
PATH: /home/epl/arjun/Git_Checkin_Demo/Framework/Cross-compiler/bin
PATH: /home/epl/arjun/Git_Checkin_Demo/Framework/Linux-Kernel/Linux/Cross-compiler/bin
PATH: /home/epl/mynewt/gcc-arm-none-eabi-7-2018-q2-update/bin
PATH: /opt/linaro/gcc-linaro-7.2.1-2017.11-x86_64_arm-linux-gnueabihf/bin
PATH: /home/epl/bin
PATH: /home/epl/.local/bin
PATH: /usr/local/sbin
PATH: /usr/local/bin
PATH: /usr/sbin
PATH: /usr/bin
PATH: /sbin
PATH: /bin
PATH: /usr/games
PATH: /usr/local/games
PATH: /snap/bin


## ----------- ##
## Core tests. ##
## ----------- ##

configure:2657: checking for a BSD-compatible install
configure:2725: result: /usr/bin/install -c
configure:2736: checking whether build environment is sane
configure:2786: result: yes
configure:2835: checking for arm-buildroot-linux-uclibcgnueabihf-strip
configure:2862: result: /home/epl/Jan_7/Linux-Test-Framework/output/host/bin/arm-buildroot-linux-uclibcgnueabihf-strip
configure:2927: checking for a thread-safe mkdir -p
configure:2966: result: /bin/mkdir -p
configure:2979: checking for gawk
configure:2995: found /usr/bin/gawk
configure:3006: result: gawk
configure:3017: checking whether make sets $(MAKE)
configure:3039: result: yes
configure:3123: checking build system type
configure:3137: result: x86_64-pc-linux-gnu
configure:3157: checking host system type
configure:3170: result: arm-buildroot-linux-uclibcgnueabihf
configure:3212: checking for arm-buildroot-linux-uclibcgnueabihf-gcc
configure:3239: result: /home/epl/Jan_7/Linux-Test-Framework/output/host/bin/arm-buildroot-linux-uclibcgnueabihf-gcc
configure:3508: checking for C compiler version
configure:3517: /home/epl/Jan_7/Linux-Test-Framework/output/host/bin/arm-buildroot-linux-uclibcgnueabihf-gcc --version >&5
arm-buildroot-linux-uclibcgnueabihf-gcc.br_real (Buildroot 2018.02.1-g1c99f2c-dirty) 6.4.0
Copyright (C) 2017 Free Software Foundation, Inc.
This is free software; see the source for copying conditions.  There is NO
warranty; not even for MERCHANTABILITY or FITNESS FOR A PARTICULAR PURPOSE.

configure:3528: $? = 0
configure:3517: /home/epl/Jan_7/Linux-Test-Framework/output/host/bin/arm-buildroot-linux-uclibcgnueabihf-gcc -v >&5
Using built-in specs.
COLLECT_GCC=/home/epl/Jan_7/Linux-Test-Framework/output/host/bin/arm-buildroot-linux-uclibcgnueabihf-gcc.br_real
COLLECT_LTO_WRAPPER=/home/epl/Jan_7/Linux-Test-Framework/output/host/libexec/gcc/arm-buildroot-linux-uclibcgnueabihf/6.4.0/lto-wrapper
Target: arm-buildroot-linux-uclibcgnueabihf
Configured with: ./configure --prefix=/home/epl/Jan_7/Linux-Test-Framework/output/host --sysconfdir=/home/epl/Jan_7/Linux-Test-Framework/output/host/etc --enable-static --target=arm-buildroot-linux-uclibcgnueabihf --with-sysroot=/home/epl/Jan_7/Linux-Test-Framework/output/host/arm-buildroot-linux-uclibcgnueabihf/sysroot --disable-__cxa_atexit --with-gnu-ld --disable-libssp --disable-multilib --with-gmp=/home/epl/Jan_7/Linux-Test-Framework/output/host --with-mpc=/home/epl/Jan_7/Linux-Test-Framework/output/host --with-mpfr=/home/epl/Jan_7/Linux-Test-Framework/output/host --with-pkgversion='Buildroot 2018.02.1-g1c99f2c-dirty' --with-bugurl=http://bugs.buildroot.net/ --disable-libquadmath --disable-libsanitizer --enable-tls --disable-libmudflap --enable-threads --without-isl --without-cloog --disable-decimal-float --with-abi=aapcs-linux --with-cpu=cortex-a7 --with-fpu=neon-vfpv4 --with-float=hard --with-mode=arm --enable-languages=c,c++ --with-build-time-tools=/home/epl/Jan_7/Linux-Test-Framework/output/host/arm-buildroot-linux-uclibcgnueabihf/bin --enable-shared --disable-libgomp
Thread model: posix
gcc version 6.4.0 (Buildroot 2018.02.1-g1c99f2c-dirty) 
configure:3528: $? = 0
configure:3517: /home/epl/Jan_7/Linux-Test-Framework/output/host/bin/arm-buildroot-linux-uclibcgnueabihf-gcc -V >&5
arm-buildroot-linux-uclibcgnueabihf-gcc.br_real: error: unrecognized command line option '-V'
arm-buildroot-linux-uclibcgnueabihf-gcc.br_real: fatal error: no input files
compilation terminated.
configure:3528: $? = 1
configure:3517: /home/epl/Jan_7/Linux-Test-Framework/output/host/bin/arm-buildroot-linux-uclibcgnueabihf-gcc -qversion >&5
arm-buildroot-linux-uclibcgnueabihf-gcc.br_real: error: unrecognized command line option '-qversion'; did you mean '--version'?
arm-buildroot-linux-uclibcgnueabihf-gcc.br_real: fatal error: no input files
compilation terminated.
configure:3528: $? = 1
configure:3548: checking whether the C compiler works
configure:3570: /home/epl/Jan_7/Linux-Test-Framework/output/host/bin/arm-buildroot-linux-uclibcgnueabihf-gcc -D_LARGEFILE_SOURCE -D_LARGEFILE64_SOURCE -D_FILE_OFFSET_BITS=64  -Os  -D_LARGEFILE_SOURCE -D_LARGEFILE64_SOURCE -D_FILE_OFFSET_BITS=64  conftest.c  >&5
configure:3574: $? = 0
configure:3623: result: yes
configure:3626: checking for C compiler default output file name
configure:3628: result: a.out
configure:3634: checking for suffix of executables
configure:3641: /home/epl/Jan_7/Linux-Test-Framework/output/host/bin/arm-buildroot-linux-uclibcgnueabihf-gcc -o conftest -D_LARGEFILE_SOURCE -D_LARGEFILE64_SOURCE -D_FILE_OFFSET_BITS=64  -Os  -D_LARGEFILE_SOURCE -D_LARGEFILE64_SOURCE -D_FILE_OFFSET_BITS=64  conftest.c  >&5
configure:3645: $? = 0
configure:3667: result: 
configure:3689: checking whether we are cross compiling
configure:3727: result: yes
configure:3732: checking for suffix of object files
configure:3754: /home/epl/Jan_7/Linux-Test-Framework/output/host/bin/arm-buildroot-linux-uclibcgnueabihf-gcc -c -D_LARGEFILE_SOURCE -D_LARGEFILE64_SOURCE -D_FILE_OFFSET_BITS=64  -Os  -D_LARGEFILE_SOURCE -D_LARGEFILE64_SOURCE -D_FILE_OFFSET_BITS=64 conftest.c >&5
configure:3758: $? = 0
configure:3779: result: o
configure:3783: checking whether we are using the GNU C compiler
configure:3802: /home/epl/Jan_7/Linux-Test-Framework/output/host/bin/arm-buildroot-linux-uclibcgnueabihf-gcc -c -D_LARGEFILE_SOURCE -D_LARGEFILE64_SOURCE -D_FILE_OFFSET_BITS=64  -Os  -D_LARGEFILE_SOURCE -D_LARGEFILE64_SOURCE -D_FILE_OFFSET_BITS=64 conftest.c >&5
configure:3802: $? = 0
configure:3811: result: yes
configure:3820: checking whether /home/epl/Jan_7/Linux-Test-Framework/output/host/bin/arm-buildroot-linux-uclibcgnueabihf-gcc accepts -g
configure:3840: /home/epl/Jan_7/Linux-Test-Framework/output/host/bin/arm-buildroot-linux-uclibcgnueabihf-gcc -c -g -D_LARGEFILE_SOURCE -D_LARGEFILE64_SOURCE -D_FILE_OFFSET_BITS=64 conftest.c >&5
configure:3840: $? = 0
configure:3881: result: yes
configure:3898: checking for /home/epl/Jan_7/Linux-Test-Framework/output/host/bin/arm-buildroot-linux-uclibcgnueabihf-gcc option to accept ISO C89
configure:3962: /home/epl/Jan_7/Linux-Test-Framework/output/host/bin/arm-buildroot-linux-uclibcgnueabihf-gcc  -c -D_LARGEFILE_SOURCE -D_LARGEFILE64_SOURCE -D_FILE_OFFSET_BITS=64  -Os  -D_LARGEFILE_SOURCE -D_LARGEFILE64_SOURCE -D_FILE_OFFSET_BITS=64 conftest.c >&5
configure:3962: $? = 0
configure:3975: result: none needed
configure:4006: checking for style of include used by make
configure:4034: result: GNU
configure:4059: checking dependency style of /home/epl/Jan_7/Linux-Test-Framework/output/host/bin/arm-buildroot-linux-uclibcgnueabihf-gcc
configure:4169: result: none
configure:4185: checking whether make sets $(MAKE)
configure:4207: result: yes
configure:4241: checking for a sed that does not truncate output
configure:4305: result: /bin/sed
configure:4323: checking for grep that handles long lines and -e
configure:4381: result: /bin/grep
configure:4386: checking for egrep
configure:4448: result: /bin/grep -E
configure:4453: checking for fgrep
configure:4515: result: /bin/grep -F
configure:4550: checking for ld used by /home/epl/Jan_7/Linux-Test-Framework/output/host/bin/arm-buildroot-linux-uclibcgnueabihf-gcc
configure:4617: result: /home/epl/Jan_7/Linux-Test-Framework/output/host/bin/arm-buildroot-linux-uclibcgnueabihf-ld
configure:4624: checking if the linker (/home/epl/Jan_7/Linux-Test-Framework/output/host/bin/arm-buildroot-linux-uclibcgnueabihf-ld) is GNU ld
configure:4639: result: yes
configure:4651: checking for BSD- or MS-compatible name lister (nm)
configure:4700: result: /home/epl/Jan_7/Linux-Test-Framework/output/host/bin/arm-buildroot-linux-uclibcgnueabihf-nm
configure:4818: checking the name lister (/home/epl/Jan_7/Linux-Test-Framework/output/host/bin/arm-buildroot-linux-uclibcgnueabihf-nm) interface
configure:4825: /home/epl/Jan_7/Linux-Test-Framework/output/host/bin/arm-buildroot-linux-uclibcgnueabihf-gcc -c -D_LARGEFILE_SOURCE -D_LARGEFILE64_SOURCE -D_FILE_OFFSET_BITS=64  -Os  -D_LARGEFILE_SOURCE -D_LARGEFILE64_SOURCE -D_FILE_OFFSET_BITS=64 conftest.c >&5
configure:4828: /home/epl/Jan_7/Linux-Test-Framework/output/host/bin/arm-buildroot-linux-uclibcgnueabihf-nm "conftest.o"
configure:4831: output
00000000 B some_variable
configure:4838: result: BSD nm
configure:4841: checking whether ln -s works
configure:4845: result: yes
configure:4853: checking the maximum length of command line arguments
configure:4973: result: 1572864
configure:4990: checking whether the shell understands some XSI constructs
configure:5000: result: yes
configure:5004: checking whether the shell understands "+="
configure:5010: result: yes
configure:5045: checking for /home/epl/Jan_7/Linux-Test-Framework/output/host/bin/arm-buildroot-linux-uclibcgnueabihf-ld option to reload object files
configure:5052: result: -r
configure:5081: checking for arm-buildroot-linux-uclibcgnueabihf-objdump
configure:5108: result: /home/epl/Jan_7/Linux-Test-Framework/output/host/bin/arm-buildroot-linux-uclibcgnueabihf-objdump
configure:5180: checking how to recognize dependent libraries
configure:5376: result: pass_all
configure:5396: checking for arm-buildroot-linux-uclibcgnueabihf-ar
configure:5423: result: /home/epl/Jan_7/Linux-Test-Framework/output/host/bin/arm-buildroot-linux-uclibcgnueabihf-ar
configure:5501: checking for arm-buildroot-linux-uclibcgnueabihf-strip
configure:5528: result: /home/epl/Jan_7/Linux-Test-Framework/output/host/bin/arm-buildroot-linux-uclibcgnueabihf-strip
configure:5600: checking for arm-buildroot-linux-uclibcgnueabihf-ranlib
configure:5627: result: /home/epl/Jan_7/Linux-Test-Framework/output/host/bin/arm-buildroot-linux-uclibcgnueabihf-ranlib
configure:5757: checking command to parse /home/epl/Jan_7/Linux-Test-Framework/output/host/bin/arm-buildroot-linux-uclibcgnueabihf-nm output from /home/epl/Jan_7/Linux-Test-Framework/output/host/bin/arm-buildroot-linux-uclibcgnueabihf-gcc object
configure:5875: /home/epl/Jan_7/Linux-Test-Framework/output/host/bin/arm-buildroot-linux-uclibcgnueabihf-gcc -c -D_LARGEFILE_SOURCE -D_LARGEFILE64_SOURCE -D_FILE_OFFSET_BITS=64  -Os  -D_LARGEFILE_SOURCE -D_LARGEFILE64_SOURCE -D_FILE_OFFSET_BITS=64 conftest.c >&5
configure:5878: $? = 0
configure:5882: /home/epl/Jan_7/Linux-Test-Framework/output/host/bin/arm-buildroot-linux-uclibcgnueabihf-nm conftest.o \| sed -n -e 's/^.*[	 ]\([ABCDGIRSTW][ABCDGIRSTW]*\)[	 ][	 ]*\([_A-Za-z][_A-Za-z0-9]*\)$/\1 \2 \2/p' \> conftest.nm
configure:5885: $? = 0
configure:5939: /home/epl/Jan_7/Linux-Test-Framework/output/host/bin/arm-buildroot-linux-uclibcgnueabihf-gcc -o conftest -D_LARGEFILE_SOURCE -D_LARGEFILE64_SOURCE -D_FILE_OFFSET_BITS=64  -Os  -D_LARGEFILE_SOURCE -D_LARGEFILE64_SOURCE -D_FILE_OFFSET_BITS=64  conftest.c conftstm.o >&5
configure:5942: $? = 0
configure:5980: result: ok
configure:6789: checking how to run the C preprocessor
configure:6859: result: /home/epl/Jan_7/Linux-Test-Framework/output/host/bin/arm-buildroot-linux-uclibcgnueabihf-cpp
configure:6879: /home/epl/Jan_7/Linux-Test-Framework/output/host/bin/arm-buildroot-linux-uclibcgnueabihf-cpp -D_LARGEFILE_SOURCE -D_LARGEFILE64_SOURCE -D_FILE_OFFSET_BITS=64 conftest.c
configure:6879: $? = 0
configure:6893: /home/epl/Jan_7/Linux-Test-Framework/output/host/bin/arm-buildroot-linux-uclibcgnueabihf-cpp -D_LARGEFILE_SOURCE -D_LARGEFILE64_SOURCE -D_FILE_OFFSET_BITS=64 conftest.c
conftest.c:11:28: fatal error: ac_nonexistent.h: No such file or directory
 #include <ac_nonexistent.h>
                            ^
compilation terminated.
configure:6893: $? = 1
configure: failed program was:
| /* confdefs.h */
| #define PACKAGE_NAME ""
| #define PACKAGE_TARNAME ""
| #define PACKAGE_VERSION ""
| #define PACKAGE_STRING ""
| #define PACKAGE_BUGREPORT ""
| #define PACKAGE_URL ""
| #define PACKAGE "libesmtp"
| #define VERSION "1.0.6"
| /* end confdefs.h.  */
| #include <ac_nonexistent.h>
configure:6922: checking for ANSI C header files
configure:6942: /home/epl/Jan_7/Linux-Test-Framework/output/host/bin/arm-buildroot-linux-uclibcgnueabihf-gcc -c -D_LARGEFILE_SOURCE -D_LARGEFILE64_SOURCE -D_FILE_OFFSET_BITS=64  -Os  -D_LARGEFILE_SOURCE -D_LARGEFILE64_SOURCE -D_FILE_OFFSET_BITS=64 conftest.c >&5
configure:6942: $? = 0
configure:7026: result: yes
configure:7039: checking for sys/types.h
configure:7039: /home/epl/Jan_7/Linux-Test-Framework/output/host/bin/arm-buildroot-linux-uclibcgnueabihf-gcc -c -D_LARGEFILE_SOURCE -D_LARGEFILE64_SOURCE -D_FILE_OFFSET_BITS=64  -Os  -D_LARGEFILE_SOURCE -D_LARGEFILE64_SOURCE -D_FILE_OFFSET_BITS=64 conftest.c >&5
configure:7039: $? = 0
configure:7039: result: yes
configure:7039: checking for sys/stat.h
configure:7039: /home/epl/Jan_7/Linux-Test-Framework/output/host/bin/arm-buildroot-linux-uclibcgnueabihf-gcc -c -D_LARGEFILE_SOURCE -D_LARGEFILE64_SOURCE -D_FILE_OFFSET_BITS=64  -Os  -D_LARGEFILE_SOURCE -D_LARGEFILE64_SOURCE -D_FILE_OFFSET_BITS=64 conftest.c >&5
configure:7039: $? = 0
configure:7039: result: yes
configure:7039: checking for stdlib.h
configure:7039: /home/epl/Jan_7/Linux-Test-Framework/output/host/bin/arm-buildroot-linux-uclibcgnueabihf-gcc -c -D_LARGEFILE_SOURCE -D_LARGEFILE64_SOURCE -D_FILE_OFFSET_BITS=64  -Os  -D_LARGEFILE_SOURCE -D_LARGEFILE64_SOURCE -D_FILE_OFFSET_BITS=64 conftest.c >&5
configure:7039: $? = 0
configure:7039: result: yes
configure:7039: checking for string.h
configure:7039: /home/epl/Jan_7/Linux-Test-Framework/output/host/bin/arm-buildroot-linux-uclibcgnueabihf-gcc -c -D_LARGEFILE_SOURCE -D_LARGEFILE64_SOURCE -D_FILE_OFFSET_BITS=64  -Os  -D_LARGEFILE_SOURCE -D_LARGEFILE64_SOURCE -D_FILE_OFFSET_BITS=64 conftest.c >&5
configure:7039: $? = 0
configure:7039: result: yes
configure:7039: checking for memory.h
configure:7039: /home/epl/Jan_7/Linux-Test-Framework/output/host/bin/arm-buildroot-linux-uclibcgnueabihf-gcc -c -D_LARGEFILE_SOURCE -D_LARGEFILE64_SOURCE -D_FILE_OFFSET_BITS=64  -Os  -D_LARGEFILE_SOURCE -D_LARGEFILE64_SOURCE -D_FILE_OFFSET_BITS=64 conftest.c >&5
configure:7039: $? = 0
configure:7039: result: yes
configure:7039: checking for strings.h
configure:7039: /home/epl/Jan_7/Linux-Test-Framework/output/host/bin/arm-buildroot-linux-uclibcgnueabihf-gcc -c -D_LARGEFILE_SOURCE -D_LARGEFILE64_SOURCE -D_FILE_OFFSET_BITS=64  -Os  -D_LARGEFILE_SOURCE -D_LARGEFILE64_SOURCE -D_FILE_OFFSET_BITS=64 conftest.c >&5
configure:7039: $? = 0
configure:7039: result: yes
configure:7039: checking for inttypes.h
configure:7039: /home/epl/Jan_7/Linux-Test-Framework/output/host/bin/arm-buildroot-linux-uclibcgnueabihf-gcc -c -D_LARGEFILE_SOURCE -D_LARGEFILE64_SOURCE -D_FILE_OFFSET_BITS=64  -Os  -D_LARGEFILE_SOURCE -D_LARGEFILE64_SOURCE -D_FILE_OFFSET_BITS=64 conftest.c >&5
configure:7039: $? = 0
configure:7039: result: yes
configure:7039: checking for stdint.h
configure:7039: /home/epl/Jan_7/Linux-Test-Framework/output/host/bin/arm-buildroot-linux-uclibcgnueabihf-gcc -c -D_LARGEFILE_SOURCE -D_LARGEFILE64_SOURCE -D_FILE_OFFSET_BITS=64  -Os  -D_LARGEFILE_SOURCE -D_LARGEFILE64_SOURCE -D_FILE_OFFSET_BITS=64 conftest.c >&5
configure:7039: $? = 0
configure:7039: result: yes
configure:7039: checking for unistd.h
configure:7039: /home/epl/Jan_7/Linux-Test-Framework/output/host/bin/arm-buildroot-linux-uclibcgnueabihf-gcc -c -D_LARGEFILE_SOURCE -D_LARGEFILE64_SOURCE -D_FILE_OFFSET_BITS=64  -Os  -D_LARGEFILE_SOURCE -D_LARGEFILE64_SOURCE -D_FILE_OFFSET_BITS=64 conftest.c >&5
configure:7039: $? = 0
configure:7039: result: yes
configure:7054: checking for dlfcn.h
configure:7054: /home/epl/Jan_7/Linux-Test-Framework/output/host/bin/arm-buildroot-linux-uclibcgnueabihf-gcc -c -D_LARGEFILE_SOURCE -D_LARGEFILE64_SOURCE -D_FILE_OFFSET_BITS=64  -Os  -D_LARGEFILE_SOURCE -D_LARGEFILE64_SOURCE -D_FILE_OFFSET_BITS=64 conftest.c >&5
configure:7054: $? = 0
configure:7054: result: yes
configure:7238: checking for objdir
configure:7253: result: .libs
configure:7545: checking if /home/epl/Jan_7/Linux-Test-Framework/output/host/bin/arm-buildroot-linux-uclibcgnueabihf-gcc supports -fno-rtti -fno-exceptions
configure:7563: /home/epl/Jan_7/Linux-Test-Framework/output/host/bin/arm-buildroot-linux-uclibcgnueabihf-gcc -c -D_LARGEFILE_SOURCE -D_LARGEFILE64_SOURCE -D_FILE_OFFSET_BITS=64  -Os  -D_LARGEFILE_SOURCE -D_LARGEFILE64_SOURCE -D_FILE_OFFSET_BITS=64 -fno-rtti -fno-exceptions conftest.c >&5
cc1: warning: command line option '-fno-rtti' is valid for C++/ObjC++ but not for C
configure:7567: $? = 0
configure:7580: result: no
configure:7600: checking for /home/epl/Jan_7/Linux-Test-Framework/output/host/bin/arm-buildroot-linux-uclibcgnueabihf-gcc option to produce PIC
configure:7872: result: -fPIC -DPIC
configure:7884: checking if /home/epl/Jan_7/Linux-Test-Framework/output/host/bin/arm-buildroot-linux-uclibcgnueabihf-gcc PIC flag -fPIC -DPIC works
configure:7902: /home/epl/Jan_7/Linux-Test-Framework/output/host/bin/arm-buildroot-linux-uclibcgnueabihf-gcc -c -D_LARGEFILE_SOURCE -D_LARGEFILE64_SOURCE -D_FILE_OFFSET_BITS=64  -Os  -D_LARGEFILE_SOURCE -D_LARGEFILE64_SOURCE -D_FILE_OFFSET_BITS=64 -fPIC -DPIC -DPIC conftest.c >&5
configure:7906: $? = 0
configure:7919: result: yes
configure:7943: checking if /home/epl/Jan_7/Linux-Test-Framework/output/host/bin/arm-buildroot-linux-uclibcgnueabihf-gcc static flag -static works
configure:7971: result: yes
configure:7986: checking if /home/epl/Jan_7/Linux-Test-Framework/output/host/bin/arm-buildroot-linux-uclibcgnueabihf-gcc supports -c -o file.o
configure:8007: /home/epl/Jan_7/Linux-Test-Framework/output/host/bin/arm-buildroot-linux-uclibcgnueabihf-gcc -c -D_LARGEFILE_SOURCE -D_LARGEFILE64_SOURCE -D_FILE_OFFSET_BITS=64  -Os  -D_LARGEFILE_SOURCE -D_LARGEFILE64_SOURCE -D_FILE_OFFSET_BITS=64 -o out/conftest2.o conftest.c >&5
configure:8011: $? = 0
configure:8033: result: yes
configure:8041: checking if /home/epl/Jan_7/Linux-Test-Framework/output/host/bin/arm-buildroot-linux-uclibcgnueabihf-gcc supports -c -o file.o
configure:8088: result: yes
configure:8121: checking whether the /home/epl/Jan_7/Linux-Test-Framework/output/host/bin/arm-buildroot-linux-uclibcgnueabihf-gcc linker (/home/epl/Jan_7/Linux-Test-Framework/output/host/bin/arm-buildroot-linux-uclibcgnueabihf-ld) supports shared libraries
configure:9112: result: yes
configure:9149: checking whether -lc should be explicitly linked in
configure:9154: /home/epl/Jan_7/Linux-Test-Framework/output/host/bin/arm-buildroot-linux-uclibcgnueabihf-gcc -c -D_LARGEFILE_SOURCE -D_LARGEFILE64_SOURCE -D_FILE_OFFSET_BITS=64  -Os  -D_LARGEFILE_SOURCE -D_LARGEFILE64_SOURCE -D_FILE_OFFSET_BITS=64 conftest.c >&5
configure:9157: $? = 0
configure:9172: /home/epl/Jan_7/Linux-Test-Framework/output/host/bin/arm-buildroot-linux-uclibcgnueabihf-gcc -shared conftest.o  -v -Wl,-soname -Wl,conftest -o conftest 2\>\&1 \| /bin/grep  -lc  \>/dev/null 2\>\&1
configure:9175: $? = 0
configure:9187: result: no
configure:9351: checking dynamic linker characteristics
configure:9784: /home/epl/Jan_7/Linux-Test-Framework/output/host/bin/arm-buildroot-linux-uclibcgnueabihf-gcc -o conftest -D_LARGEFILE_SOURCE -D_LARGEFILE64_SOURCE -D_FILE_OFFSET_BITS=64  -Os  -D_LARGEFILE_SOURCE -D_LARGEFILE64_SOURCE -D_FILE_OFFSET_BITS=64  -Wl,-rpath -Wl,/foo conftest.c  >&5
configure:9784: $? = 0
configure:10014: result: GNU/Linux ld.so
configure:10116: checking how to hardcode library paths into programs
configure:10141: result: immediate
configure:10661: checking whether stripping libraries is possible
configure:10666: result: yes
configure:10701: checking if libtool supports shared libraries
configure:10703: result: yes
configure:10706: checking whether to build shared libraries
configure:10727: result: yes
configure:10730: checking whether to build static libraries
configure:10734: result: no
configure:10846: checking for library containing dlsym
configure:10877: /home/epl/Jan_7/Linux-Test-Framework/output/host/bin/arm-buildroot-linux-uclibcgnueabihf-gcc -o conftest -std=c99 -pedantic -D_LARGEFILE_SOURCE -D_LARGEFILE64_SOURCE -D_FILE_OFFSET_BITS=64  -Os  -D_LARGEFILE_SOURCE -D_LARGEFILE64_SOURCE -D_FILE_OFFSET_BITS=64  conftest.c  >&5
configure:10877: $? = 0
configure:10894: result: none required
configure:10986: checking pthread.h usability
configure:10986: /home/epl/Jan_7/Linux-Test-Framework/output/host/bin/arm-buildroot-linux-uclibcgnueabihf-gcc -c -std=c99 -pedantic -D_LARGEFILE_SOURCE -D_LARGEFILE64_SOURCE -D_FILE_OFFSET_BITS=64  -Os  -D_LARGEFILE_SOURCE -D_LARGEFILE64_SOURCE -D_FILE_OFFSET_BITS=64 conftest.c >&5
configure:10986: $? = 0
configure:10986: result: yes
configure:10986: checking pthread.h presence
configure:10986: /home/epl/Jan_7/Linux-Test-Framework/output/host/bin/arm-buildroot-linux-uclibcgnueabihf-cpp -D_LARGEFILE_SOURCE -D_LARGEFILE64_SOURCE -D_FILE_OFFSET_BITS=64 conftest.c
configure:10986: $? = 0
configure:10986: result: yes
configure:10986: checking for pthread.h
configure:10986: result: yes
configure:11103: checking for the pthreads library -lpthreads
configure:11138: /home/epl/Jan_7/Linux-Test-Framework/output/host/bin/arm-buildroot-linux-uclibcgnueabihf-gcc -o conftest -std=c99 -pedantic -D_LARGEFILE_SOURCE -D_LARGEFILE64_SOURCE -D_FILE_OFFSET_BITS=64  -Os   -D_LARGEFILE_SOURCE -D_LARGEFILE64_SOURCE -D_FILE_OFFSET_BITS=64   conftest.c -lpthreads  >&5
/home/epl/Jan_7/Linux-Test-Framework/output/host/lib/gcc/arm-buildroot-linux-uclibcgnueabihf/6.4.0/../../../../arm-buildroot-linux-uclibcgnueabihf/bin/ld: cannot find -lpthreads
collect2: error: ld returned 1 exit status
configure:11138: $? = 1
configure: failed program was:
| /* confdefs.h */
| #define PACKAGE_NAME ""
| #define PACKAGE_TARNAME ""
| #define PACKAGE_VERSION ""
| #define PACKAGE_STRING ""
| #define PACKAGE_BUGREPORT ""
| #define PACKAGE_URL ""
| #define PACKAGE "libesmtp"
| #define VERSION "1.0.6"
| #define STDC_HEADERS 1
| #define HAVE_SYS_TYPES_H 1
| #define HAVE_SYS_STAT_H 1
| #define HAVE_STDLIB_H 1
| #define HAVE_STRING_H 1
| #define HAVE_MEMORY_H 1
| #define HAVE_STRINGS_H 1
| #define HAVE_INTTYPES_H 1
| #define HAVE_STDINT_H 1
| #define HAVE_UNISTD_H 1
| #define HAVE_DLFCN_H 1
| #define LT_OBJDIR ".libs/"
| #define _GNU_SOURCE 1
| #define _ISOC9X_SOURCE 1
| #define _ISOC99_SOURCE 1
| #define _POSIX_C_SOURCE 199506L
| #define _XOPEN_SOURCE 500
| #define HAVE_DLSYM 1
| /* end confdefs.h.  */
| #include <pthread.h>
| int
| main ()
| {
| pthread_t th; pthread_join(th, 0);
|                      pthread_attr_init(0); pthread_cleanup_push(0, 0);
|                      pthread_create(0,0,0,0); pthread_cleanup_pop(0);
|   ;
|   return 0;
| }
configure:11148: result: no
configure:11091: checking whether pthreads work without any flags
configure:11138: /home/epl/Jan_7/Linux-Test-Framework/output/host/bin/arm-buildroot-linux-uclibcgnueabihf-gcc -o conftest -std=c99 -pedantic -D_LARGEFILE_SOURCE -D_LARGEFILE64_SOURCE -D_FILE_OFFSET_BITS=64  -Os   -D_LARGEFILE_SOURCE -D_LARGEFILE64_SOURCE -D_FILE_OFFSET_BITS=64   conftest.c   >&5
configure:11138: $? = 0
configure:11148: result: yes
configure:11171: checking for joinable pthread attribute
configure:11184: /home/epl/Jan_7/Linux-Test-Framework/output/host/bin/arm-buildroot-linux-uclibcgnueabihf-gcc -o conftest -std=c99 -pedantic -D_LARGEFILE_SOURCE -D_LARGEFILE64_SOURCE -D_FILE_OFFSET_BITS=64  -Os   -D_LARGEFILE_SOURCE -D_LARGEFILE64_SOURCE -D_FILE_OFFSET_BITS=64   conftest.c   >&5
configure:11184: $? = 0
configure:11216: result: PTHREAD_CREATE_JOINABLE
configure:11223: checking if more special flags are required for pthreads
configure:11230: result: no
configure:11243: checking for cc_r
configure:11271: result: /home/epl/Jan_7/Linux-Test-Framework/output/host/bin/arm-buildroot-linux-uclibcgnueabihf-gcc
configure:11305: checking whether to use Posix Threads
configure:11315: result: yes
configure:11414: checking for library containing getaddrinfo
configure:11445: /home/epl/Jan_7/Linux-Test-Framework/output/host/bin/arm-buildroot-linux-uclibcgnueabihf-gcc -o conftest  -std=c99 -pedantic -D_LARGEFILE_SOURCE -D_LARGEFILE64_SOURCE -D_FILE_OFFSET_BITS=64  -Os  -D_LARGEFILE_SOURCE -D_LARGEFILE64_SOURCE -D_FILE_OFFSET_BITS=64   conftest.c   >&5
configure:11445: $? = 0
configure:11462: result: none required
configure:11884: checking openssl/ssl.h usability
configure:11884: /home/epl/Jan_7/Linux-Test-Framework/output/host/bin/arm-buildroot-linux-uclibcgnueabihf-gcc -c  -std=c99 -pedantic -D_LARGEFILE_SOURCE -D_LARGEFILE64_SOURCE -D_FILE_OFFSET_BITS=64  -Os  -D_LARGEFILE_SOURCE -D_LARGEFILE64_SOURCE -D_FILE_OFFSET_BITS=64 conftest.c >&5
configure:11884: $? = 0
configure:11884: result: yes
configure:11884: checking openssl/ssl.h presence
configure:11884: /home/epl/Jan_7/Linux-Test-Framework/output/host/bin/arm-buildroot-linux-uclibcgnueabihf-cpp -D_LARGEFILE_SOURCE -D_LARGEFILE64_SOURCE -D_FILE_OFFSET_BITS=64 conftest.c
configure:11884: $? = 0
configure:11884: result: yes
configure:11884: checking for openssl/ssl.h
configure:11884: result: yes
configure:11899: checking for SSL_library_init in -lssl
configure:11925: /home/epl/Jan_7/Linux-Test-Framework/output/host/bin/arm-buildroot-linux-uclibcgnueabihf-gcc -o conftest  -std=c99 -pedantic -D_LARGEFILE_SOURCE -D_LARGEFILE64_SOURCE -D_FILE_OFFSET_BITS=64  -Os  -D_LARGEFILE_SOURCE -D_LARGEFILE64_SOURCE -D_FILE_OFFSET_BITS=64   conftest.c -lssl -lcrypto
	   >&5
configure:11925: $? = 0
configure:11934: result: yes
configure:12005: checking openssl/md5.h usability
configure:12005: /home/epl/Jan_7/Linux-Test-Framework/output/host/bin/arm-buildroot-linux-uclibcgnueabihf-gcc -c  -std=c99 -pedantic -D_LARGEFILE_SOURCE -D_LARGEFILE64_SOURCE -D_FILE_OFFSET_BITS=64  -Os  -D_LARGEFILE_SOURCE -D_LARGEFILE64_SOURCE -D_FILE_OFFSET_BITS=64 conftest.c >&5
configure:12005: $? = 0
configure:12005: result: yes
configure:12005: checking openssl/md5.h presence
configure:12005: /home/epl/Jan_7/Linux-Test-Framework/output/host/bin/arm-buildroot-linux-uclibcgnueabihf-cpp -D_LARGEFILE_SOURCE -D_LARGEFILE64_SOURCE -D_FILE_OFFSET_BITS=64 conftest.c
configure:12005: $? = 0
configure:12005: result: yes
configure:12005: checking for openssl/md5.h
configure:12005: result: yes
configure:12008: checking for MD5_Init in -lcrypto
configure:12033: /home/epl/Jan_7/Linux-Test-Framework/output/host/bin/arm-buildroot-linux-uclibcgnueabihf-gcc -o conftest  -std=c99 -pedantic -D_LARGEFILE_SOURCE -D_LARGEFILE64_SOURCE -D_FILE_OFFSET_BITS=64  -Os  -D_LARGEFILE_SOURCE -D_LARGEFILE64_SOURCE -D_FILE_OFFSET_BITS=64   conftest.c -lcrypto  -lssl -lcrypto   >&5
configure:12033: $? = 0
configure:12042: result: yes
configure:12074: checking whether to enable NTLM authentication
configure:12132: result: no
configure:12143: checking whether to enable STARTTLS
configure:12146: result: yes
configure:12165: checking whether to enable CHUNKING
configure:12168: result: yes
configure:12187: checking whether to enable ETRN
configure:12196: result: no
configure:12209: checking whether to enable sendmail XUSR
configure:12212: result: yes
configure:12231: checking whether to enable non-standard EHLO AUTH= response
configure:12234: result: yes
configure:12264: checking for ANSI C header files
configure:12368: result: yes
configure:12379: checking sys/ioctl.h usability
configure:12379: /home/epl/Jan_7/Linux-Test-Framework/output/host/bin/arm-buildroot-linux-uclibcgnueabihf-gcc -c  -std=c99 -pedantic -D_LARGEFILE_SOURCE -D_LARGEFILE64_SOURCE -D_FILE_OFFSET_BITS=64  -Os  -D_LARGEFILE_SOURCE -D_LARGEFILE64_SOURCE -D_FILE_OFFSET_BITS=64 conftest.c >&5
configure:12379: $? = 0
configure:12379: result: yes
configure:12379: checking sys/ioctl.h presence
configure:12379: /home/epl/Jan_7/Linux-Test-Framework/output/host/bin/arm-buildroot-linux-uclibcgnueabihf-cpp -D_LARGEFILE_SOURCE -D_LARGEFILE64_SOURCE -D_FILE_OFFSET_BITS=64 conftest.c
configure:12379: $? = 0
configure:12379: result: yes
configure:12379: checking for sys/ioctl.h
configure:12379: result: yes
configure:12379: checking for unistd.h
configure:12379: result: yes
configure:12392: checking for an ANSI C-conforming const
configure:12457: /home/epl/Jan_7/Linux-Test-Framework/output/host/bin/arm-buildroot-linux-uclibcgnueabihf-gcc -c  -std=c99 -pedantic -D_LARGEFILE_SOURCE -D_LARGEFILE64_SOURCE -D_FILE_OFFSET_BITS=64  -Os  -D_LARGEFILE_SOURCE -D_LARGEFILE64_SOURCE -D_FILE_OFFSET_BITS=64 conftest.c >&5
configure:12457: $? = 0
configure:12464: result: yes
configure:12472: checking for inline
configure:12488: /home/epl/Jan_7/Linux-Test-Framework/output/host/bin/arm-buildroot-linux-uclibcgnueabihf-gcc -c  -std=c99 -pedantic -D_LARGEFILE_SOURCE -D_LARGEFILE64_SOURCE -D_FILE_OFFSET_BITS=64  -Os  -D_LARGEFILE_SOURCE -D_LARGEFILE64_SOURCE -D_FILE_OFFSET_BITS=64 conftest.c >&5
configure:12488: $? = 0
configure:12496: result: inline
configure:12514: checking whether byte ordering is bigendian
configure:12720: result: no
configure:12738: checking whether struct tm is in sys/time.h or time.h
configure:12758: /home/epl/Jan_7/Linux-Test-Framework/output/host/bin/arm-buildroot-linux-uclibcgnueabihf-gcc -c  -std=c99 -pedantic -D_LARGEFILE_SOURCE -D_LARGEFILE64_SOURCE -D_FILE_OFFSET_BITS=64  -Os  -D_LARGEFILE_SOURCE -D_LARGEFILE64_SOURCE -D_FILE_OFFSET_BITS=64 conftest.c >&5
configure:12758: $? = 0
configure:12765: result: time.h
configure:12773: checking whether time.h and sys/time.h may both be included
configure:12793: /home/epl/Jan_7/Linux-Test-Framework/output/host/bin/arm-buildroot-linux-uclibcgnueabihf-gcc -c  -std=c99 -pedantic -D_LARGEFILE_SOURCE -D_LARGEFILE64_SOURCE -D_FILE_OFFSET_BITS=64  -Os  -D_LARGEFILE_SOURCE -D_LARGEFILE64_SOURCE -D_FILE_OFFSET_BITS=64 conftest.c >&5
configure:12793: $? = 0
configure:12800: result: yes
configure:12808: checking for struct tm.tm_zone
configure:12808: /home/epl/Jan_7/Linux-Test-Framework/output/host/bin/arm-buildroot-linux-uclibcgnueabihf-gcc -c  -std=c99 -pedantic -D_LARGEFILE_SOURCE -D_LARGEFILE64_SOURCE -D_FILE_OFFSET_BITS=64  -Os  -D_LARGEFILE_SOURCE -D_LARGEFILE64_SOURCE -D_FILE_OFFSET_BITS=64 conftest.c >&5
configure:12808: $? = 0
configure:12808: result: yes
configure:12880: checking size of unsigned short
configure:12885: /home/epl/Jan_7/Linux-Test-Framework/output/host/bin/arm-buildroot-linux-uclibcgnueabihf-gcc -c  -std=c99 -pedantic -D_LARGEFILE_SOURCE -D_LARGEFILE64_SOURCE -D_FILE_OFFSET_BITS=64  -Os  -D_LARGEFILE_SOURCE -D_LARGEFILE64_SOURCE -D_FILE_OFFSET_BITS=64 conftest.c >&5
configure:12885: $? = 0
configure:12885: /home/epl/Jan_7/Linux-Test-Framework/output/host/bin/arm-buildroot-linux-uclibcgnueabihf-gcc -c  -std=c99 -pedantic -D_LARGEFILE_SOURCE -D_LARGEFILE64_SOURCE -D_FILE_OFFSET_BITS=64  -Os  -D_LARGEFILE_SOURCE -D_LARGEFILE64_SOURCE -D_FILE_OFFSET_BITS=64 conftest.c >&5
conftest.c: In function 'main':
conftest.c:81:12: error: size of array 'test_array' is negative
 static int test_array [1 - 2 * !(((long int) (sizeof (unsigned short))) <= 0)];
            ^~~~~~~~~~
configure:12885: $? = 1
configure: failed program was:
| /* confdefs.h */
| #define PACKAGE_NAME ""
| #define PACKAGE_TARNAME ""
| #define PACKAGE_VERSION ""
| #define PACKAGE_STRING ""
| #define PACKAGE_BUGREPORT ""
| #define PACKAGE_URL ""
| #define PACKAGE "libesmtp"
| #define VERSION "1.0.6"
| #define STDC_HEADERS 1
| #define HAVE_SYS_TYPES_H 1
| #define HAVE_SYS_STAT_H 1
| #define HAVE_STDLIB_H 1
| #define HAVE_STRING_H 1
| #define HAVE_MEMORY_H 1
| #define HAVE_STRINGS_H 1
| #define HAVE_INTTYPES_H 1
| #define HAVE_STDINT_H 1
| #define HAVE_UNISTD_H 1
| #define HAVE_DLFCN_H 1
| #define LT_OBJDIR ".libs/"
| #define _GNU_SOURCE 1
| #define _ISOC9X_SOURCE 1
| #define _ISOC99_SOURCE 1
| #define _POSIX_C_SOURCE 199506L
| #define _XOPEN_SOURCE 500
| #define HAVE_DLSYM 1
| #define USE_PTHREADS 1
| #define HAVE_GETADDRINFO 1
| #define USE_SASL 1
| #define AUTHPLUGINDIR "/usr/lib/esmtp-plugins"
| #define HAVE_LIBCRYPTO 1
| #define USE_TLS 1
| #define USE_CHUNKING 1
| #define USE_XUSR 1
| #define AUTH_ID_HACK 1
| #define NDEBUG 1
| #define STDC_HEADERS 1
| #define HAVE_SYS_IOCTL_H 1
| #define HAVE_UNISTD_H 1
| #define TIME_WITH_SYS_TIME 1
| #define HAVE_STRUCT_TM_TM_ZONE 1
| #define HAVE_TM_ZONE 1
| /* end confdefs.h.  */
| #include <stdio.h>
| #ifdef HAVE_SYS_TYPES_H
| # include <sys/types.h>
| #endif
| #ifdef HAVE_SYS_STAT_H
| # include <sys/stat.h>
| #endif
| #ifdef STDC_HEADERS
| # include <stdlib.h>
| # include <stddef.h>
| #else
| # ifdef HAVE_STDLIB_H
| #  include <stdlib.h>
| # endif
| #endif
| #ifdef HAVE_STRING_H
| # if !defined STDC_HEADERS && defined HAVE_MEMORY_H
| #  include <memory.h>
| # endif
| # include <string.h>
| #endif
| #ifdef HAVE_STRINGS_H
| # include <strings.h>
| #endif
| #ifdef HAVE_INTTYPES_H
| # include <inttypes.h>
| #endif
| #ifdef HAVE_STDINT_H
| # include <stdint.h>
| #endif
| #ifdef HAVE_UNISTD_H
| # include <unistd.h>
| #endif
| int
| main ()
| {
| static int test_array [1 - 2 * !(((long int) (sizeof (unsigned short))) <= 0)];
| test_array [0] = 0
| 
|   ;
|   return 0;
| }
configure:12885: /home/epl/Jan_7/Linux-Test-Framework/output/host/bin/arm-buildroot-linux-uclibcgnueabihf-gcc -c  -std=c99 -pedantic -D_LARGEFILE_SOURCE -D_LARGEFILE64_SOURCE -D_FILE_OFFSET_BITS=64  -Os  -D_LARGEFILE_SOURCE -D_LARGEFILE64_SOURCE -D_FILE_OFFSET_BITS=64 conftest.c >&5
conftest.c: In function 'main':
conftest.c:81:12: error: size of array 'test_array' is negative
 static int test_array [1 - 2 * !(((long int) (sizeof (unsigned short))) <= 1)];
            ^~~~~~~~~~
configure:12885: $? = 1
configure: failed program was:
| /* confdefs.h */
| #define PACKAGE_NAME ""
| #define PACKAGE_TARNAME ""
| #define PACKAGE_VERSION ""
| #define PACKAGE_STRING ""
| #define PACKAGE_BUGREPORT ""
| #define PACKAGE_URL ""
| #define PACKAGE "libesmtp"
| #define VERSION "1.0.6"
| #define STDC_HEADERS 1
| #define HAVE_SYS_TYPES_H 1
| #define HAVE_SYS_STAT_H 1
| #define HAVE_STDLIB_H 1
| #define HAVE_STRING_H 1
| #define HAVE_MEMORY_H 1
| #define HAVE_STRINGS_H 1
| #define HAVE_INTTYPES_H 1
| #define HAVE_STDINT_H 1
| #define HAVE_UNISTD_H 1
| #define HAVE_DLFCN_H 1
| #define LT_OBJDIR ".libs/"
| #define _GNU_SOURCE 1
| #define _ISOC9X_SOURCE 1
| #define _ISOC99_SOURCE 1
| #define _POSIX_C_SOURCE 199506L
| #define _XOPEN_SOURCE 500
| #define HAVE_DLSYM 1
| #define USE_PTHREADS 1
| #define HAVE_GETADDRINFO 1
| #define USE_SASL 1
| #define AUTHPLUGINDIR "/usr/lib/esmtp-plugins"
| #define HAVE_LIBCRYPTO 1
| #define USE_TLS 1
| #define USE_CHUNKING 1
| #define USE_XUSR 1
| #define AUTH_ID_HACK 1
| #define NDEBUG 1
| #define STDC_HEADERS 1
| #define HAVE_SYS_IOCTL_H 1
| #define HAVE_UNISTD_H 1
| #define TIME_WITH_SYS_TIME 1
| #define HAVE_STRUCT_TM_TM_ZONE 1
| #define HAVE_TM_ZONE 1
| /* end confdefs.h.  */
| #include <stdio.h>
| #ifdef HAVE_SYS_TYPES_H
| # include <sys/types.h>
| #endif
| #ifdef HAVE_SYS_STAT_H
| # include <sys/stat.h>
| #endif
| #ifdef STDC_HEADERS
| # include <stdlib.h>
| # include <stddef.h>
| #else
| # ifdef HAVE_STDLIB_H
| #  include <stdlib.h>
| # endif
| #endif
| #ifdef HAVE_STRING_H
| # if !defined STDC_HEADERS && defined HAVE_MEMORY_H
| #  include <memory.h>
| # endif
| # include <string.h>
| #endif
| #ifdef HAVE_STRINGS_H
| # include <strings.h>
| #endif
| #ifdef HAVE_INTTYPES_H
| # include <inttypes.h>
| #endif
| #ifdef HAVE_STDINT_H
| # include <stdint.h>
| #endif
| #ifdef HAVE_UNISTD_H
| # include <unistd.h>
| #endif
| int
| main ()
| {
| static int test_array [1 - 2 * !(((long int) (sizeof (unsigned short))) <= 1)];
| test_array [0] = 0
| 
|   ;
|   return 0;
| }
configure:12885: /home/epl/Jan_7/Linux-Test-Framework/output/host/bin/arm-buildroot-linux-uclibcgnueabihf-gcc -c  -std=c99 -pedantic -D_LARGEFILE_SOURCE -D_LARGEFILE64_SOURCE -D_FILE_OFFSET_BITS=64  -Os  -D_LARGEFILE_SOURCE -D_LARGEFILE64_SOURCE -D_FILE_OFFSET_BITS=64 conftest.c >&5
configure:12885: $? = 0
configure:12885: /home/epl/Jan_7/Linux-Test-Framework/output/host/bin/arm-buildroot-linux-uclibcgnueabihf-gcc -c  -std=c99 -pedantic -D_LARGEFILE_SOURCE -D_LARGEFILE64_SOURCE -D_FILE_OFFSET_BITS=64  -Os  -D_LARGEFILE_SOURCE -D_LARGEFILE64_SOURCE -D_FILE_OFFSET_BITS=64 conftest.c >&5
configure:12885: $? = 0
configure:12900: result: 2
configure:12914: checking size of unsigned int
configure:12919: /home/epl/Jan_7/Linux-Test-Framework/output/host/bin/arm-buildroot-linux-uclibcgnueabihf-gcc -c  -std=c99 -pedantic -D_LARGEFILE_SOURCE -D_LARGEFILE64_SOURCE -D_FILE_OFFSET_BITS=64  -Os  -D_LARGEFILE_SOURCE -D_LARGEFILE64_SOURCE -D_FILE_OFFSET_BITS=64 conftest.c >&5
configure:12919: $? = 0
configure:12919: /home/epl/Jan_7/Linux-Test-Framework/output/host/bin/arm-buildroot-linux-uclibcgnueabihf-gcc -c  -std=c99 -pedantic -D_LARGEFILE_SOURCE -D_LARGEFILE64_SOURCE -D_FILE_OFFSET_BITS=64  -Os  -D_LARGEFILE_SOURCE -D_LARGEFILE64_SOURCE -D_FILE_OFFSET_BITS=64 conftest.c >&5
conftest.c: In function 'main':
conftest.c:82:12: error: size of array 'test_array' is negative
 static int test_array [1 - 2 * !(((long int) (sizeof (unsigned int))) <= 0)];
            ^~~~~~~~~~
configure:12919: $? = 1
configure: failed program was:
| /* confdefs.h */
| #define PACKAGE_NAME ""
| #define PACKAGE_TARNAME ""
| #define PACKAGE_VERSION ""
| #define PACKAGE_STRING ""
| #define PACKAGE_BUGREPORT ""
| #define PACKAGE_URL ""
| #define PACKAGE "libesmtp"
| #define VERSION "1.0.6"
| #define STDC_HEADERS 1
| #define HAVE_SYS_TYPES_H 1
| #define HAVE_SYS_STAT_H 1
| #define HAVE_STDLIB_H 1
| #define HAVE_STRING_H 1
| #define HAVE_MEMORY_H 1
| #define HAVE_STRINGS_H 1
| #define HAVE_INTTYPES_H 1
| #define HAVE_STDINT_H 1
| #define HAVE_UNISTD_H 1
| #define HAVE_DLFCN_H 1
| #define LT_OBJDIR ".libs/"
| #define _GNU_SOURCE 1
| #define _ISOC9X_SOURCE 1
| #define _ISOC99_SOURCE 1
| #define _POSIX_C_SOURCE 199506L
| #define _XOPEN_SOURCE 500
| #define HAVE_DLSYM 1
| #define USE_PTHREADS 1
| #define HAVE_GETADDRINFO 1
| #define USE_SASL 1
| #define AUTHPLUGINDIR "/usr/lib/esmtp-plugins"
| #define HAVE_LIBCRYPTO 1
| #define USE_TLS 1
| #define USE_CHUNKING 1
| #define USE_XUSR 1
| #define AUTH_ID_HACK 1
| #define NDEBUG 1
| #define STDC_HEADERS 1
| #define HAVE_SYS_IOCTL_H 1
| #define HAVE_UNISTD_H 1
| #define TIME_WITH_SYS_TIME 1
| #define HAVE_STRUCT_TM_TM_ZONE 1
| #define HAVE_TM_ZONE 1
| #define SIZEOF_UNSIGNED_SHORT 2
| /* end confdefs.h.  */
| #include <stdio.h>
| #ifdef HAVE_SYS_TYPES_H
| # include <sys/types.h>
| #endif
| #ifdef HAVE_SYS_STAT_H
| # include <sys/stat.h>
| #endif
| #ifdef STDC_HEADERS
| # include <stdlib.h>
| # include <stddef.h>
| #else
| # ifdef HAVE_STDLIB_H
| #  include <stdlib.h>
| # endif
| #endif
| #ifdef HAVE_STRING_H
| # if !defined STDC_HEADERS && defined HAVE_MEMORY_H
| #  include <memory.h>
| # endif
| # include <string.h>
| #endif
| #ifdef HAVE_STRINGS_H
| # include <strings.h>
| #endif
| #ifdef HAVE_INTTYPES_H
| # include <inttypes.h>
| #endif
| #ifdef HAVE_STDINT_H
| # include <stdint.h>
| #endif
| #ifdef HAVE_UNISTD_H
| # include <unistd.h>
| #endif
| int
| main ()
| {
| static int test_array [1 - 2 * !(((long int) (sizeof (unsigned int))) <= 0)];
| test_array [0] = 0
| 
|   ;
|   return 0;
| }
configure:12919: /home/epl/Jan_7/Linux-Test-Framework/output/host/bin/arm-buildroot-linux-uclibcgnueabihf-gcc -c  -std=c99 -pedantic -D_LARGEFILE_SOURCE -D_LARGEFILE64_SOURCE -D_FILE_OFFSET_BITS=64  -Os  -D_LARGEFILE_SOURCE -D_LARGEFILE64_SOURCE -D_FILE_OFFSET_BITS=64 conftest.c >&5
conftest.c: In function 'main':
conftest.c:82:12: error: size of array 'test_array' is negative
 static int test_array [1 - 2 * !(((long int) (sizeof (unsigned int))) <= 1)];
            ^~~~~~~~~~
configure:12919: $? = 1
configure: failed program was:
| /* confdefs.h */
| #define PACKAGE_NAME ""
| #define PACKAGE_TARNAME ""
| #define PACKAGE_VERSION ""
| #define PACKAGE_STRING ""
| #define PACKAGE_BUGREPORT ""
| #define PACKAGE_URL ""
| #define PACKAGE "libesmtp"
| #define VERSION "1.0.6"
| #define STDC_HEADERS 1
| #define HAVE_SYS_TYPES_H 1
| #define HAVE_SYS_STAT_H 1
| #define HAVE_STDLIB_H 1
| #define HAVE_STRING_H 1
| #define HAVE_MEMORY_H 1
| #define HAVE_STRINGS_H 1
| #define HAVE_INTTYPES_H 1
| #define HAVE_STDINT_H 1
| #define HAVE_UNISTD_H 1
| #define HAVE_DLFCN_H 1
| #define LT_OBJDIR ".libs/"
| #define _GNU_SOURCE 1
| #define _ISOC9X_SOURCE 1
| #define _ISOC99_SOURCE 1
| #define _POSIX_C_SOURCE 199506L
| #define _XOPEN_SOURCE 500
| #define HAVE_DLSYM 1
| #define USE_PTHREADS 1
| #define HAVE_GETADDRINFO 1
| #define USE_SASL 1
| #define AUTHPLUGINDIR "/usr/lib/esmtp-plugins"
| #define HAVE_LIBCRYPTO 1
| #define USE_TLS 1
| #define USE_CHUNKING 1
| #define USE_XUSR 1
| #define AUTH_ID_HACK 1
| #define NDEBUG 1
| #define STDC_HEADERS 1
| #define HAVE_SYS_IOCTL_H 1
| #define HAVE_UNISTD_H 1
| #define TIME_WITH_SYS_TIME 1
| #define HAVE_STRUCT_TM_TM_ZONE 1
| #define HAVE_TM_ZONE 1
| #define SIZEOF_UNSIGNED_SHORT 2
| /* end confdefs.h.  */
| #include <stdio.h>
| #ifdef HAVE_SYS_TYPES_H
| # include <sys/types.h>
| #endif
| #ifdef HAVE_SYS_STAT_H
| # include <sys/stat.h>
| #endif
| #ifdef STDC_HEADERS
| # include <stdlib.h>
| # include <stddef.h>
| #else
| # ifdef HAVE_STDLIB_H
| #  include <stdlib.h>
| # endif
| #endif
| #ifdef HAVE_STRING_H
| # if !defined STDC_HEADERS && defined HAVE_MEMORY_H
| #  include <memory.h>
| # endif
| # include <string.h>
| #endif
| #ifdef HAVE_STRINGS_H
| # include <strings.h>
| #endif
| #ifdef HAVE_INTTYPES_H
| # include <inttypes.h>
| #endif
| #ifdef HAVE_STDINT_H
| # include <stdint.h>
| #endif
| #ifdef HAVE_UNISTD_H
| # include <unistd.h>
| #endif
| int
| main ()
| {
| static int test_array [1 - 2 * !(((long int) (sizeof (unsigned int))) <= 1)];
| test_array [0] = 0
| 
|   ;
|   return 0;
| }
configure:12919: /home/epl/Jan_7/Linux-Test-Framework/output/host/bin/arm-buildroot-linux-uclibcgnueabihf-gcc -c  -std=c99 -pedantic -D_LARGEFILE_SOURCE -D_LARGEFILE64_SOURCE -D_FILE_OFFSET_BITS=64  -Os  -D_LARGEFILE_SOURCE -D_LARGEFILE64_SOURCE -D_FILE_OFFSET_BITS=64 conftest.c >&5
conftest.c: In function 'main':
conftest.c:82:12: error: size of array 'test_array' is negative
 static int test_array [1 - 2 * !(((long int) (sizeof (unsigned int))) <= 3)];
            ^~~~~~~~~~
configure:12919: $? = 1
configure: failed program was:
| /* confdefs.h */
| #define PACKAGE_NAME ""
| #define PACKAGE_TARNAME ""
| #define PACKAGE_VERSION ""
| #define PACKAGE_STRING ""
| #define PACKAGE_BUGREPORT ""
| #define PACKAGE_URL ""
| #define PACKAGE "libesmtp"
| #define VERSION "1.0.6"
| #define STDC_HEADERS 1
| #define HAVE_SYS_TYPES_H 1
| #define HAVE_SYS_STAT_H 1
| #define HAVE_STDLIB_H 1
| #define HAVE_STRING_H 1
| #define HAVE_MEMORY_H 1
| #define HAVE_STRINGS_H 1
| #define HAVE_INTTYPES_H 1
| #define HAVE_STDINT_H 1
| #define HAVE_UNISTD_H 1
| #define HAVE_DLFCN_H 1
| #define LT_OBJDIR ".libs/"
| #define _GNU_SOURCE 1
| #define _ISOC9X_SOURCE 1
| #define _ISOC99_SOURCE 1
| #define _POSIX_C_SOURCE 199506L
| #define _XOPEN_SOURCE 500
| #define HAVE_DLSYM 1
| #define USE_PTHREADS 1
| #define HAVE_GETADDRINFO 1
| #define USE_SASL 1
| #define AUTHPLUGINDIR "/usr/lib/esmtp-plugins"
| #define HAVE_LIBCRYPTO 1
| #define USE_TLS 1
| #define USE_CHUNKING 1
| #define USE_XUSR 1
| #define AUTH_ID_HACK 1
| #define NDEBUG 1
| #define STDC_HEADERS 1
| #define HAVE_SYS_IOCTL_H 1
| #define HAVE_UNISTD_H 1
| #define TIME_WITH_SYS_TIME 1
| #define HAVE_STRUCT_TM_TM_ZONE 1
| #define HAVE_TM_ZONE 1
| #define SIZEOF_UNSIGNED_SHORT 2
| /* end confdefs.h.  */
| #include <stdio.h>
| #ifdef HAVE_SYS_TYPES_H
| # include <sys/types.h>
| #endif
| #ifdef HAVE_SYS_STAT_H
| # include <sys/stat.h>
| #endif
| #ifdef STDC_HEADERS
| # include <stdlib.h>
| # include <stddef.h>
| #else
| # ifdef HAVE_STDLIB_H
| #  include <stdlib.h>
| # endif
| #endif
| #ifdef HAVE_STRING_H
| # if !defined STDC_HEADERS && defined HAVE_MEMORY_H
| #  include <memory.h>
| # endif
| # include <string.h>
| #endif
| #ifdef HAVE_STRINGS_H
| # include <strings.h>
| #endif
| #ifdef HAVE_INTTYPES_H
| # include <inttypes.h>
| #endif
| #ifdef HAVE_STDINT_H
| # include <stdint.h>
| #endif
| #ifdef HAVE_UNISTD_H
| # include <unistd.h>
| #endif
| int
| main ()
| {
| static int test_array [1 - 2 * !(((long int) (sizeof (unsigned int))) <= 3)];
| test_array [0] = 0
| 
|   ;
|   return 0;
| }
configure:12919: /home/epl/Jan_7/Linux-Test-Framework/output/host/bin/arm-buildroot-linux-uclibcgnueabihf-gcc -c  -std=c99 -pedantic -D_LARGEFILE_SOURCE -D_LARGEFILE64_SOURCE -D_FILE_OFFSET_BITS=64  -Os  -D_LARGEFILE_SOURCE -D_LARGEFILE64_SOURCE -D_FILE_OFFSET_BITS=64 conftest.c >&5
configure:12919: $? = 0
configure:12919: /home/epl/Jan_7/Linux-Test-Framework/output/host/bin/arm-buildroot-linux-uclibcgnueabihf-gcc -c  -std=c99 -pedantic -D_LARGEFILE_SOURCE -D_LARGEFILE64_SOURCE -D_FILE_OFFSET_BITS=64  -Os  -D_LARGEFILE_SOURCE -D_LARGEFILE64_SOURCE -D_FILE_OFFSET_BITS=64 conftest.c >&5
configure:12919: $? = 0
configure:12919: /home/epl/Jan_7/Linux-Test-Framework/output/host/bin/arm-buildroot-linux-uclibcgnueabihf-gcc -c  -std=c99 -pedantic -D_LARGEFILE_SOURCE -D_LARGEFILE64_SOURCE -D_FILE_OFFSET_BITS=64  -Os  -D_LARGEFILE_SOURCE -D_LARGEFILE64_SOURCE -D_FILE_OFFSET_BITS=64 conftest.c >&5
configure:12919: $? = 0
configure:12934: result: 4
configure:12948: checking size of unsigned long
configure:12953: /home/epl/Jan_7/Linux-Test-Framework/output/host/bin/arm-buildroot-linux-uclibcgnueabihf-gcc -c  -std=c99 -pedantic -D_LARGEFILE_SOURCE -D_LARGEFILE64_SOURCE -D_FILE_OFFSET_BITS=64  -Os  -D_LARGEFILE_SOURCE -D_LARGEFILE64_SOURCE -D_FILE_OFFSET_BITS=64 conftest.c >&5
configure:12953: $? = 0
configure:12953: /home/epl/Jan_7/Linux-Test-Framework/output/host/bin/arm-buildroot-linux-uclibcgnueabihf-gcc -c  -std=c99 -pedantic -D_LARGEFILE_SOURCE -D_LARGEFILE64_SOURCE -D_FILE_OFFSET_BITS=64  -Os  -D_LARGEFILE_SOURCE -D_LARGEFILE64_SOURCE -D_FILE_OFFSET_BITS=64 conftest.c >&5
conftest.c: In function 'main':
conftest.c:83:12: error: size of array 'test_array' is negative
 static int test_array [1 - 2 * !(((long int) (sizeof (unsigned long))) <= 0)];
            ^~~~~~~~~~
configure:12953: $? = 1
configure: failed program was:
| /* confdefs.h */
| #define PACKAGE_NAME ""
| #define PACKAGE_TARNAME ""
| #define PACKAGE_VERSION ""
| #define PACKAGE_STRING ""
| #define PACKAGE_BUGREPORT ""
| #define PACKAGE_URL ""
| #define PACKAGE "libesmtp"
| #define VERSION "1.0.6"
| #define STDC_HEADERS 1
| #define HAVE_SYS_TYPES_H 1
| #define HAVE_SYS_STAT_H 1
| #define HAVE_STDLIB_H 1
| #define HAVE_STRING_H 1
| #define HAVE_MEMORY_H 1
| #define HAVE_STRINGS_H 1
| #define HAVE_INTTYPES_H 1
| #define HAVE_STDINT_H 1
| #define HAVE_UNISTD_H 1
| #define HAVE_DLFCN_H 1
| #define LT_OBJDIR ".libs/"
| #define _GNU_SOURCE 1
| #define _ISOC9X_SOURCE 1
| #define _ISOC99_SOURCE 1
| #define _POSIX_C_SOURCE 199506L
| #define _XOPEN_SOURCE 500
| #define HAVE_DLSYM 1
| #define USE_PTHREADS 1
| #define HAVE_GETADDRINFO 1
| #define USE_SASL 1
| #define AUTHPLUGINDIR "/usr/lib/esmtp-plugins"
| #define HAVE_LIBCRYPTO 1
| #define USE_TLS 1
| #define USE_CHUNKING 1
| #define USE_XUSR 1
| #define AUTH_ID_HACK 1
| #define NDEBUG 1
| #define STDC_HEADERS 1
| #define HAVE_SYS_IOCTL_H 1
| #define HAVE_UNISTD_H 1
| #define TIME_WITH_SYS_TIME 1
| #define HAVE_STRUCT_TM_TM_ZONE 1
| #define HAVE_TM_ZONE 1
| #define SIZEOF_UNSIGNED_SHORT 2
| #define SIZEOF_UNSIGNED_INT 4
| /* end confdefs.h.  */
| #include <stdio.h>
| #ifdef HAVE_SYS_TYPES_H
| # include <sys/types.h>
| #endif
| #ifdef HAVE_SYS_STAT_H
| # include <sys/stat.h>
| #endif
| #ifdef STDC_HEADERS
| # include <stdlib.h>
| # include <stddef.h>
| #else
| # ifdef HAVE_STDLIB_H
| #  include <stdlib.h>
| # endif
| #endif
| #ifdef HAVE_STRING_H
| # if !defined STDC_HEADERS && defined HAVE_MEMORY_H
| #  include <memory.h>
| # endif
| # include <string.h>
| #endif
| #ifdef HAVE_STRINGS_H
| # include <strings.h>
| #endif
| #ifdef HAVE_INTTYPES_H
| # include <inttypes.h>
| #endif
| #ifdef HAVE_STDINT_H
| # include <stdint.h>
| #endif
| #ifdef HAVE_UNISTD_H
| # include <unistd.h>
| #endif
| int
| main ()
| {
| static int test_array [1 - 2 * !(((long int) (sizeof (unsigned long))) <= 0)];
| test_array [0] = 0
| 
|   ;
|   return 0;
| }
configure:12953: /home/epl/Jan_7/Linux-Test-Framework/output/host/bin/arm-buildroot-linux-uclibcgnueabihf-gcc -c  -std=c99 -pedantic -D_LARGEFILE_SOURCE -D_LARGEFILE64_SOURCE -D_FILE_OFFSET_BITS=64  -Os  -D_LARGEFILE_SOURCE -D_LARGEFILE64_SOURCE -D_FILE_OFFSET_BITS=64 conftest.c >&5
conftest.c: In function 'main':
conftest.c:83:12: error: size of array 'test_array' is negative
 static int test_array [1 - 2 * !(((long int) (sizeof (unsigned long))) <= 1)];
            ^~~~~~~~~~
configure:12953: $? = 1
configure: failed program was:
| /* confdefs.h */
| #define PACKAGE_NAME ""
| #define PACKAGE_TARNAME ""
| #define PACKAGE_VERSION ""
| #define PACKAGE_STRING ""
| #define PACKAGE_BUGREPORT ""
| #define PACKAGE_URL ""
| #define PACKAGE "libesmtp"
| #define VERSION "1.0.6"
| #define STDC_HEADERS 1
| #define HAVE_SYS_TYPES_H 1
| #define HAVE_SYS_STAT_H 1
| #define HAVE_STDLIB_H 1
| #define HAVE_STRING_H 1
| #define HAVE_MEMORY_H 1
| #define HAVE_STRINGS_H 1
| #define HAVE_INTTYPES_H 1
| #define HAVE_STDINT_H 1
| #define HAVE_UNISTD_H 1
| #define HAVE_DLFCN_H 1
| #define LT_OBJDIR ".libs/"
| #define _GNU_SOURCE 1
| #define _ISOC9X_SOURCE 1
| #define _ISOC99_SOURCE 1
| #define _POSIX_C_SOURCE 199506L
| #define _XOPEN_SOURCE 500
| #define HAVE_DLSYM 1
| #define USE_PTHREADS 1
| #define HAVE_GETADDRINFO 1
| #define USE_SASL 1
| #define AUTHPLUGINDIR "/usr/lib/esmtp-plugins"
| #define HAVE_LIBCRYPTO 1
| #define USE_TLS 1
| #define USE_CHUNKING 1
| #define USE_XUSR 1
| #define AUTH_ID_HACK 1
| #define NDEBUG 1
| #define STDC_HEADERS 1
| #define HAVE_SYS_IOCTL_H 1
| #define HAVE_UNISTD_H 1
| #define TIME_WITH_SYS_TIME 1
| #define HAVE_STRUCT_TM_TM_ZONE 1
| #define HAVE_TM_ZONE 1
| #define SIZEOF_UNSIGNED_SHORT 2
| #define SIZEOF_UNSIGNED_INT 4
| /* end confdefs.h.  */
| #include <stdio.h>
| #ifdef HAVE_SYS_TYPES_H
| # include <sys/types.h>
| #endif
| #ifdef HAVE_SYS_STAT_H
| # include <sys/stat.h>
| #endif
| #ifdef STDC_HEADERS
| # include <stdlib.h>
| # include <stddef.h>
| #else
| # ifdef HAVE_STDLIB_H
| #  include <stdlib.h>
| # endif
| #endif
| #ifdef HAVE_STRING_H
| # if !defined STDC_HEADERS && defined HAVE_MEMORY_H
| #  include <memory.h>
| # endif
| # include <string.h>
| #endif
| #ifdef HAVE_STRINGS_H
| # include <strings.h>
| #endif
| #ifdef HAVE_INTTYPES_H
| # include <inttypes.h>
| #endif
| #ifdef HAVE_STDINT_H
| # include <stdint.h>
| #endif
| #ifdef HAVE_UNISTD_H
| # include <unistd.h>
| #endif
| int
| main ()
| {
| static int test_array [1 - 2 * !(((long int) (sizeof (unsigned long))) <= 1)];
| test_array [0] = 0
| 
|   ;
|   return 0;
| }
configure:12953: /home/epl/Jan_7/Linux-Test-Framework/output/host/bin/arm-buildroot-linux-uclibcgnueabihf-gcc -c  -std=c99 -pedantic -D_LARGEFILE_SOURCE -D_LARGEFILE64_SOURCE -D_FILE_OFFSET_BITS=64  -Os  -D_LARGEFILE_SOURCE -D_LARGEFILE64_SOURCE -D_FILE_OFFSET_BITS=64 conftest.c >&5
conftest.c: In function 'main':
conftest.c:83:12: error: size of array 'test_array' is negative
 static int test_array [1 - 2 * !(((long int) (sizeof (unsigned long))) <= 3)];
            ^~~~~~~~~~
configure:12953: $? = 1
configure: failed program was:
| /* confdefs.h */
| #define PACKAGE_NAME ""
| #define PACKAGE_TARNAME ""
| #define PACKAGE_VERSION ""
| #define PACKAGE_STRING ""
| #define PACKAGE_BUGREPORT ""
| #define PACKAGE_URL ""
| #define PACKAGE "libesmtp"
| #define VERSION "1.0.6"
| #define STDC_HEADERS 1
| #define HAVE_SYS_TYPES_H 1
| #define HAVE_SYS_STAT_H 1
| #define HAVE_STDLIB_H 1
| #define HAVE_STRING_H 1
| #define HAVE_MEMORY_H 1
| #define HAVE_STRINGS_H 1
| #define HAVE_INTTYPES_H 1
| #define HAVE_STDINT_H 1
| #define HAVE_UNISTD_H 1
| #define HAVE_DLFCN_H 1
| #define LT_OBJDIR ".libs/"
| #define _GNU_SOURCE 1
| #define _ISOC9X_SOURCE 1
| #define _ISOC99_SOURCE 1
| #define _POSIX_C_SOURCE 199506L
| #define _XOPEN_SOURCE 500
| #define HAVE_DLSYM 1
| #define USE_PTHREADS 1
| #define HAVE_GETADDRINFO 1
| #define USE_SASL 1
| #define AUTHPLUGINDIR "/usr/lib/esmtp-plugins"
| #define HAVE_LIBCRYPTO 1
| #define USE_TLS 1
| #define USE_CHUNKING 1
| #define USE_XUSR 1
| #define AUTH_ID_HACK 1
| #define NDEBUG 1
| #define STDC_HEADERS 1
| #define HAVE_SYS_IOCTL_H 1
| #define HAVE_UNISTD_H 1
| #define TIME_WITH_SYS_TIME 1
| #define HAVE_STRUCT_TM_TM_ZONE 1
| #define HAVE_TM_ZONE 1
| #define SIZEOF_UNSIGNED_SHORT 2
| #define SIZEOF_UNSIGNED_INT 4
| /* end confdefs.h.  */
| #include <stdio.h>
| #ifdef HAVE_SYS_TYPES_H
| # include <sys/types.h>
| #endif
| #ifdef HAVE_SYS_STAT_H
| # include <sys/stat.h>
| #endif
| #ifdef STDC_HEADERS
| # include <stdlib.h>
| # include <stddef.h>
| #else
| # ifdef HAVE_STDLIB_H
| #  include <stdlib.h>
| # endif
| #endif
| #ifdef HAVE_STRING_H
| # if !defined STDC_HEADERS && defined HAVE_MEMORY_H
| #  include <memory.h>
| # endif
| # include <string.h>
| #endif
| #ifdef HAVE_STRINGS_H
| # include <strings.h>
| #endif
| #ifdef HAVE_INTTYPES_H
| # include <inttypes.h>
| #endif
| #ifdef HAVE_STDINT_H
| # include <stdint.h>
| #endif
| #ifdef HAVE_UNISTD_H
| # include <unistd.h>
| #endif
| int
| main ()
| {
| static int test_array [1 - 2 * !(((long int) (sizeof (unsigned long))) <= 3)];
| test_array [0] = 0
| 
|   ;
|   return 0;
| }
configure:12953: /home/epl/Jan_7/Linux-Test-Framework/output/host/bin/arm-buildroot-linux-uclibcgnueabihf-gcc -c  -std=c99 -pedantic -D_LARGEFILE_SOURCE -D_LARGEFILE64_SOURCE -D_FILE_OFFSET_BITS=64  -Os  -D_LARGEFILE_SOURCE -D_LARGEFILE64_SOURCE -D_FILE_OFFSET_BITS=64 conftest.c >&5
configure:12953: $? = 0
configure:12953: /home/epl/Jan_7/Linux-Test-Framework/output/host/bin/arm-buildroot-linux-uclibcgnueabihf-gcc -c  -std=c99 -pedantic -D_LARGEFILE_SOURCE -D_LARGEFILE64_SOURCE -D_FILE_OFFSET_BITS=64  -Os  -D_LARGEFILE_SOURCE -D_LARGEFILE64_SOURCE -D_FILE_OFFSET_BITS=64 conftest.c >&5
configure:12953: $? = 0
configure:12953: /home/epl/Jan_7/Linux-Test-Framework/output/host/bin/arm-buildroot-linux-uclibcgnueabihf-gcc -c  -std=c99 -pedantic -D_LARGEFILE_SOURCE -D_LARGEFILE64_SOURCE -D_FILE_OFFSET_BITS=64  -Os  -D_LARGEFILE_SOURCE -D_LARGEFILE64_SOURCE -D_FILE_OFFSET_BITS=64 conftest.c >&5
configure:12953: $? = 0
configure:12968: result: 4
configure:12983: checking for strdup
configure:12983: /home/epl/Jan_7/Linux-Test-Framework/output/host/bin/arm-buildroot-linux-uclibcgnueabihf-gcc -o conftest  -std=c99 -pedantic -D_LARGEFILE_SOURCE -D_LARGEFILE64_SOURCE -D_FILE_OFFSET_BITS=64  -Os  -D_LARGEFILE_SOURCE -D_LARGEFILE64_SOURCE -D_FILE_OFFSET_BITS=64   conftest.c -lssl -lcrypto   >&5
configure:12983: $? = 0
configure:12983: result: yes
configure:12983: checking for strcasecmp
configure:12983: /home/epl/Jan_7/Linux-Test-Framework/output/host/bin/arm-buildroot-linux-uclibcgnueabihf-gcc -o conftest  -std=c99 -pedantic -D_LARGEFILE_SOURCE -D_LARGEFILE64_SOURCE -D_FILE_OFFSET_BITS=64  -Os  -D_LARGEFILE_SOURCE -D_LARGEFILE64_SOURCE -D_FILE_OFFSET_BITS=64   conftest.c -lssl -lcrypto   >&5
configure:12983: $? = 0
configure:12983: result: yes
configure:12983: checking for strncasecmp
configure:12983: /home/epl/Jan_7/Linux-Test-Framework/output/host/bin/arm-buildroot-linux-uclibcgnueabihf-gcc -o conftest  -std=c99 -pedantic -D_LARGEFILE_SOURCE -D_LARGEFILE64_SOURCE -D_FILE_OFFSET_BITS=64  -Os  -D_LARGEFILE_SOURCE -D_LARGEFILE64_SOURCE -D_FILE_OFFSET_BITS=64   conftest.c -lssl -lcrypto   >&5
configure:12983: $? = 0
configure:12983: result: yes
configure:12983: checking for memrchr
configure:12983: /home/epl/Jan_7/Linux-Test-Framework/output/host/bin/arm-buildroot-linux-uclibcgnueabihf-gcc -o conftest  -std=c99 -pedantic -D_LARGEFILE_SOURCE -D_LARGEFILE64_SOURCE -D_FILE_OFFSET_BITS=64  -Os  -D_LARGEFILE_SOURCE -D_LARGEFILE64_SOURCE -D_FILE_OFFSET_BITS=64   conftest.c -lssl -lcrypto   >&5
configure:12983: $? = 0
configure:12983: result: yes
configure:13004: checking for strtol
configure:13004: /home/epl/Jan_7/Linux-Test-Framework/output/host/bin/arm-buildroot-linux-uclibcgnueabihf-gcc -o conftest  -std=c99 -pedantic -D_LARGEFILE_SOURCE -D_LARGEFILE64_SOURCE -D_FILE_OFFSET_BITS=64  -Os  -D_LARGEFILE_SOURCE -D_LARGEFILE64_SOURCE -D_FILE_OFFSET_BITS=64   conftest.c -lssl -lcrypto   >&5
configure:13004: $? = 0
configure:13004: result: yes
configure:13004: checking for uname
configure:13004: /home/epl/Jan_7/Linux-Test-Framework/output/host/bin/arm-buildroot-linux-uclibcgnueabihf-gcc -o conftest  -std=c99 -pedantic -D_LARGEFILE_SOURCE -D_LARGEFILE64_SOURCE -D_FILE_OFFSET_BITS=64  -Os  -D_LARGEFILE_SOURCE -D_LARGEFILE64_SOURCE -D_FILE_OFFSET_BITS=64   conftest.c -lssl -lcrypto   >&5
configure:13004: $? = 0
configure:13004: result: yes
configure:13004: checking for gethostname
configure:13004: /home/epl/Jan_7/Linux-Test-Framework/output/host/bin/arm-buildroot-linux-uclibcgnueabihf-gcc -o conftest  -std=c99 -pedantic -D_LARGEFILE_SOURCE -D_LARGEFILE64_SOURCE -D_FILE_OFFSET_BITS=64  -Os  -D_LARGEFILE_SOURCE -D_LARGEFILE64_SOURCE -D_FILE_OFFSET_BITS=64   conftest.c -lssl -lcrypto   >&5
configure:13004: $? = 0
configure:13004: result: yes
configure:13004: checking for gettimeofday
configure:13004: /home/epl/Jan_7/Linux-Test-Framework/output/host/bin/arm-buildroot-linux-uclibcgnueabihf-gcc -o conftest  -std=c99 -pedantic -D_LARGEFILE_SOURCE -D_LARGEFILE64_SOURCE -D_FILE_OFFSET_BITS=64  -Os  -D_LARGEFILE_SOURCE -D_LARGEFILE64_SOURCE -D_FILE_OFFSET_BITS=64   conftest.c -lssl -lcrypto   >&5
configure:13004: $? = 0
configure:13004: result: yes
configure:13014: checking for library containing socket
configure:13045: /home/epl/Jan_7/Linux-Test-Framework/output/host/bin/arm-buildroot-linux-uclibcgnueabihf-gcc -o conftest  -std=c99 -pedantic -D_LARGEFILE_SOURCE -D_LARGEFILE64_SOURCE -D_FILE_OFFSET_BITS=64  -Os  -D_LARGEFILE_SOURCE -D_LARGEFILE64_SOURCE -D_FILE_OFFSET_BITS=64   conftest.c -lssl -lcrypto   >&5
configure:13045: $? = 0
configure:13062: result: none required
configure:13073: checking for library containing localtime_r
configure:13104: /home/epl/Jan_7/Linux-Test-Framework/output/host/bin/arm-buildroot-linux-uclibcgnueabihf-gcc -o conftest  -std=c99 -pedantic -D_LARGEFILE_SOURCE -D_LARGEFILE64_SOURCE -D_FILE_OFFSET_BITS=64  -Os  -D_LARGEFILE_SOURCE -D_LARGEFILE64_SOURCE -D_FILE_OFFSET_BITS=64   conftest.c -lssl -lcrypto   >&5
configure:13104: $? = 0
configure:13121: result: none required
configure:13135: checking for strerror_r
configure:13135: /home/epl/Jan_7/Linux-Test-Framework/output/host/bin/arm-buildroot-linux-uclibcgnueabihf-gcc -o conftest  -std=c99 -pedantic -D_LARGEFILE_SOURCE -D_LARGEFILE64_SOURCE -D_FILE_OFFSET_BITS=64  -Os  -D_LARGEFILE_SOURCE -D_LARGEFILE64_SOURCE -D_FILE_OFFSET_BITS=64   conftest.c -lssl -lcrypto   >&5
configure:13135: $? = 0
configure:13135: result: yes
configure:13141: checking for working strerror_r
configure:13165: /home/epl/Jan_7/Linux-Test-Framework/output/host/bin/arm-buildroot-linux-uclibcgnueabihf-gcc -c  -std=c99 -pedantic -D_LARGEFILE_SOURCE -D_LARGEFILE64_SOURCE -D_FILE_OFFSET_BITS=64  -Os  -D_LARGEFILE_SOURCE -D_LARGEFILE64_SOURCE -D_FILE_OFFSET_BITS=64 conftest.c >&5
configure:13165: $? = 0
configure:13173: result: yes
configure:13201: checking for working snprintf
configure:13236: result: yes
configure:13387: creating ./config.status

## ---------------------- ##
## Running config.status. ##
## ---------------------- ##

This file was extended by config.status, which was
generated by GNU Autoconf 2.65.  Invocation command line was

  CONFIG_FILES    = 
  CONFIG_HEADERS  = 
  CONFIG_LINKS    = 
  CONFIG_COMMANDS = 
  $ ./config.status 

on ERS-EPL-DS-E06995E6B25F

config.status:1128: creating libesmtp-config
config.status:1128: creating libesmtp.spec
config.status:1128: creating Makefile
config.status:1128: creating login/Makefile
config.status:1128: creating plain/Makefile
config.status:1128: creating crammd5/Makefile
config.status:1128: creating ntlm/Makefile
config.status:1128: creating config.h
config.status:1348: executing depfiles commands
config.status:1348: executing libtool commands
configure:15592: WARNING: unrecognized options: --disable-gtk-doc, --disable-gtk-doc-html, --disable-doc, --disable-docs, --disable-documentation, --with-xmlto, --with-fop, --enable-ipv6, --disable-nls

## ---------------- ##
## Cache variables. ##
## ---------------- ##

ac_cv_build=x86_64-pc-linux-gnu
ac_cv_c_bigendian=no
ac_cv_c_compiler_gnu=yes
ac_cv_c_const=yes
ac_cv_c_inline=inline
ac_cv_env_CC_set=set
ac_cv_env_CC_value=/home/epl/Jan_7/Linux-Test-Framework/output/host/bin/arm-buildroot-linux-uclibcgnueabihf-gcc
ac_cv_env_CFLAGS_set=set
ac_cv_env_CFLAGS_value='-D_LARGEFILE_SOURCE -D_LARGEFILE64_SOURCE -D_FILE_OFFSET_BITS=64  -Os '
ac_cv_env_CPPFLAGS_set=set
ac_cv_env_CPPFLAGS_value='-D_LARGEFILE_SOURCE -D_LARGEFILE64_SOURCE -D_FILE_OFFSET_BITS=64'
ac_cv_env_CPP_set=set
ac_cv_env_CPP_value=/home/epl/Jan_7/Linux-Test-Framework/output/host/bin/arm-buildroot-linux-uclibcgnueabihf-cpp
ac_cv_env_LDFLAGS_set=set
ac_cv_env_LDFLAGS_value=
ac_cv_env_LIBS_set=
ac_cv_env_LIBS_value=
ac_cv_env_build_alias_set=set
ac_cv_env_build_alias_value=x86_64-pc-linux-gnu
ac_cv_env_host_alias_set=set
ac_cv_env_host_alias_value=arm-buildroot-linux-uclibcgnueabihf
ac_cv_env_target_alias_set=set
ac_cv_env_target_alias_value=arm-buildroot-linux-uclibcgnueabihf
ac_cv_func_calloc_0_nonnull=yes
ac_cv_func_gethostname=yes
ac_cv_func_gettimeofday=yes
ac_cv_func_malloc_0_nonnull=yes
ac_cv_func_memcmp_working=yes
ac_cv_func_memrchr=yes
ac_cv_func_mmap_fixed_mapped=yes
ac_cv_func_realloc_0_nonnull=yes
ac_cv_func_strcasecmp=yes
ac_cv_func_strdup=yes
ac_cv_func_strerror_r=yes
ac_cv_func_strncasecmp=yes
ac_cv_func_strtol=yes
ac_cv_func_uname=yes
ac_cv_have_decl_malloc=yes
ac_cv_header_dlfcn_h=yes
ac_cv_header_inttypes_h=yes
ac_cv_header_memory_h=yes
ac_cv_header_openssl_md5_h=yes
ac_cv_header_openssl_ssl_h=yes
ac_cv_header_pthread_h=yes
ac_cv_header_stdc=yes
ac_cv_header_stdint_h=yes
ac_cv_header_stdlib_h=yes
ac_cv_header_string_h=yes
ac_cv_header_strings_h=yes
ac_cv_header_sys_ioctl_h=yes
ac_cv_header_sys_stat_h=yes
ac_cv_header_sys_types_h=yes
ac_cv_header_time=yes
ac_cv_header_unistd_h=yes
ac_cv_host=arm-buildroot-linux-uclibcgnueabihf
ac_cv_lbl_unaligned_fail=yes
ac_cv_lib_crypto_MD5_Init=yes
ac_cv_lib_ssl_SSL_library_init=yes
ac_cv_member_struct_tm_tm_zone=yes
ac_cv_objext=o
ac_cv_path_EGREP='/bin/grep -E'
ac_cv_path_FGREP='/bin/grep -F'
ac_cv_path_GREP=/bin/grep
ac_cv_path_SED=/bin/sed
ac_cv_path_install='/usr/bin/install -c'
ac_cv_path_mkdir=/bin/mkdir
ac_cv_prog_AR=/home/epl/Jan_7/Linux-Test-Framework/output/host/bin/arm-buildroot-linux-uclibcgnueabihf-ar
ac_cv_prog_AWK=gawk
ac_cv_prog_CC=/home/epl/Jan_7/Linux-Test-Framework/output/host/bin/arm-buildroot-linux-uclibcgnueabihf-gcc
ac_cv_prog_CPP=/home/epl/Jan_7/Linux-Test-Framework/output/host/bin/arm-buildroot-linux-uclibcgnueabihf-cpp
ac_cv_prog_OBJDUMP=/home/epl/Jan_7/Linux-Test-Framework/output/host/bin/arm-buildroot-linux-uclibcgnueabihf-objdump
ac_cv_prog_PTHREAD_CC=/home/epl/Jan_7/Linux-Test-Framework/output/host/bin/arm-buildroot-linux-uclibcgnueabihf-gcc
ac_cv_prog_RANLIB=/home/epl/Jan_7/Linux-Test-Framework/output/host/bin/arm-buildroot-linux-uclibcgnueabihf-ranlib
ac_cv_prog_STRIP=/home/epl/Jan_7/Linux-Test-Framework/output/host/bin/arm-buildroot-linux-uclibcgnueabihf-strip
ac_cv_prog_cc_c89=
ac_cv_prog_cc_g=yes
ac_cv_prog_make_make_set=yes
ac_cv_search_dlsym='none required'
ac_cv_search_getaddrinfo='none required'
ac_cv_search_localtime_r='none required'
ac_cv_search_socket='none required'
ac_cv_sizeof_unsigned_int=4
ac_cv_sizeof_unsigned_long=4
ac_cv_sizeof_unsigned_short=2
ac_cv_struct_tm=time.h
acx_cv_sys_working_strerror_r=yes
acx_cv_working_snprintf=yes
am_cv_CC_dependencies_compiler_type=none
gl_cv_func_malloc_0_nonnull=yes
lt_cv_deplibs_check_method=pass_all
lt_cv_file_magic_cmd='$MAGIC_CMD'
lt_cv_file_magic_test_file=
lt_cv_ld_reload_flag=-r
lt_cv_nm_interface='BSD nm'
lt_cv_objdir=.libs
lt_cv_path_LD=/home/epl/Jan_7/Linux-Test-Framework/output/host/bin/arm-buildroot-linux-uclibcgnueabihf-ld
lt_cv_path_NM=/home/epl/Jan_7/Linux-Test-Framework/output/host/bin/arm-buildroot-linux-uclibcgnueabihf-nm
lt_cv_prog_compiler_c_o=yes
lt_cv_prog_compiler_pic_works=yes
lt_cv_prog_compiler_rtti_exceptions=no
lt_cv_prog_compiler_static_works=yes
lt_cv_prog_gnu_ld=yes
lt_cv_sys_global_symbol_pipe='sed -n -e '\''s/^.*[	 ]\([ABCDGIRSTW][ABCDGIRSTW]*\)[	 ][	 ]*\([_A-Za-z][_A-Za-z0-9]*\)$/\1 \2 \2/p'\'''
lt_cv_sys_global_symbol_to_c_name_address='sed -n -e '\''s/^: \([^ ]*\) $/  {\"\1\", (void *) 0},/p'\'' -e '\''s/^[ABCDGIRSTW]* \([^ ]*\) \([^ ]*\)$/  {"\2", (void *) \&\2},/p'\'''
lt_cv_sys_global_symbol_to_c_name_address_lib_prefix='sed -n -e '\''s/^: \([^ ]*\) $/  {\"\1\", (void *) 0},/p'\'' -e '\''s/^[ABCDGIRSTW]* \([^ ]*\) \(lib[^ ]*\)$/  {"\2", (void *) \&\2},/p'\'' -e '\''s/^[ABCDGIRSTW]* \([^ ]*\) \([^ ]*\)$/  {"lib\2", (void *) \&\2},/p'\'''
lt_cv_sys_global_symbol_to_cdecl='sed -n -e '\''s/^T .* \(.*\)$/extern int \1();/p'\'' -e '\''s/^[ABCDGIRSTW]* .* \(.*\)$/extern char \1;/p'\'''
lt_cv_sys_lib_search_path_spec=
lt_cv_sys_max_cmd_len=1572864

## ----------------- ##
## Output variables. ##
## ----------------- ##

ACLOCAL='${SHELL} /home/epl/Jan_7/Linux-Test-Framework/output/build/libesmtp-1.0.6/missing --run aclocal-1.11'
AMDEPBACKSLASH=''
AMDEP_FALSE=''
AMDEP_TRUE='#'
AMTAR='${SHELL} /home/epl/Jan_7/Linux-Test-Framework/output/build/libesmtp-1.0.6/missing --run tar'
AR='/home/epl/Jan_7/Linux-Test-Framework/output/host/bin/arm-buildroot-linux-uclibcgnueabihf-ar'
AUTOCONF='${SHELL} /home/epl/Jan_7/Linux-Test-Framework/output/build/libesmtp-1.0.6/missing --run autoconf'
AUTOHEADER='${SHELL} /home/epl/Jan_7/Linux-Test-Framework/output/build/libesmtp-1.0.6/missing --run autoheader'
AUTOMAKE='${SHELL} /home/epl/Jan_7/Linux-Test-Framework/output/build/libesmtp-1.0.6/missing --run automake-1.11'
AWK='gawk'
CC='/home/epl/Jan_7/Linux-Test-Framework/output/host/bin/arm-buildroot-linux-uclibcgnueabihf-gcc'
CCDEPMODE='depmode=none'
CFLAGS=' -std=c99 -pedantic -D_LARGEFILE_SOURCE -D_LARGEFILE64_SOURCE -D_FILE_OFFSET_BITS=64  -Os '
CPP='/home/epl/Jan_7/Linux-Test-Framework/output/host/bin/arm-buildroot-linux-uclibcgnueabihf-cpp'
CPPFLAGS='-D_LARGEFILE_SOURCE -D_LARGEFILE64_SOURCE -D_FILE_OFFSET_BITS=64'
CRAMMD5_LIBS='-lcrypto'
CRAMMD5_LTLIBOBJS=''
CYGPATH_W='echo'
DEFS='-DHAVE_CONFIG_H'
DEPDIR='.deps'
DIST_PLUGINS='login plain crammd5 ntlm'
DSYMUTIL=''
DUMPBIN=''
ECHO_C=''
ECHO_N='-n'
ECHO_T=''
EGREP='/bin/grep -E'
EXEEXT=''
EXTRA_CFLAGS='         -Wall -Wchar-subscripts -Wmissing-declarations -Wmissing-prototypes         -Wstrict-prototypes -Wnested-externs -Wpointer-arith         -Wbad-function-cast -Wcast-align'
FGREP='/bin/grep -F'
GREP='/bin/grep'
INSTALL_DATA='${INSTALL} -m 644'
INSTALL_PROGRAM='${INSTALL}'
INSTALL_SCRIPT='${INSTALL}'
INSTALL_STRIP_PROGRAM='$(install_sh) -c -s'
LD='/home/epl/Jan_7/Linux-Test-Framework/output/host/bin/arm-buildroot-linux-uclibcgnueabihf-ld'
LDFLAGS=' '
LIBESMTP_VERSION='7:6:1'
LIBOBJS=''
LIBS='-lssl -lcrypto  '
LIBTOOL='$(SHELL) $(top_builddir)/libtool'
LIBTOOL_DEPS='./ltmain.sh'
LIB_AGE='1'
LIB_CURRENT='7'
LIB_REVISION='6'
LIPO=''
LN_S='ln -s'
LTALLOCA=''
LTLIBOBJS=''
MAKEINFO='${SHELL} /home/epl/Jan_7/Linux-Test-Framework/output/build/libesmtp-1.0.6/missing --run makeinfo'
MKDIR_P='/bin/mkdir -p'
NM='/home/epl/Jan_7/Linux-Test-Framework/output/host/bin/arm-buildroot-linux-uclibcgnueabihf-nm'
NMEDIT=''
NTLM_LIBS=''
OBJDUMP='/home/epl/Jan_7/Linux-Test-Framework/output/host/bin/arm-buildroot-linux-uclibcgnueabihf-objdump'
OBJEXT='o'
OTOOL64=''
OTOOL=''
PACKAGE='libesmtp'
PACKAGE_BUGREPORT=''
PACKAGE_NAME=''
PACKAGE_STRING=''
PACKAGE_TARNAME=''
PACKAGE_URL=''
PACKAGE_VERSION=''
PATH_SEPARATOR=':'
PTHREAD_CC='/home/epl/Jan_7/Linux-Test-Framework/output/host/bin/arm-buildroot-linux-uclibcgnueabihf-gcc'
PTHREAD_CFLAGS=''
PTHREAD_LDFLAGS=''
PTHREAD_LIBS=''
RANLIB='/home/epl/Jan_7/Linux-Test-Framework/output/host/bin/arm-buildroot-linux-uclibcgnueabihf-ranlib'
RPM_BUILDREQUIRES='BuildRequires:'
RPM_OPENSSL='openssl >= %{openssl}'
RPM_OPENSSLDEVEL='openssl-devel >= %{openssl}'
RPM_REQUIRES='Requires:'
SASL_PLUGINS='login plain crammd5'
SED='/bin/sed'
SET_MAKE=''
SHELL='/bin/bash'
STRIP='/home/epl/Jan_7/Linux-Test-Framework/output/host/bin/arm-buildroot-linux-uclibcgnueabihf-strip'
VERSION='1.0.6'
ac_ct_CC=''
ac_ct_DUMPBIN=''
am__EXEEXT_FALSE=''
am__EXEEXT_TRUE='#'
am__fastdepCC_FALSE=''
am__fastdepCC_TRUE='#'
am__include='include'
am__isrc=''
am__leading_dot='.'
am__quote=''
am__tar='${AMTAR} chof - "$$tardir"'
am__untar='${AMTAR} xf -'
bindir='${exec_prefix}/bin'
build='x86_64-pc-linux-gnu'
build_alias='x86_64-pc-linux-gnu'
build_cpu='x86_64'
build_os='linux-gnu'
build_vendor='pc'
datadir='${datarootdir}'
datarootdir='${prefix}/share'
docdir='${datarootdir}/doc/${PACKAGE}'
dvidir='${docdir}'
exec_prefix='/usr'
host='arm-buildroot-linux-uclibcgnueabihf'
host_alias='arm-buildroot-linux-uclibcgnueabihf'
host_cpu='arm'
host_os='linux-uclibcgnueabihf'
host_vendor='buildroot'
htmldir='${docdir}'
includedir='${prefix}/include'
infodir='${datarootdir}/info'
install_sh='${SHELL} /home/epl/Jan_7/Linux-Test-Framework/output/build/libesmtp-1.0.6/install-sh'
libdir='${exec_prefix}/lib'
libexecdir='${exec_prefix}/libexec'
localedir='${datarootdir}/locale'
localstatedir='/var'
lt_ECHO='echo'
mandir='${datarootdir}/man'
mkdir_p='/bin/mkdir -p'
oldincludedir='/usr/include'
pdfdir='${docdir}'
plugindir='${exec_prefix}/lib/esmtp-plugins'
prefix='/usr'
program_transform_name='s&^&&'
psdir='${docdir}'
sbindir='${exec_prefix}/sbin'
sharedstatedir='${prefix}/com'
subdirs=''
sysconfdir='/etc'
target_alias='arm-buildroot-linux-uclibcgnueabihf'

## ----------- ##
## confdefs.h. ##
## ----------- ##

/* confdefs.h */
#define PACKAGE_NAME ""
#define PACKAGE_TARNAME ""
#define PACKAGE_VERSION ""
#define PACKAGE_STRING ""
#define PACKAGE_BUGREPORT ""
#define PACKAGE_URL ""
#define PACKAGE "libesmtp"
#define VERSION "1.0.6"
#define STDC_HEADERS 1
#define HAVE_SYS_TYPES_H 1
#define HAVE_SYS_STAT_H 1
#define HAVE_STDLIB_H 1
#define HAVE_STRING_H 1
#define HAVE_MEMORY_H 1
#define HAVE_STRINGS_H 1
#define HAVE_INTTYPES_H 1
#define HAVE_STDINT_H 1
#define HAVE_UNISTD_H 1
#define HAVE_DLFCN_H 1
#define LT_OBJDIR ".libs/"
#define _GNU_SOURCE 1
#define _ISOC9X_SOURCE 1
#define _ISOC99_SOURCE 1
#define _POSIX_C_SOURCE 199506L
#define _XOPEN_SOURCE 500
#define HAVE_DLSYM 1
#define USE_PTHREADS 1
#define HAVE_GETADDRINFO 1
#define USE_SASL 1
#define AUTHPLUGINDIR "/usr/lib/esmtp-plugins"
#define HAVE_LIBCRYPTO 1
#define USE_TLS 1
#define USE_CHUNKING 1
#define USE_XUSR 1
#define AUTH_ID_HACK 1
#define NDEBUG 1
#define STDC_HEADERS 1
#define HAVE_SYS_IOCTL_H 1
#define HAVE_UNISTD_H 1
#define TIME_WITH_SYS_TIME 1
#define HAVE_STRUCT_TM_TM_ZONE 1
#define HAVE_TM_ZONE 1
#define SIZEOF_UNSIGNED_SHORT 2
#define SIZEOF_UNSIGNED_INT 4
#define SIZEOF_UNSIGNED_LONG 4
#define HAVE_STRDUP 1
#define HAVE_STRCASECMP 1
#define HAVE_STRNCASECMP 1
#define HAVE_MEMRCHR 1
#define HAVE_STRTOL 1
#define HAVE_UNAME 1
#define HAVE_GETHOSTNAME 1
#define HAVE_GETTIMEOFDAY 1
#define HAVE_LOCALTIME_R 1
#define HAVE_STRERROR_R 1
#define HAVE_WORKING_STRERROR_R 1
#define HAVE_WORKING_SNPRINTF 1

configure: exit 0
