This file contains any messages produced by compilers while
running configure, to aid debugging if configure makes a mistake.

It was created by msmtp configure 1.6.6, which was
generated by GNU Autoconf 2.69.  Invocation command line was

  $ ./configure --target=arm-buildroot-linux-uclibcgnueabihf --host=arm-buildroot-linux-uclibcgnueabihf --build=x86_64-pc-linux-gnu --prefix=/usr --exec-prefix=/usr --sysconfdir=/etc --localstatedir=/var --program-prefix= --disable-gtk-doc --disable-gtk-doc-html --disable-doc --disable-docs --disable-documentation --with-xmlto=no --with-fop=no --disable-dependency-tracking --enable-ipv6 --disable-nls --disable-static --enable-shared --without-libidn --disable-gai-idn --without-libgsasl --without-libsecret --with-ssl=openssl

## --------- ##
## Platform. ##
## --------- ##

hostname = ERS-EPL-DS-E06995E6B25F
uname -m = x86_64
uname -r = 4.15.0-43-generic
uname -s = Linux
uname -v = #46~16.04.1-Ubuntu SMP Fri Dec 7 13:31:08 UTC 2018

/usr/bin/uname -p = unknown
/bin/uname -X     = unknown

/bin/arch              = unknown
/usr/bin/arch -k       = unknown
/usr/convex/getsysinfo = unknown
/usr/bin/hostinfo      = unknown
/bin/machine           = unknown
/usr/bin/oslevel       = unknown
/bin/universe          = unknown

PATH: /home/epl/Jan_7/Linux-Test-Framework/output/host/bin
PATH: /home/epl/Jan_7/Linux-Test-Framework/output/host/sbin
PATH: /home/epl/arjun/Git_Checkin_Demo/Framework/Cross-compiler/bin
PATH: /home/epl/arjun/Git_Checkin_Demo/Framework/Linux-Kernel/Linux/Cross-compiler/bin
PATH: /home/epl/mynewt/gcc-arm-none-eabi-7-2018-q2-update/bin
PATH: /opt/linaro/gcc-linaro-7.2.1-2017.11-x86_64_arm-linux-gnueabihf/bin
PATH: /home/epl/bin
PATH: /home/epl/.local/bin
PATH: /usr/local/sbin
PATH: /usr/local/bin
PATH: /usr/sbin
PATH: /usr/bin
PATH: /sbin
PATH: /bin
PATH: /usr/games
PATH: /usr/local/games
PATH: /snap/bin


## ----------- ##
## Core tests. ##
## ----------- ##

configure:2547: checking build system type
configure:2561: result: x86_64-pc-linux-gnu
configure:2581: checking host system type
configure:2594: result: arm-buildroot-linux-uclibcgnueabihf
configure:2614: checking target system type
configure:2627: result: arm-buildroot-linux-uclibcgnueabihf
configure:2664: checking for arm-buildroot-linux-uclibcgnueabihf-gcc
configure:2691: result: /home/epl/Jan_7/Linux-Test-Framework/output/host/bin/arm-buildroot-linux-uclibcgnueabihf-gcc
configure:2960: checking for C compiler version
configure:2969: /home/epl/Jan_7/Linux-Test-Framework/output/host/bin/arm-buildroot-linux-uclibcgnueabihf-gcc --version >&5
arm-buildroot-linux-uclibcgnueabihf-gcc.br_real (Buildroot 2018.02.1-g1c99f2c-dirty) 6.4.0
Copyright (C) 2017 Free Software Foundation, Inc.
This is free software; see the source for copying conditions.  There is NO
warranty; not even for MERCHANTABILITY or FITNESS FOR A PARTICULAR PURPOSE.

configure:2980: $? = 0
configure:2969: /home/epl/Jan_7/Linux-Test-Framework/output/host/bin/arm-buildroot-linux-uclibcgnueabihf-gcc -v >&5
Using built-in specs.
COLLECT_GCC=/home/epl/Jan_7/Linux-Test-Framework/output/host/bin/arm-buildroot-linux-uclibcgnueabihf-gcc.br_real
COLLECT_LTO_WRAPPER=/home/epl/Jan_7/Linux-Test-Framework/output/host/libexec/gcc/arm-buildroot-linux-uclibcgnueabihf/6.4.0/lto-wrapper
Target: arm-buildroot-linux-uclibcgnueabihf
Configured with: ./configure --prefix=/home/epl/Jan_7/Linux-Test-Framework/output/host --sysconfdir=/home/epl/Jan_7/Linux-Test-Framework/output/host/etc --enable-static --target=arm-buildroot-linux-uclibcgnueabihf --with-sysroot=/home/epl/Jan_7/Linux-Test-Framework/output/host/arm-buildroot-linux-uclibcgnueabihf/sysroot --disable-__cxa_atexit --with-gnu-ld --disable-libssp --disable-multilib --with-gmp=/home/epl/Jan_7/Linux-Test-Framework/output/host --with-mpc=/home/epl/Jan_7/Linux-Test-Framework/output/host --with-mpfr=/home/epl/Jan_7/Linux-Test-Framework/output/host --with-pkgversion='Buildroot 2018.02.1-g1c99f2c-dirty' --with-bugurl=http://bugs.buildroot.net/ --disable-libquadmath --disable-libsanitizer --enable-tls --disable-libmudflap --enable-threads --without-isl --without-cloog --disable-decimal-float --with-abi=aapcs-linux --with-cpu=cortex-a7 --with-fpu=neon-vfpv4 --with-float=hard --with-mode=arm --enable-languages=c,c++ --with-build-time-tools=/home/epl/Jan_7/Linux-Test-Framework/output/host/arm-buildroot-linux-uclibcgnueabihf/bin --enable-shared --disable-libgomp
Thread model: posix
gcc version 6.4.0 (Buildroot 2018.02.1-g1c99f2c-dirty) 
configure:2980: $? = 0
configure:2969: /home/epl/Jan_7/Linux-Test-Framework/output/host/bin/arm-buildroot-linux-uclibcgnueabihf-gcc -V >&5
arm-buildroot-linux-uclibcgnueabihf-gcc.br_real: error: unrecognized command line option '-V'
arm-buildroot-linux-uclibcgnueabihf-gcc.br_real: fatal error: no input files
compilation terminated.
configure:2980: $? = 1
configure:2969: /home/epl/Jan_7/Linux-Test-Framework/output/host/bin/arm-buildroot-linux-uclibcgnueabihf-gcc -qversion >&5
arm-buildroot-linux-uclibcgnueabihf-gcc.br_real: error: unrecognized command line option '-qversion'; did you mean '--version'?
arm-buildroot-linux-uclibcgnueabihf-gcc.br_real: fatal error: no input files
compilation terminated.
configure:2980: $? = 1
configure:3000: checking whether the C compiler works
configure:3022: /home/epl/Jan_7/Linux-Test-Framework/output/host/bin/arm-buildroot-linux-uclibcgnueabihf-gcc -D_LARGEFILE_SOURCE -D_LARGEFILE64_SOURCE -D_FILE_OFFSET_BITS=64  -Os  -D_LARGEFILE_SOURCE -D_LARGEFILE64_SOURCE -D_FILE_OFFSET_BITS=64  conftest.c  >&5
configure:3026: $? = 0
configure:3074: result: yes
configure:3077: checking for C compiler default output file name
configure:3079: result: a.out
configure:3085: checking for suffix of executables
configure:3092: /home/epl/Jan_7/Linux-Test-Framework/output/host/bin/arm-buildroot-linux-uclibcgnueabihf-gcc -o conftest -D_LARGEFILE_SOURCE -D_LARGEFILE64_SOURCE -D_FILE_OFFSET_BITS=64  -Os  -D_LARGEFILE_SOURCE -D_LARGEFILE64_SOURCE -D_FILE_OFFSET_BITS=64  conftest.c  >&5
configure:3096: $? = 0
configure:3118: result: 
configure:3140: checking whether we are cross compiling
configure:3178: result: yes
configure:3183: checking for suffix of object files
configure:3205: /home/epl/Jan_7/Linux-Test-Framework/output/host/bin/arm-buildroot-linux-uclibcgnueabihf-gcc -c -D_LARGEFILE_SOURCE -D_LARGEFILE64_SOURCE -D_FILE_OFFSET_BITS=64  -Os  -D_LARGEFILE_SOURCE -D_LARGEFILE64_SOURCE -D_FILE_OFFSET_BITS=64 conftest.c >&5
configure:3209: $? = 0
configure:3230: result: o
configure:3234: checking whether we are using the GNU C compiler
configure:3253: /home/epl/Jan_7/Linux-Test-Framework/output/host/bin/arm-buildroot-linux-uclibcgnueabihf-gcc -c -D_LARGEFILE_SOURCE -D_LARGEFILE64_SOURCE -D_FILE_OFFSET_BITS=64  -Os  -D_LARGEFILE_SOURCE -D_LARGEFILE64_SOURCE -D_FILE_OFFSET_BITS=64 conftest.c >&5
configure:3253: $? = 0
configure:3262: result: yes
configure:3271: checking whether /home/epl/Jan_7/Linux-Test-Framework/output/host/bin/arm-buildroot-linux-uclibcgnueabihf-gcc accepts -g
configure:3291: /home/epl/Jan_7/Linux-Test-Framework/output/host/bin/arm-buildroot-linux-uclibcgnueabihf-gcc -c -g -D_LARGEFILE_SOURCE -D_LARGEFILE64_SOURCE -D_FILE_OFFSET_BITS=64 conftest.c >&5
configure:3291: $? = 0
configure:3332: result: yes
configure:3349: checking for /home/epl/Jan_7/Linux-Test-Framework/output/host/bin/arm-buildroot-linux-uclibcgnueabihf-gcc option to accept ISO C89
configure:3412: /home/epl/Jan_7/Linux-Test-Framework/output/host/bin/arm-buildroot-linux-uclibcgnueabihf-gcc  -c -D_LARGEFILE_SOURCE -D_LARGEFILE64_SOURCE -D_FILE_OFFSET_BITS=64  -Os  -D_LARGEFILE_SOURCE -D_LARGEFILE64_SOURCE -D_FILE_OFFSET_BITS=64 conftest.c >&5
configure:3412: $? = 0
configure:3425: result: none needed
configure:3450: checking whether /home/epl/Jan_7/Linux-Test-Framework/output/host/bin/arm-buildroot-linux-uclibcgnueabihf-gcc understands -c and -o together
configure:3472: /home/epl/Jan_7/Linux-Test-Framework/output/host/bin/arm-buildroot-linux-uclibcgnueabihf-gcc -c conftest.c -o conftest2.o
configure:3475: $? = 0
configure:3472: /home/epl/Jan_7/Linux-Test-Framework/output/host/bin/arm-buildroot-linux-uclibcgnueabihf-gcc -c conftest.c -o conftest2.o
configure:3475: $? = 0
configure:3487: result: yes
configure:3510: checking how to run the C preprocessor
configure:3580: result: /home/epl/Jan_7/Linux-Test-Framework/output/host/bin/arm-buildroot-linux-uclibcgnueabihf-cpp
configure:3600: /home/epl/Jan_7/Linux-Test-Framework/output/host/bin/arm-buildroot-linux-uclibcgnueabihf-cpp -D_LARGEFILE_SOURCE -D_LARGEFILE64_SOURCE -D_FILE_OFFSET_BITS=64 conftest.c
configure:3600: $? = 0
configure:3614: /home/epl/Jan_7/Linux-Test-Framework/output/host/bin/arm-buildroot-linux-uclibcgnueabihf-cpp -D_LARGEFILE_SOURCE -D_LARGEFILE64_SOURCE -D_FILE_OFFSET_BITS=64 conftest.c
conftest.c:9:28: fatal error: ac_nonexistent.h: No such file or directory
 #include <ac_nonexistent.h>
                            ^
compilation terminated.
configure:3614: $? = 1
configure: failed program was:
| /* confdefs.h */
| #define PACKAGE_NAME "msmtp"
| #define PACKAGE_TARNAME "msmtp"
| #define PACKAGE_VERSION "1.6.6"
| #define PACKAGE_STRING "msmtp 1.6.6"
| #define PACKAGE_BUGREPORT "marlam@marlam.de"
| #define PACKAGE_URL "http://msmtp.sourceforge.net/"
| /* end confdefs.h.  */
| #include <ac_nonexistent.h>
configure:3643: checking for grep that handles long lines and -e
configure:3701: result: /bin/grep
configure:3706: checking for egrep
configure:3768: result: /bin/grep -E
configure:3773: checking for ANSI C header files
configure:3793: /home/epl/Jan_7/Linux-Test-Framework/output/host/bin/arm-buildroot-linux-uclibcgnueabihf-gcc -c -D_LARGEFILE_SOURCE -D_LARGEFILE64_SOURCE -D_FILE_OFFSET_BITS=64  -Os  -D_LARGEFILE_SOURCE -D_LARGEFILE64_SOURCE -D_FILE_OFFSET_BITS=64 conftest.c >&5
configure:3793: $? = 0
configure:3877: result: yes
configure:3890: checking for sys/types.h
configure:3890: /home/epl/Jan_7/Linux-Test-Framework/output/host/bin/arm-buildroot-linux-uclibcgnueabihf-gcc -c -D_LARGEFILE_SOURCE -D_LARGEFILE64_SOURCE -D_FILE_OFFSET_BITS=64  -Os  -D_LARGEFILE_SOURCE -D_LARGEFILE64_SOURCE -D_FILE_OFFSET_BITS=64 conftest.c >&5
configure:3890: $? = 0
configure:3890: result: yes
configure:3890: checking for sys/stat.h
configure:3890: /home/epl/Jan_7/Linux-Test-Framework/output/host/bin/arm-buildroot-linux-uclibcgnueabihf-gcc -c -D_LARGEFILE_SOURCE -D_LARGEFILE64_SOURCE -D_FILE_OFFSET_BITS=64  -Os  -D_LARGEFILE_SOURCE -D_LARGEFILE64_SOURCE -D_FILE_OFFSET_BITS=64 conftest.c >&5
configure:3890: $? = 0
configure:3890: result: yes
configure:3890: checking for stdlib.h
configure:3890: /home/epl/Jan_7/Linux-Test-Framework/output/host/bin/arm-buildroot-linux-uclibcgnueabihf-gcc -c -D_LARGEFILE_SOURCE -D_LARGEFILE64_SOURCE -D_FILE_OFFSET_BITS=64  -Os  -D_LARGEFILE_SOURCE -D_LARGEFILE64_SOURCE -D_FILE_OFFSET_BITS=64 conftest.c >&5
configure:3890: $? = 0
configure:3890: result: yes
configure:3890: checking for string.h
configure:3890: /home/epl/Jan_7/Linux-Test-Framework/output/host/bin/arm-buildroot-linux-uclibcgnueabihf-gcc -c -D_LARGEFILE_SOURCE -D_LARGEFILE64_SOURCE -D_FILE_OFFSET_BITS=64  -Os  -D_LARGEFILE_SOURCE -D_LARGEFILE64_SOURCE -D_FILE_OFFSET_BITS=64 conftest.c >&5
configure:3890: $? = 0
configure:3890: result: yes
configure:3890: checking for memory.h
configure:3890: /home/epl/Jan_7/Linux-Test-Framework/output/host/bin/arm-buildroot-linux-uclibcgnueabihf-gcc -c -D_LARGEFILE_SOURCE -D_LARGEFILE64_SOURCE -D_FILE_OFFSET_BITS=64  -Os  -D_LARGEFILE_SOURCE -D_LARGEFILE64_SOURCE -D_FILE_OFFSET_BITS=64 conftest.c >&5
configure:3890: $? = 0
configure:3890: result: yes
configure:3890: checking for strings.h
configure:3890: /home/epl/Jan_7/Linux-Test-Framework/output/host/bin/arm-buildroot-linux-uclibcgnueabihf-gcc -c -D_LARGEFILE_SOURCE -D_LARGEFILE64_SOURCE -D_FILE_OFFSET_BITS=64  -Os  -D_LARGEFILE_SOURCE -D_LARGEFILE64_SOURCE -D_FILE_OFFSET_BITS=64 conftest.c >&5
configure:3890: $? = 0
configure:3890: result: yes
configure:3890: checking for inttypes.h
configure:3890: /home/epl/Jan_7/Linux-Test-Framework/output/host/bin/arm-buildroot-linux-uclibcgnueabihf-gcc -c -D_LARGEFILE_SOURCE -D_LARGEFILE64_SOURCE -D_FILE_OFFSET_BITS=64  -Os  -D_LARGEFILE_SOURCE -D_LARGEFILE64_SOURCE -D_FILE_OFFSET_BITS=64 conftest.c >&5
configure:3890: $? = 0
configure:3890: result: yes
configure:3890: checking for stdint.h
configure:3890: /home/epl/Jan_7/Linux-Test-Framework/output/host/bin/arm-buildroot-linux-uclibcgnueabihf-gcc -c -D_LARGEFILE_SOURCE -D_LARGEFILE64_SOURCE -D_FILE_OFFSET_BITS=64  -Os  -D_LARGEFILE_SOURCE -D_LARGEFILE64_SOURCE -D_FILE_OFFSET_BITS=64 conftest.c >&5
configure:3890: $? = 0
configure:3890: result: yes
configure:3890: checking for unistd.h
configure:3890: /home/epl/Jan_7/Linux-Test-Framework/output/host/bin/arm-buildroot-linux-uclibcgnueabihf-gcc -c -D_LARGEFILE_SOURCE -D_LARGEFILE64_SOURCE -D_FILE_OFFSET_BITS=64  -Os  -D_LARGEFILE_SOURCE -D_LARGEFILE64_SOURCE -D_FILE_OFFSET_BITS=64 conftest.c >&5
configure:3890: $? = 0
configure:3890: result: yes
configure:3903: checking minix/config.h usability
configure:3903: /home/epl/Jan_7/Linux-Test-Framework/output/host/bin/arm-buildroot-linux-uclibcgnueabihf-gcc -c -D_LARGEFILE_SOURCE -D_LARGEFILE64_SOURCE -D_FILE_OFFSET_BITS=64  -Os  -D_LARGEFILE_SOURCE -D_LARGEFILE64_SOURCE -D_FILE_OFFSET_BITS=64 conftest.c >&5
conftest.c:52:26: fatal error: minix/config.h: No such file or directory
 #include <minix/config.h>
                          ^
compilation terminated.
configure:3903: $? = 1
configure: failed program was:
| /* confdefs.h */
| #define PACKAGE_NAME "msmtp"
| #define PACKAGE_TARNAME "msmtp"
| #define PACKAGE_VERSION "1.6.6"
| #define PACKAGE_STRING "msmtp 1.6.6"
| #define PACKAGE_BUGREPORT "marlam@marlam.de"
| #define PACKAGE_URL "http://msmtp.sourceforge.net/"
| #define STDC_HEADERS 1
| #define HAVE_SYS_TYPES_H 1
| #define HAVE_SYS_STAT_H 1
| #define HAVE_STDLIB_H 1
| #define HAVE_STRING_H 1
| #define HAVE_MEMORY_H 1
| #define HAVE_STRINGS_H 1
| #define HAVE_INTTYPES_H 1
| #define HAVE_STDINT_H 1
| #define HAVE_UNISTD_H 1
| /* end confdefs.h.  */
| #include <stdio.h>
| #ifdef HAVE_SYS_TYPES_H
| # include <sys/types.h>
| #endif
| #ifdef HAVE_SYS_STAT_H
| # include <sys/stat.h>
| #endif
| #ifdef STDC_HEADERS
| # include <stdlib.h>
| # include <stddef.h>
| #else
| # ifdef HAVE_STDLIB_H
| #  include <stdlib.h>
| # endif
| #endif
| #ifdef HAVE_STRING_H
| # if !defined STDC_HEADERS && defined HAVE_MEMORY_H
| #  include <memory.h>
| # endif
| # include <string.h>
| #endif
| #ifdef HAVE_STRINGS_H
| # include <strings.h>
| #endif
| #ifdef HAVE_INTTYPES_H
| # include <inttypes.h>
| #endif
| #ifdef HAVE_STDINT_H
| # include <stdint.h>
| #endif
| #ifdef HAVE_UNISTD_H
| # include <unistd.h>
| #endif
| #include <minix/config.h>
configure:3903: result: no
configure:3903: checking minix/config.h presence
configure:3903: /home/epl/Jan_7/Linux-Test-Framework/output/host/bin/arm-buildroot-linux-uclibcgnueabihf-cpp -D_LARGEFILE_SOURCE -D_LARGEFILE64_SOURCE -D_FILE_OFFSET_BITS=64 conftest.c
conftest.c:19:26: fatal error: minix/config.h: No such file or directory
 #include <minix/config.h>
                          ^
compilation terminated.
configure:3903: $? = 1
configure: failed program was:
| /* confdefs.h */
| #define PACKAGE_NAME "msmtp"
| #define PACKAGE_TARNAME "msmtp"
| #define PACKAGE_VERSION "1.6.6"
| #define PACKAGE_STRING "msmtp 1.6.6"
| #define PACKAGE_BUGREPORT "marlam@marlam.de"
| #define PACKAGE_URL "http://msmtp.sourceforge.net/"
| #define STDC_HEADERS 1
| #define HAVE_SYS_TYPES_H 1
| #define HAVE_SYS_STAT_H 1
| #define HAVE_STDLIB_H 1
| #define HAVE_STRING_H 1
| #define HAVE_MEMORY_H 1
| #define HAVE_STRINGS_H 1
| #define HAVE_INTTYPES_H 1
| #define HAVE_STDINT_H 1
| #define HAVE_UNISTD_H 1
| /* end confdefs.h.  */
| #include <minix/config.h>
configure:3903: result: no
configure:3903: checking for minix/config.h
configure:3903: result: no
configure:3924: checking whether it is safe to define __EXTENSIONS__
configure:3942: /home/epl/Jan_7/Linux-Test-Framework/output/host/bin/arm-buildroot-linux-uclibcgnueabihf-gcc -c -D_LARGEFILE_SOURCE -D_LARGEFILE64_SOURCE -D_FILE_OFFSET_BITS=64  -Os  -D_LARGEFILE_SOURCE -D_LARGEFILE64_SOURCE -D_FILE_OFFSET_BITS=64 conftest.c >&5
configure:3942: $? = 0
configure:3949: result: yes
configure:3970: checking for special C compiler options needed for large files
configure:4015: result: no
configure:4021: checking for _FILE_OFFSET_BITS value needed for large files
configure:4046: /home/epl/Jan_7/Linux-Test-Framework/output/host/bin/arm-buildroot-linux-uclibcgnueabihf-gcc -c -D_LARGEFILE_SOURCE -D_LARGEFILE64_SOURCE -D_FILE_OFFSET_BITS=64  -Os  -D_LARGEFILE_SOURCE -D_LARGEFILE64_SOURCE -D_FILE_OFFSET_BITS=64 conftest.c >&5
configure:4046: $? = 0
configure:4078: result: no
configure:4179: checking for a BSD-compatible install
configure:4247: result: /usr/bin/install -c
configure:4258: checking whether build environment is sane
configure:4313: result: yes
configure:4369: checking for arm-buildroot-linux-uclibcgnueabihf-strip
configure:4396: result: /home/epl/Jan_7/Linux-Test-Framework/output/host/bin/arm-buildroot-linux-uclibcgnueabihf-strip
configure:4461: checking for a thread-safe mkdir -p
configure:4500: result: /bin/mkdir -p
configure:4507: checking for gawk
configure:4523: found /usr/bin/gawk
configure:4534: result: gawk
configure:4545: checking whether make sets $(MAKE)
configure:4567: result: yes
configure:4597: checking for style of include used by make
configure:4625: result: GNU
configure:4659: checking whether make supports nested variables
configure:4676: result: yes
configure:4761: checking dependency style of /home/epl/Jan_7/Linux-Test-Framework/output/host/bin/arm-buildroot-linux-uclibcgnueabihf-gcc
configure:4872: result: none
configure:4941: checking whether make supports nested variables
configure:4958: result: yes
configure:4977: checking for arm-buildroot-linux-uclibcgnueabihf-gcc
configure:5004: result: /home/epl/Jan_7/Linux-Test-Framework/output/host/bin/arm-buildroot-linux-uclibcgnueabihf-gcc
configure:5273: checking for C compiler version
configure:5282: /home/epl/Jan_7/Linux-Test-Framework/output/host/bin/arm-buildroot-linux-uclibcgnueabihf-gcc --version >&5
arm-buildroot-linux-uclibcgnueabihf-gcc.br_real (Buildroot 2018.02.1-g1c99f2c-dirty) 6.4.0
Copyright (C) 2017 Free Software Foundation, Inc.
This is free software; see the source for copying conditions.  There is NO
warranty; not even for MERCHANTABILITY or FITNESS FOR A PARTICULAR PURPOSE.

configure:5293: $? = 0
configure:5282: /home/epl/Jan_7/Linux-Test-Framework/output/host/bin/arm-buildroot-linux-uclibcgnueabihf-gcc -v >&5
Using built-in specs.
COLLECT_GCC=/home/epl/Jan_7/Linux-Test-Framework/output/host/bin/arm-buildroot-linux-uclibcgnueabihf-gcc.br_real
COLLECT_LTO_WRAPPER=/home/epl/Jan_7/Linux-Test-Framework/output/host/libexec/gcc/arm-buildroot-linux-uclibcgnueabihf/6.4.0/lto-wrapper
Target: arm-buildroot-linux-uclibcgnueabihf
Configured with: ./configure --prefix=/home/epl/Jan_7/Linux-Test-Framework/output/host --sysconfdir=/home/epl/Jan_7/Linux-Test-Framework/output/host/etc --enable-static --target=arm-buildroot-linux-uclibcgnueabihf --with-sysroot=/home/epl/Jan_7/Linux-Test-Framework/output/host/arm-buildroot-linux-uclibcgnueabihf/sysroot --disable-__cxa_atexit --with-gnu-ld --disable-libssp --disable-multilib --with-gmp=/home/epl/Jan_7/Linux-Test-Framework/output/host --with-mpc=/home/epl/Jan_7/Linux-Test-Framework/output/host --with-mpfr=/home/epl/Jan_7/Linux-Test-Framework/output/host --with-pkgversion='Buildroot 2018.02.1-g1c99f2c-dirty' --with-bugurl=http://bugs.buildroot.net/ --disable-libquadmath --disable-libsanitizer --enable-tls --disable-libmudflap --enable-threads --without-isl --without-cloog --disable-decimal-float --with-abi=aapcs-linux --with-cpu=cortex-a7 --with-fpu=neon-vfpv4 --with-float=hard --with-mode=arm --enable-languages=c,c++ --with-build-time-tools=/home/epl/Jan_7/Linux-Test-Framework/output/host/arm-buildroot-linux-uclibcgnueabihf/bin --enable-shared --disable-libgomp
Thread model: posix
gcc version 6.4.0 (Buildroot 2018.02.1-g1c99f2c-dirty) 
configure:5293: $? = 0
configure:5282: /home/epl/Jan_7/Linux-Test-Framework/output/host/bin/arm-buildroot-linux-uclibcgnueabihf-gcc -V >&5
arm-buildroot-linux-uclibcgnueabihf-gcc.br_real: error: unrecognized command line option '-V'
arm-buildroot-linux-uclibcgnueabihf-gcc.br_real: fatal error: no input files
compilation terminated.
configure:5293: $? = 1
configure:5282: /home/epl/Jan_7/Linux-Test-Framework/output/host/bin/arm-buildroot-linux-uclibcgnueabihf-gcc -qversion >&5
arm-buildroot-linux-uclibcgnueabihf-gcc.br_real: error: unrecognized command line option '-qversion'; did you mean '--version'?
arm-buildroot-linux-uclibcgnueabihf-gcc.br_real: fatal error: no input files
compilation terminated.
configure:5293: $? = 1
configure:5297: checking whether we are using the GNU C compiler
configure:5325: result: yes
configure:5334: checking whether /home/epl/Jan_7/Linux-Test-Framework/output/host/bin/arm-buildroot-linux-uclibcgnueabihf-gcc accepts -g
configure:5395: result: yes
configure:5412: checking for /home/epl/Jan_7/Linux-Test-Framework/output/host/bin/arm-buildroot-linux-uclibcgnueabihf-gcc option to accept ISO C89
configure:5488: result: none needed
configure:5513: checking whether /home/epl/Jan_7/Linux-Test-Framework/output/host/bin/arm-buildroot-linux-uclibcgnueabihf-gcc understands -c and -o together
configure:5550: result: yes
configure:5582: checking for a sed that does not truncate output
configure:5646: result: /bin/sed
configure:5652: checking whether NLS is requested
configure:5661: result: no
configure:5701: checking for msgfmt
configure: trying /home/epl/Jan_7/Linux-Test-Framework/output/host/bin/msgfmt...
0 translated messages.
configure:5733: result: /home/epl/Jan_7/Linux-Test-Framework/output/host/bin/msgfmt
configure:5742: checking for gmsgfmt
configure:5773: result: /home/epl/Jan_7/Linux-Test-Framework/output/host/bin/msgfmt
configure:5823: checking for xgettext
configure: trying /home/epl/Jan_7/Linux-Test-Framework/output/host/bin/xgettext...
/home/epl/Jan_7/Linux-Test-Framework/output/host/bin/xgettext: warning: file '/dev/null' extension '' is unknown; will try C
configure:5855: result: /home/epl/Jan_7/Linux-Test-Framework/output/host/bin/xgettext
configure:5900: checking for msgmerge
configure: trying /home/epl/Jan_7/Linux-Test-Framework/output/host/bin/msgmerge...
configure:5931: result: /home/epl/Jan_7/Linux-Test-Framework/output/host/bin/msgmerge
configure:5989: checking for ld used by /home/epl/Jan_7/Linux-Test-Framework/output/host/bin/arm-buildroot-linux-uclibcgnueabihf-gcc
configure:6056: result: /home/epl/Jan_7/Linux-Test-Framework/output/host/bin/arm-buildroot-linux-uclibcgnueabihf-ld
configure:6063: checking if the linker (/home/epl/Jan_7/Linux-Test-Framework/output/host/bin/arm-buildroot-linux-uclibcgnueabihf-ld) is GNU ld
configure:6078: result: yes
configure:6085: checking for shared library run path origin
configure:6098: result: done
configure:6670: checking for CFPreferencesCopyAppValue
configure:6688: /home/epl/Jan_7/Linux-Test-Framework/output/host/bin/arm-buildroot-linux-uclibcgnueabihf-gcc -o conftest -D_LARGEFILE_SOURCE -D_LARGEFILE64_SOURCE -D_FILE_OFFSET_BITS=64  -Os  -D_LARGEFILE_SOURCE -D_LARGEFILE64_SOURCE -D_FILE_OFFSET_BITS=64  conftest.c  -Wl,-framework -Wl,CoreFoundation >&5
conftest.c:27:42: fatal error: CoreFoundation/CFPreferences.h: No such file or directory
 #include <CoreFoundation/CFPreferences.h>
                                          ^
compilation terminated.
configure:6688: $? = 1
configure: failed program was:
| /* confdefs.h */
| #define PACKAGE_NAME "msmtp"
| #define PACKAGE_TARNAME "msmtp"
| #define PACKAGE_VERSION "1.6.6"
| #define PACKAGE_STRING "msmtp 1.6.6"
| #define PACKAGE_BUGREPORT "marlam@marlam.de"
| #define PACKAGE_URL "http://msmtp.sourceforge.net/"
| #define STDC_HEADERS 1
| #define HAVE_SYS_TYPES_H 1
| #define HAVE_SYS_STAT_H 1
| #define HAVE_STDLIB_H 1
| #define HAVE_STRING_H 1
| #define HAVE_MEMORY_H 1
| #define HAVE_STRINGS_H 1
| #define HAVE_INTTYPES_H 1
| #define HAVE_STDINT_H 1
| #define HAVE_UNISTD_H 1
| #define __EXTENSIONS__ 1
| #define _ALL_SOURCE 1
| #define _GNU_SOURCE 1
| #define _POSIX_PTHREAD_SEMANTICS 1
| #define _TANDEM_SOURCE 1
| #define PACKAGE "msmtp"
| #define VERSION "1.6.6"
| #define PLATFORM "arm-buildroot-linux-uclibcgnueabihf"
| /* end confdefs.h.  */
| #include <CoreFoundation/CFPreferences.h>
| int
| main ()
| {
| CFPreferencesCopyAppValue(NULL, NULL)
|   ;
|   return 0;
| }
configure:6697: result: no
configure:6704: checking for CFLocaleCopyCurrent
configure:6722: /home/epl/Jan_7/Linux-Test-Framework/output/host/bin/arm-buildroot-linux-uclibcgnueabihf-gcc -o conftest -D_LARGEFILE_SOURCE -D_LARGEFILE64_SOURCE -D_FILE_OFFSET_BITS=64  -Os  -D_LARGEFILE_SOURCE -D_LARGEFILE64_SOURCE -D_FILE_OFFSET_BITS=64  conftest.c  -Wl,-framework -Wl,CoreFoundation >&5
conftest.c:27:37: fatal error: CoreFoundation/CFLocale.h: No such file or directory
 #include <CoreFoundation/CFLocale.h>
                                     ^
compilation terminated.
configure:6722: $? = 1
configure: failed program was:
| /* confdefs.h */
| #define PACKAGE_NAME "msmtp"
| #define PACKAGE_TARNAME "msmtp"
| #define PACKAGE_VERSION "1.6.6"
| #define PACKAGE_STRING "msmtp 1.6.6"
| #define PACKAGE_BUGREPORT "marlam@marlam.de"
| #define PACKAGE_URL "http://msmtp.sourceforge.net/"
| #define STDC_HEADERS 1
| #define HAVE_SYS_TYPES_H 1
| #define HAVE_SYS_STAT_H 1
| #define HAVE_STDLIB_H 1
| #define HAVE_STRING_H 1
| #define HAVE_MEMORY_H 1
| #define HAVE_STRINGS_H 1
| #define HAVE_INTTYPES_H 1
| #define HAVE_STDINT_H 1
| #define HAVE_UNISTD_H 1
| #define __EXTENSIONS__ 1
| #define _ALL_SOURCE 1
| #define _GNU_SOURCE 1
| #define _POSIX_PTHREAD_SEMANTICS 1
| #define _TANDEM_SOURCE 1
| #define PACKAGE "msmtp"
| #define VERSION "1.6.6"
| #define PLATFORM "arm-buildroot-linux-uclibcgnueabihf"
| /* end confdefs.h.  */
| #include <CoreFoundation/CFLocale.h>
| int
| main ()
| {
| CFLocaleCopyCurrent();
|   ;
|   return 0;
| }
configure:6731: result: no
configure:7665: checking whether to use NLS
configure:7667: result: no
configure:7742: checking sysexits.h usability
configure:7742: /home/epl/Jan_7/Linux-Test-Framework/output/host/bin/arm-buildroot-linux-uclibcgnueabihf-gcc -c -D_LARGEFILE_SOURCE -D_LARGEFILE64_SOURCE -D_FILE_OFFSET_BITS=64  -Os  -D_LARGEFILE_SOURCE -D_LARGEFILE64_SOURCE -D_FILE_OFFSET_BITS=64 conftest.c >&5
configure:7742: $? = 0
configure:7742: result: yes
configure:7742: checking sysexits.h presence
configure:7742: /home/epl/Jan_7/Linux-Test-Framework/output/host/bin/arm-buildroot-linux-uclibcgnueabihf-cpp -D_LARGEFILE_SOURCE -D_LARGEFILE64_SOURCE -D_FILE_OFFSET_BITS=64 conftest.c
configure:7742: $? = 0
configure:7742: result: yes
configure:7742: checking for sysexits.h
configure:7742: result: yes
configure:7742: checking netdb.h usability
configure:7742: /home/epl/Jan_7/Linux-Test-Framework/output/host/bin/arm-buildroot-linux-uclibcgnueabihf-gcc -c -D_LARGEFILE_SOURCE -D_LARGEFILE64_SOURCE -D_FILE_OFFSET_BITS=64  -Os  -D_LARGEFILE_SOURCE -D_LARGEFILE64_SOURCE -D_FILE_OFFSET_BITS=64 conftest.c >&5
configure:7742: $? = 0
configure:7742: result: yes
configure:7742: checking netdb.h presence
configure:7742: /home/epl/Jan_7/Linux-Test-Framework/output/host/bin/arm-buildroot-linux-uclibcgnueabihf-cpp -D_LARGEFILE_SOURCE -D_LARGEFILE64_SOURCE -D_FILE_OFFSET_BITS=64 conftest.c
configure:7742: $? = 0
configure:7742: result: yes
configure:7742: checking for netdb.h
configure:7742: result: yes
configure:7742: checking arpa/inet.h usability
configure:7742: /home/epl/Jan_7/Linux-Test-Framework/output/host/bin/arm-buildroot-linux-uclibcgnueabihf-gcc -c -D_LARGEFILE_SOURCE -D_LARGEFILE64_SOURCE -D_FILE_OFFSET_BITS=64  -Os  -D_LARGEFILE_SOURCE -D_LARGEFILE64_SOURCE -D_FILE_OFFSET_BITS=64 conftest.c >&5
configure:7742: $? = 0
configure:7742: result: yes
configure:7742: checking arpa/inet.h presence
configure:7742: /home/epl/Jan_7/Linux-Test-Framework/output/host/bin/arm-buildroot-linux-uclibcgnueabihf-cpp -D_LARGEFILE_SOURCE -D_LARGEFILE64_SOURCE -D_FILE_OFFSET_BITS=64 conftest.c
configure:7742: $? = 0
configure:7742: result: yes
configure:7742: checking for arpa/inet.h
configure:7742: result: yes
configure:7742: checking sys/socket.h usability
configure:7742: /home/epl/Jan_7/Linux-Test-Framework/output/host/bin/arm-buildroot-linux-uclibcgnueabihf-gcc -c -D_LARGEFILE_SOURCE -D_LARGEFILE64_SOURCE -D_FILE_OFFSET_BITS=64  -Os  -D_LARGEFILE_SOURCE -D_LARGEFILE64_SOURCE -D_FILE_OFFSET_BITS=64 conftest.c >&5
configure:7742: $? = 0
configure:7742: result: yes
configure:7742: checking sys/socket.h presence
configure:7742: /home/epl/Jan_7/Linux-Test-Framework/output/host/bin/arm-buildroot-linux-uclibcgnueabihf-cpp -D_LARGEFILE_SOURCE -D_LARGEFILE64_SOURCE -D_FILE_OFFSET_BITS=64 conftest.c
configure:7742: $? = 0
configure:7742: result: yes
configure:7742: checking for sys/socket.h
configure:7742: result: yes
configure:7742: checking sys/wait.h usability
configure:7742: /home/epl/Jan_7/Linux-Test-Framework/output/host/bin/arm-buildroot-linux-uclibcgnueabihf-gcc -c -D_LARGEFILE_SOURCE -D_LARGEFILE64_SOURCE -D_FILE_OFFSET_BITS=64  -Os  -D_LARGEFILE_SOURCE -D_LARGEFILE64_SOURCE -D_FILE_OFFSET_BITS=64 conftest.c >&5
configure:7742: $? = 0
configure:7742: result: yes
configure:7742: checking sys/wait.h presence
configure:7742: /home/epl/Jan_7/Linux-Test-Framework/output/host/bin/arm-buildroot-linux-uclibcgnueabihf-cpp -D_LARGEFILE_SOURCE -D_LARGEFILE64_SOURCE -D_FILE_OFFSET_BITS=64 conftest.c
configure:7742: $? = 0
configure:7742: result: yes
configure:7742: checking for sys/wait.h
configure:7742: result: yes
configure:7755: checking for fmemopen
configure:7755: /home/epl/Jan_7/Linux-Test-Framework/output/host/bin/arm-buildroot-linux-uclibcgnueabihf-gcc -o conftest -D_LARGEFILE_SOURCE -D_LARGEFILE64_SOURCE -D_FILE_OFFSET_BITS=64  -Os  -D_LARGEFILE_SOURCE -D_LARGEFILE64_SOURCE -D_FILE_OFFSET_BITS=64  conftest.c  >&5
configure:7755: $? = 0
configure:7755: result: yes
configure:7755: checking for fseeko
configure:7755: /home/epl/Jan_7/Linux-Test-Framework/output/host/bin/arm-buildroot-linux-uclibcgnueabihf-gcc -o conftest -D_LARGEFILE_SOURCE -D_LARGEFILE64_SOURCE -D_FILE_OFFSET_BITS=64  -Os  -D_LARGEFILE_SOURCE -D_LARGEFILE64_SOURCE -D_FILE_OFFSET_BITS=64  conftest.c  >&5
configure:7755: $? = 0
configure:7755: result: yes
configure:7755: checking for fseeko64
configure:7755: /home/epl/Jan_7/Linux-Test-Framework/output/host/bin/arm-buildroot-linux-uclibcgnueabihf-gcc -o conftest -D_LARGEFILE_SOURCE -D_LARGEFILE64_SOURCE -D_FILE_OFFSET_BITS=64  -Os  -D_LARGEFILE_SOURCE -D_LARGEFILE64_SOURCE -D_FILE_OFFSET_BITS=64  conftest.c  >&5
configure:7755: $? = 0
configure:7755: result: yes
configure:7755: checking for getpass
configure:7755: /home/epl/Jan_7/Linux-Test-Framework/output/host/bin/arm-buildroot-linux-uclibcgnueabihf-gcc -o conftest -D_LARGEFILE_SOURCE -D_LARGEFILE64_SOURCE -D_FILE_OFFSET_BITS=64  -Os  -D_LARGEFILE_SOURCE -D_LARGEFILE64_SOURCE -D_FILE_OFFSET_BITS=64  conftest.c  >&5
configure:7755: $? = 0
configure:7755: result: yes
configure:7755: checking for getservbyname
configure:7755: /home/epl/Jan_7/Linux-Test-Framework/output/host/bin/arm-buildroot-linux-uclibcgnueabihf-gcc -o conftest -D_LARGEFILE_SOURCE -D_LARGEFILE64_SOURCE -D_FILE_OFFSET_BITS=64  -Os  -D_LARGEFILE_SOURCE -D_LARGEFILE64_SOURCE -D_FILE_OFFSET_BITS=64  conftest.c  >&5
configure:7755: $? = 0
configure:7755: result: yes
configure:7755: checking for link
configure:7755: /home/epl/Jan_7/Linux-Test-Framework/output/host/bin/arm-buildroot-linux-uclibcgnueabihf-gcc -o conftest -D_LARGEFILE_SOURCE -D_LARGEFILE64_SOURCE -D_FILE_OFFSET_BITS=64  -Os  -D_LARGEFILE_SOURCE -D_LARGEFILE64_SOURCE -D_FILE_OFFSET_BITS=64  conftest.c  >&5
configure:7755: $? = 0
configure:7755: result: yes
configure:7755: checking for mkstemp
configure:7755: /home/epl/Jan_7/Linux-Test-Framework/output/host/bin/arm-buildroot-linux-uclibcgnueabihf-gcc -o conftest -D_LARGEFILE_SOURCE -D_LARGEFILE64_SOURCE -D_FILE_OFFSET_BITS=64  -Os  -D_LARGEFILE_SOURCE -D_LARGEFILE64_SOURCE -D_FILE_OFFSET_BITS=64  conftest.c  >&5
configure:7755: $? = 0
configure:7755: result: yes
configure:7755: checking for strndup
configure:7755: /home/epl/Jan_7/Linux-Test-Framework/output/host/bin/arm-buildroot-linux-uclibcgnueabihf-gcc -o conftest -D_LARGEFILE_SOURCE -D_LARGEFILE64_SOURCE -D_FILE_OFFSET_BITS=64  -Os  -D_LARGEFILE_SOURCE -D_LARGEFILE64_SOURCE -D_FILE_OFFSET_BITS=64  conftest.c  >&5
conftest.c:62:6: warning: conflicting types for built-in function 'strndup'
 char strndup ();
      ^~~~~~~
configure:7755: $? = 0
configure:7755: result: yes
configure:7755: checking for syslog
configure:7755: /home/epl/Jan_7/Linux-Test-Framework/output/host/bin/arm-buildroot-linux-uclibcgnueabihf-gcc -o conftest -D_LARGEFILE_SOURCE -D_LARGEFILE64_SOURCE -D_FILE_OFFSET_BITS=64  -Os  -D_LARGEFILE_SOURCE -D_LARGEFILE64_SOURCE -D_FILE_OFFSET_BITS=64  conftest.c  >&5
configure:7755: $? = 0
configure:7755: result: yes
configure:7755: checking for vasprintf
configure:7755: /home/epl/Jan_7/Linux-Test-Framework/output/host/bin/arm-buildroot-linux-uclibcgnueabihf-gcc -o conftest -D_LARGEFILE_SOURCE -D_LARGEFILE64_SOURCE -D_FILE_OFFSET_BITS=64  -Os  -D_LARGEFILE_SOURCE -D_LARGEFILE64_SOURCE -D_FILE_OFFSET_BITS=64  conftest.c  >&5
configure:7755: $? = 0
configure:7755: result: yes
configure:7764: checking for library containing nanosleep
configure:7795: /home/epl/Jan_7/Linux-Test-Framework/output/host/bin/arm-buildroot-linux-uclibcgnueabihf-gcc -o conftest -D_LARGEFILE_SOURCE -D_LARGEFILE64_SOURCE -D_FILE_OFFSET_BITS=64  -Os  -D_LARGEFILE_SOURCE -D_LARGEFILE64_SOURCE -D_FILE_OFFSET_BITS=64  conftest.c  >&5
configure:7795: $? = 0
configure:7812: result: none required
configure:7820: checking for library containing socket
configure:7851: /home/epl/Jan_7/Linux-Test-Framework/output/host/bin/arm-buildroot-linux-uclibcgnueabihf-gcc -o conftest -D_LARGEFILE_SOURCE -D_LARGEFILE64_SOURCE -D_FILE_OFFSET_BITS=64  -Os  -D_LARGEFILE_SOURCE -D_LARGEFILE64_SOURCE -D_FILE_OFFSET_BITS=64  conftest.c  >&5
configure:7851: $? = 0
configure:7868: result: none required
configure:7880: checking size of long long
configure:7885: /home/epl/Jan_7/Linux-Test-Framework/output/host/bin/arm-buildroot-linux-uclibcgnueabihf-gcc -c -D_LARGEFILE_SOURCE -D_LARGEFILE64_SOURCE -D_FILE_OFFSET_BITS=64  -Os  -D_LARGEFILE_SOURCE -D_LARGEFILE64_SOURCE -D_FILE_OFFSET_BITS=64 conftest.c >&5
configure:7885: $? = 0
configure:7885: /home/epl/Jan_7/Linux-Test-Framework/output/host/bin/arm-buildroot-linux-uclibcgnueabihf-gcc -c -D_LARGEFILE_SOURCE -D_LARGEFILE64_SOURCE -D_FILE_OFFSET_BITS=64  -Os  -D_LARGEFILE_SOURCE -D_LARGEFILE64_SOURCE -D_FILE_OFFSET_BITS=64 conftest.c >&5
conftest.c: In function 'main':
conftest.c:78:12: error: size of array 'test_array' is negative
 static int test_array [1 - 2 * !(((long int) (sizeof (long long))) <= 0)];
            ^~~~~~~~~~
configure:7885: $? = 1
configure: failed program was:
| /* confdefs.h */
| #define PACKAGE_NAME "msmtp"
| #define PACKAGE_TARNAME "msmtp"
| #define PACKAGE_VERSION "1.6.6"
| #define PACKAGE_STRING "msmtp 1.6.6"
| #define PACKAGE_BUGREPORT "marlam@marlam.de"
| #define PACKAGE_URL "http://msmtp.sourceforge.net/"
| #define STDC_HEADERS 1
| #define HAVE_SYS_TYPES_H 1
| #define HAVE_SYS_STAT_H 1
| #define HAVE_STDLIB_H 1
| #define HAVE_STRING_H 1
| #define HAVE_MEMORY_H 1
| #define HAVE_STRINGS_H 1
| #define HAVE_INTTYPES_H 1
| #define HAVE_STDINT_H 1
| #define HAVE_UNISTD_H 1
| #define __EXTENSIONS__ 1
| #define _ALL_SOURCE 1
| #define _GNU_SOURCE 1
| #define _POSIX_PTHREAD_SEMANTICS 1
| #define _TANDEM_SOURCE 1
| #define PACKAGE "msmtp"
| #define VERSION "1.6.6"
| #define PLATFORM "arm-buildroot-linux-uclibcgnueabihf"
| #define HAVE_SYSEXITS_H 1
| #define HAVE_NETDB_H 1
| #define HAVE_ARPA_INET_H 1
| #define HAVE_SYS_SOCKET_H 1
| #define HAVE_SYS_WAIT_H 1
| #define HAVE_FMEMOPEN 1
| #define HAVE_FSEEKO 1
| #define HAVE_FSEEKO64 1
| #define HAVE_GETPASS 1
| #define HAVE_GETSERVBYNAME 1
| #define HAVE_LINK 1
| #define HAVE_MKSTEMP 1
| #define HAVE_STRNDUP 1
| #define HAVE_SYSLOG 1
| #define HAVE_VASPRINTF 1
| /* end confdefs.h.  */
| #include <stdio.h>
| #ifdef HAVE_SYS_TYPES_H
| # include <sys/types.h>
| #endif
| #ifdef HAVE_SYS_STAT_H
| # include <sys/stat.h>
| #endif
| #ifdef STDC_HEADERS
| # include <stdlib.h>
| # include <stddef.h>
| #else
| # ifdef HAVE_STDLIB_H
| #  include <stdlib.h>
| # endif
| #endif
| #ifdef HAVE_STRING_H
| # if !defined STDC_HEADERS && defined HAVE_MEMORY_H
| #  include <memory.h>
| # endif
| # include <string.h>
| #endif
| #ifdef HAVE_STRINGS_H
| # include <strings.h>
| #endif
| #ifdef HAVE_INTTYPES_H
| # include <inttypes.h>
| #endif
| #ifdef HAVE_STDINT_H
| # include <stdint.h>
| #endif
| #ifdef HAVE_UNISTD_H
| # include <unistd.h>
| #endif
| int
| main ()
| {
| static int test_array [1 - 2 * !(((long int) (sizeof (long long))) <= 0)];
| test_array [0] = 0;
| return test_array [0];
| 
|   ;
|   return 0;
| }
configure:7885: /home/epl/Jan_7/Linux-Test-Framework/output/host/bin/arm-buildroot-linux-uclibcgnueabihf-gcc -c -D_LARGEFILE_SOURCE -D_LARGEFILE64_SOURCE -D_FILE_OFFSET_BITS=64  -Os  -D_LARGEFILE_SOURCE -D_LARGEFILE64_SOURCE -D_FILE_OFFSET_BITS=64 conftest.c >&5
conftest.c: In function 'main':
conftest.c:78:12: error: size of array 'test_array' is negative
 static int test_array [1 - 2 * !(((long int) (sizeof (long long))) <= 1)];
            ^~~~~~~~~~
configure:7885: $? = 1
configure: failed program was:
| /* confdefs.h */
| #define PACKAGE_NAME "msmtp"
| #define PACKAGE_TARNAME "msmtp"
| #define PACKAGE_VERSION "1.6.6"
| #define PACKAGE_STRING "msmtp 1.6.6"
| #define PACKAGE_BUGREPORT "marlam@marlam.de"
| #define PACKAGE_URL "http://msmtp.sourceforge.net/"
| #define STDC_HEADERS 1
| #define HAVE_SYS_TYPES_H 1
| #define HAVE_SYS_STAT_H 1
| #define HAVE_STDLIB_H 1
| #define HAVE_STRING_H 1
| #define HAVE_MEMORY_H 1
| #define HAVE_STRINGS_H 1
| #define HAVE_INTTYPES_H 1
| #define HAVE_STDINT_H 1
| #define HAVE_UNISTD_H 1
| #define __EXTENSIONS__ 1
| #define _ALL_SOURCE 1
| #define _GNU_SOURCE 1
| #define _POSIX_PTHREAD_SEMANTICS 1
| #define _TANDEM_SOURCE 1
| #define PACKAGE "msmtp"
| #define VERSION "1.6.6"
| #define PLATFORM "arm-buildroot-linux-uclibcgnueabihf"
| #define HAVE_SYSEXITS_H 1
| #define HAVE_NETDB_H 1
| #define HAVE_ARPA_INET_H 1
| #define HAVE_SYS_SOCKET_H 1
| #define HAVE_SYS_WAIT_H 1
| #define HAVE_FMEMOPEN 1
| #define HAVE_FSEEKO 1
| #define HAVE_FSEEKO64 1
| #define HAVE_GETPASS 1
| #define HAVE_GETSERVBYNAME 1
| #define HAVE_LINK 1
| #define HAVE_MKSTEMP 1
| #define HAVE_STRNDUP 1
| #define HAVE_SYSLOG 1
| #define HAVE_VASPRINTF 1
| /* end confdefs.h.  */
| #include <stdio.h>
| #ifdef HAVE_SYS_TYPES_H
| # include <sys/types.h>
| #endif
| #ifdef HAVE_SYS_STAT_H
| # include <sys/stat.h>
| #endif
| #ifdef STDC_HEADERS
| # include <stdlib.h>
| # include <stddef.h>
| #else
| # ifdef HAVE_STDLIB_H
| #  include <stdlib.h>
| # endif
| #endif
| #ifdef HAVE_STRING_H
| # if !defined STDC_HEADERS && defined HAVE_MEMORY_H
| #  include <memory.h>
| # endif
| # include <string.h>
| #endif
| #ifdef HAVE_STRINGS_H
| # include <strings.h>
| #endif
| #ifdef HAVE_INTTYPES_H
| # include <inttypes.h>
| #endif
| #ifdef HAVE_STDINT_H
| # include <stdint.h>
| #endif
| #ifdef HAVE_UNISTD_H
| # include <unistd.h>
| #endif
| int
| main ()
| {
| static int test_array [1 - 2 * !(((long int) (sizeof (long long))) <= 1)];
| test_array [0] = 0;
| return test_array [0];
| 
|   ;
|   return 0;
| }
configure:7885: /home/epl/Jan_7/Linux-Test-Framework/output/host/bin/arm-buildroot-linux-uclibcgnueabihf-gcc -c -D_LARGEFILE_SOURCE -D_LARGEFILE64_SOURCE -D_FILE_OFFSET_BITS=64  -Os  -D_LARGEFILE_SOURCE -D_LARGEFILE64_SOURCE -D_FILE_OFFSET_BITS=64 conftest.c >&5
conftest.c: In function 'main':
conftest.c:78:12: error: size of array 'test_array' is negative
 static int test_array [1 - 2 * !(((long int) (sizeof (long long))) <= 3)];
            ^~~~~~~~~~
configure:7885: $? = 1
configure: failed program was:
| /* confdefs.h */
| #define PACKAGE_NAME "msmtp"
| #define PACKAGE_TARNAME "msmtp"
| #define PACKAGE_VERSION "1.6.6"
| #define PACKAGE_STRING "msmtp 1.6.6"
| #define PACKAGE_BUGREPORT "marlam@marlam.de"
| #define PACKAGE_URL "http://msmtp.sourceforge.net/"
| #define STDC_HEADERS 1
| #define HAVE_SYS_TYPES_H 1
| #define HAVE_SYS_STAT_H 1
| #define HAVE_STDLIB_H 1
| #define HAVE_STRING_H 1
| #define HAVE_MEMORY_H 1
| #define HAVE_STRINGS_H 1
| #define HAVE_INTTYPES_H 1
| #define HAVE_STDINT_H 1
| #define HAVE_UNISTD_H 1
| #define __EXTENSIONS__ 1
| #define _ALL_SOURCE 1
| #define _GNU_SOURCE 1
| #define _POSIX_PTHREAD_SEMANTICS 1
| #define _TANDEM_SOURCE 1
| #define PACKAGE "msmtp"
| #define VERSION "1.6.6"
| #define PLATFORM "arm-buildroot-linux-uclibcgnueabihf"
| #define HAVE_SYSEXITS_H 1
| #define HAVE_NETDB_H 1
| #define HAVE_ARPA_INET_H 1
| #define HAVE_SYS_SOCKET_H 1
| #define HAVE_SYS_WAIT_H 1
| #define HAVE_FMEMOPEN 1
| #define HAVE_FSEEKO 1
| #define HAVE_FSEEKO64 1
| #define HAVE_GETPASS 1
| #define HAVE_GETSERVBYNAME 1
| #define HAVE_LINK 1
| #define HAVE_MKSTEMP 1
| #define HAVE_STRNDUP 1
| #define HAVE_SYSLOG 1
| #define HAVE_VASPRINTF 1
| /* end confdefs.h.  */
| #include <stdio.h>
| #ifdef HAVE_SYS_TYPES_H
| # include <sys/types.h>
| #endif
| #ifdef HAVE_SYS_STAT_H
| # include <sys/stat.h>
| #endif
| #ifdef STDC_HEADERS
| # include <stdlib.h>
| # include <stddef.h>
| #else
| # ifdef HAVE_STDLIB_H
| #  include <stdlib.h>
| # endif
| #endif
| #ifdef HAVE_STRING_H
| # if !defined STDC_HEADERS && defined HAVE_MEMORY_H
| #  include <memory.h>
| # endif
| # include <string.h>
| #endif
| #ifdef HAVE_STRINGS_H
| # include <strings.h>
| #endif
| #ifdef HAVE_INTTYPES_H
| # include <inttypes.h>
| #endif
| #ifdef HAVE_STDINT_H
| # include <stdint.h>
| #endif
| #ifdef HAVE_UNISTD_H
| # include <unistd.h>
| #endif
| int
| main ()
| {
| static int test_array [1 - 2 * !(((long int) (sizeof (long long))) <= 3)];
| test_array [0] = 0;
| return test_array [0];
| 
|   ;
|   return 0;
| }
configure:7885: /home/epl/Jan_7/Linux-Test-Framework/output/host/bin/arm-buildroot-linux-uclibcgnueabihf-gcc -c -D_LARGEFILE_SOURCE -D_LARGEFILE64_SOURCE -D_FILE_OFFSET_BITS=64  -Os  -D_LARGEFILE_SOURCE -D_LARGEFILE64_SOURCE -D_FILE_OFFSET_BITS=64 conftest.c >&5
conftest.c: In function 'main':
conftest.c:78:12: error: size of array 'test_array' is negative
 static int test_array [1 - 2 * !(((long int) (sizeof (long long))) <= 7)];
            ^~~~~~~~~~
configure:7885: $? = 1
configure: failed program was:
| /* confdefs.h */
| #define PACKAGE_NAME "msmtp"
| #define PACKAGE_TARNAME "msmtp"
| #define PACKAGE_VERSION "1.6.6"
| #define PACKAGE_STRING "msmtp 1.6.6"
| #define PACKAGE_BUGREPORT "marlam@marlam.de"
| #define PACKAGE_URL "http://msmtp.sourceforge.net/"
| #define STDC_HEADERS 1
| #define HAVE_SYS_TYPES_H 1
| #define HAVE_SYS_STAT_H 1
| #define HAVE_STDLIB_H 1
| #define HAVE_STRING_H 1
| #define HAVE_MEMORY_H 1
| #define HAVE_STRINGS_H 1
| #define HAVE_INTTYPES_H 1
| #define HAVE_STDINT_H 1
| #define HAVE_UNISTD_H 1
| #define __EXTENSIONS__ 1
| #define _ALL_SOURCE 1
| #define _GNU_SOURCE 1
| #define _POSIX_PTHREAD_SEMANTICS 1
| #define _TANDEM_SOURCE 1
| #define PACKAGE "msmtp"
| #define VERSION "1.6.6"
| #define PLATFORM "arm-buildroot-linux-uclibcgnueabihf"
| #define HAVE_SYSEXITS_H 1
| #define HAVE_NETDB_H 1
| #define HAVE_ARPA_INET_H 1
| #define HAVE_SYS_SOCKET_H 1
| #define HAVE_SYS_WAIT_H 1
| #define HAVE_FMEMOPEN 1
| #define HAVE_FSEEKO 1
| #define HAVE_FSEEKO64 1
| #define HAVE_GETPASS 1
| #define HAVE_GETSERVBYNAME 1
| #define HAVE_LINK 1
| #define HAVE_MKSTEMP 1
| #define HAVE_STRNDUP 1
| #define HAVE_SYSLOG 1
| #define HAVE_VASPRINTF 1
| /* end confdefs.h.  */
| #include <stdio.h>
| #ifdef HAVE_SYS_TYPES_H
| # include <sys/types.h>
| #endif
| #ifdef HAVE_SYS_STAT_H
| # include <sys/stat.h>
| #endif
| #ifdef STDC_HEADERS
| # include <stdlib.h>
| # include <stddef.h>
| #else
| # ifdef HAVE_STDLIB_H
| #  include <stdlib.h>
| # endif
| #endif
| #ifdef HAVE_STRING_H
| # if !defined STDC_HEADERS && defined HAVE_MEMORY_H
| #  include <memory.h>
| # endif
| # include <string.h>
| #endif
| #ifdef HAVE_STRINGS_H
| # include <strings.h>
| #endif
| #ifdef HAVE_INTTYPES_H
| # include <inttypes.h>
| #endif
| #ifdef HAVE_STDINT_H
| # include <stdint.h>
| #endif
| #ifdef HAVE_UNISTD_H
| # include <unistd.h>
| #endif
| int
| main ()
| {
| static int test_array [1 - 2 * !(((long int) (sizeof (long long))) <= 7)];
| test_array [0] = 0;
| return test_array [0];
| 
|   ;
|   return 0;
| }
configure:7885: /home/epl/Jan_7/Linux-Test-Framework/output/host/bin/arm-buildroot-linux-uclibcgnueabihf-gcc -c -D_LARGEFILE_SOURCE -D_LARGEFILE64_SOURCE -D_FILE_OFFSET_BITS=64  -Os  -D_LARGEFILE_SOURCE -D_LARGEFILE64_SOURCE -D_FILE_OFFSET_BITS=64 conftest.c >&5
configure:7885: $? = 0
configure:7885: /home/epl/Jan_7/Linux-Test-Framework/output/host/bin/arm-buildroot-linux-uclibcgnueabihf-gcc -c -D_LARGEFILE_SOURCE -D_LARGEFILE64_SOURCE -D_FILE_OFFSET_BITS=64  -Os  -D_LARGEFILE_SOURCE -D_LARGEFILE64_SOURCE -D_FILE_OFFSET_BITS=64 conftest.c >&5
configure:7885: $? = 0
configure:7885: /home/epl/Jan_7/Linux-Test-Framework/output/host/bin/arm-buildroot-linux-uclibcgnueabihf-gcc -c -D_LARGEFILE_SOURCE -D_LARGEFILE64_SOURCE -D_FILE_OFFSET_BITS=64  -Os  -D_LARGEFILE_SOURCE -D_LARGEFILE64_SOURCE -D_FILE_OFFSET_BITS=64 conftest.c >&5
configure:7885: $? = 0
configure:7885: /home/epl/Jan_7/Linux-Test-Framework/output/host/bin/arm-buildroot-linux-uclibcgnueabihf-gcc -c -D_LARGEFILE_SOURCE -D_LARGEFILE64_SOURCE -D_FILE_OFFSET_BITS=64  -Os  -D_LARGEFILE_SOURCE -D_LARGEFILE64_SOURCE -D_FILE_OFFSET_BITS=64 conftest.c >&5
configure:7885: $? = 0
configure:7899: result: 8
configure:8019: checking pkg-config is at least version 0.9.0
configure:8022: result: yes
configure:8064: WARNING: --with-ssl is deprecated, use --with-tls instead
configure:8179: checking for libssl
configure:8186: $PKG_CONFIG --exists --print-errors "openssl >= 0.0"
configure:8189: $? = 0
configure:8203: $PKG_CONFIG --exists --print-errors "openssl >= 0.0"
configure:8206: $? = 0
configure:8244: result: yes
configure:8497: checking whether libidn is needed for IDN support
configure:8505: result: yes
configure:8712: checking for SecKeychainGetVersion
configure:8730: /home/epl/Jan_7/Linux-Test-Framework/output/host/bin/arm-buildroot-linux-uclibcgnueabihf-gcc -o conftest -D_LARGEFILE_SOURCE -D_LARGEFILE64_SOURCE -D_FILE_OFFSET_BITS=64  -Os  -D_LARGEFILE_SOURCE -D_LARGEFILE64_SOURCE -D_FILE_OFFSET_BITS=64  conftest.c  -Wl,-framework -Wl,Security >&5
conftest.c:45:31: fatal error: Security/Security.h: No such file or directory
 #include <Security/Security.h>
                               ^
compilation terminated.
configure:8730: $? = 1
configure: failed program was:
| /* confdefs.h */
| #define PACKAGE_NAME "msmtp"
| #define PACKAGE_TARNAME "msmtp"
| #define PACKAGE_VERSION "1.6.6"
| #define PACKAGE_STRING "msmtp 1.6.6"
| #define PACKAGE_BUGREPORT "marlam@marlam.de"
| #define PACKAGE_URL "http://msmtp.sourceforge.net/"
| #define STDC_HEADERS 1
| #define HAVE_SYS_TYPES_H 1
| #define HAVE_SYS_STAT_H 1
| #define HAVE_STDLIB_H 1
| #define HAVE_STRING_H 1
| #define HAVE_MEMORY_H 1
| #define HAVE_STRINGS_H 1
| #define HAVE_INTTYPES_H 1
| #define HAVE_STDINT_H 1
| #define HAVE_UNISTD_H 1
| #define __EXTENSIONS__ 1
| #define _ALL_SOURCE 1
| #define _GNU_SOURCE 1
| #define _POSIX_PTHREAD_SEMANTICS 1
| #define _TANDEM_SOURCE 1
| #define PACKAGE "msmtp"
| #define VERSION "1.6.6"
| #define PLATFORM "arm-buildroot-linux-uclibcgnueabihf"
| #define HAVE_SYSEXITS_H 1
| #define HAVE_NETDB_H 1
| #define HAVE_ARPA_INET_H 1
| #define HAVE_SYS_SOCKET_H 1
| #define HAVE_SYS_WAIT_H 1
| #define HAVE_FMEMOPEN 1
| #define HAVE_FSEEKO 1
| #define HAVE_FSEEKO64 1
| #define HAVE_GETPASS 1
| #define HAVE_GETSERVBYNAME 1
| #define HAVE_LINK 1
| #define HAVE_MKSTEMP 1
| #define HAVE_STRNDUP 1
| #define HAVE_SYSLOG 1
| #define HAVE_VASPRINTF 1
| #define SIZEOF_LONG_LONG 8
| #define HAVE_LIBSSL 1
| #define HAVE_TLS 1
| /* end confdefs.h.  */
| #include <Security/Security.h>
| int
| main ()
| {
| SecKeychainGetVersion(NULL);
|   ;
|   return 0;
| }
configure:8739: result: no
configure:8865: checking that generated files are newer than configure
configure:8871: result: done
configure:8902: creating ./config.status

## ---------------------- ##
## Running config.status. ##
## ---------------------- ##

This file was extended by msmtp config.status 1.6.6, which was
generated by GNU Autoconf 2.69.  Invocation command line was

  CONFIG_FILES    = 
  CONFIG_HEADERS  = 
  CONFIG_LINKS    = 
  CONFIG_COMMANDS = 
  $ ./config.status 

on ERS-EPL-DS-E06995E6B25F

config.status:939: creating Makefile
config.status:939: creating src/Makefile
config.status:939: creating po/Makefile.in
config.status:939: creating doc/Makefile
config.status:939: creating scripts/Makefile
config.status:939: creating config.h
config.status:1168: executing depfiles commands
config.status:1168: executing po-directories commands
configure:10341: WARNING: unrecognized options: --disable-gtk-doc, --disable-gtk-doc-html, --disable-doc, --disable-docs, --disable-documentation, --with-xmlto, --with-fop, --enable-ipv6, --disable-static, --enable-shared

## ---------------- ##
## Cache variables. ##
## ---------------- ##

ac_cv_build=x86_64-pc-linux-gnu
ac_cv_c_bigendian=no
ac_cv_c_compiler_gnu=yes
ac_cv_env_CC_set=set
ac_cv_env_CC_value=/home/epl/Jan_7/Linux-Test-Framework/output/host/bin/arm-buildroot-linux-uclibcgnueabihf-gcc
ac_cv_env_CFLAGS_set=set
ac_cv_env_CFLAGS_value='-D_LARGEFILE_SOURCE -D_LARGEFILE64_SOURCE -D_FILE_OFFSET_BITS=64  -Os '
ac_cv_env_CPPFLAGS_set=set
ac_cv_env_CPPFLAGS_value='-D_LARGEFILE_SOURCE -D_LARGEFILE64_SOURCE -D_FILE_OFFSET_BITS=64'
ac_cv_env_CPP_set=set
ac_cv_env_CPP_value=/home/epl/Jan_7/Linux-Test-Framework/output/host/bin/arm-buildroot-linux-uclibcgnueabihf-cpp
ac_cv_env_LDFLAGS_set=set
ac_cv_env_LDFLAGS_value=
ac_cv_env_LIBS_set=
ac_cv_env_LIBS_value=
ac_cv_env_PKG_CONFIG_LIBDIR_set=
ac_cv_env_PKG_CONFIG_LIBDIR_value=
ac_cv_env_PKG_CONFIG_PATH_set=
ac_cv_env_PKG_CONFIG_PATH_value=
ac_cv_env_PKG_CONFIG_set=set
ac_cv_env_PKG_CONFIG_value=/home/epl/Jan_7/Linux-Test-Framework/output/host/bin/pkg-config
ac_cv_env_build_alias_set=set
ac_cv_env_build_alias_value=x86_64-pc-linux-gnu
ac_cv_env_host_alias_set=set
ac_cv_env_host_alias_value=arm-buildroot-linux-uclibcgnueabihf
ac_cv_env_libgnutls_CFLAGS_set=
ac_cv_env_libgnutls_CFLAGS_value=
ac_cv_env_libgnutls_LIBS_set=
ac_cv_env_libgnutls_LIBS_value=
ac_cv_env_libgsasl_CFLAGS_set=
ac_cv_env_libgsasl_CFLAGS_value=
ac_cv_env_libgsasl_LIBS_set=
ac_cv_env_libgsasl_LIBS_value=
ac_cv_env_libidn_CFLAGS_set=
ac_cv_env_libidn_CFLAGS_value=
ac_cv_env_libidn_LIBS_set=
ac_cv_env_libidn_LIBS_value=
ac_cv_env_libsecret_CFLAGS_set=
ac_cv_env_libsecret_CFLAGS_value=
ac_cv_env_libsecret_LIBS_set=
ac_cv_env_libsecret_LIBS_value=
ac_cv_env_libssl_CFLAGS_set=
ac_cv_env_libssl_CFLAGS_value=
ac_cv_env_libssl_LIBS_set=
ac_cv_env_libssl_LIBS_value=
ac_cv_env_target_alias_set=set
ac_cv_env_target_alias_value=arm-buildroot-linux-uclibcgnueabihf
ac_cv_func_SecKeychainGetVersion=no
ac_cv_func_calloc_0_nonnull=yes
ac_cv_func_fmemopen=yes
ac_cv_func_fseeko64=yes
ac_cv_func_fseeko=yes
ac_cv_func_getpass=yes
ac_cv_func_getservbyname=yes
ac_cv_func_link=yes
ac_cv_func_malloc_0_nonnull=yes
ac_cv_func_memcmp_working=yes
ac_cv_func_mkstemp=yes
ac_cv_func_mmap_fixed_mapped=yes
ac_cv_func_realloc_0_nonnull=yes
ac_cv_func_strndup=yes
ac_cv_func_syslog=yes
ac_cv_func_vasprintf=yes
ac_cv_have_decl_malloc=yes
ac_cv_header_arpa_inet_h=yes
ac_cv_header_inttypes_h=yes
ac_cv_header_memory_h=yes
ac_cv_header_minix_config_h=no
ac_cv_header_netdb_h=yes
ac_cv_header_stdc=yes
ac_cv_header_stdint_h=yes
ac_cv_header_stdlib_h=yes
ac_cv_header_string_h=yes
ac_cv_header_strings_h=yes
ac_cv_header_sys_socket_h=yes
ac_cv_header_sys_stat_h=yes
ac_cv_header_sys_types_h=yes
ac_cv_header_sys_wait_h=yes
ac_cv_header_sysexits_h=yes
ac_cv_header_unistd_h=yes
ac_cv_host=arm-buildroot-linux-uclibcgnueabihf
ac_cv_lbl_unaligned_fail=yes
ac_cv_objext=o
ac_cv_path_EGREP='/bin/grep -E'
ac_cv_path_GMSGFMT=/home/epl/Jan_7/Linux-Test-Framework/output/host/bin/msgfmt
ac_cv_path_GREP=/bin/grep
ac_cv_path_MSGFMT=/home/epl/Jan_7/Linux-Test-Framework/output/host/bin/msgfmt
ac_cv_path_MSGMERGE=/home/epl/Jan_7/Linux-Test-Framework/output/host/bin/msgmerge
ac_cv_path_SED=/bin/sed
ac_cv_path_XGETTEXT=/home/epl/Jan_7/Linux-Test-Framework/output/host/bin/xgettext
ac_cv_path_install='/usr/bin/install -c'
ac_cv_path_mkdir=/bin/mkdir
ac_cv_prog_AWK=gawk
ac_cv_prog_CC=/home/epl/Jan_7/Linux-Test-Framework/output/host/bin/arm-buildroot-linux-uclibcgnueabihf-gcc
ac_cv_prog_CPP=/home/epl/Jan_7/Linux-Test-Framework/output/host/bin/arm-buildroot-linux-uclibcgnueabihf-cpp
ac_cv_prog_STRIP=/home/epl/Jan_7/Linux-Test-Framework/output/host/bin/arm-buildroot-linux-uclibcgnueabihf-strip
ac_cv_prog_cc_c89=
ac_cv_prog_cc_g=yes
ac_cv_prog_make_make_set=yes
ac_cv_safe_to_define___extensions__=yes
ac_cv_search_nanosleep='none required'
ac_cv_search_socket='none required'
ac_cv_sizeof_long_long=8
ac_cv_sys_file_offset_bits=no
ac_cv_sys_largefile_CC=no
ac_cv_target=arm-buildroot-linux-uclibcgnueabihf
acl_cv_hardcode_direct=no
acl_cv_hardcode_libdir_flag_spec='${wl}-rpath ${wl}$libdir'
acl_cv_hardcode_libdir_separator=
acl_cv_hardcode_minus_L=no
acl_cv_libext=a
acl_cv_libname_spec='lib$name'
acl_cv_library_names_spec='$libname$shrext'
acl_cv_path_LD=/home/epl/Jan_7/Linux-Test-Framework/output/host/bin/arm-buildroot-linux-uclibcgnueabihf-ld
acl_cv_prog_gnu_ld=yes
acl_cv_rpath=done
acl_cv_shlibext=so
acl_cv_wl=-Wl,
am_cv_CC_dependencies_compiler_type=none
am_cv_make_support_nested_variables=yes
am_cv_prog_cc_c_o=yes
gl_cv_func_malloc_0_nonnull=yes
gt_cv_func_CFLocaleCopyCurrent=no
gt_cv_func_CFPreferencesCopyAppValue=no
lt_cv_sys_lib_search_path_spec=
pkg_cv_libssl_CFLAGS='-I/home/epl/Jan_7/Linux-Test-Framework/output/host/bin/../arm-buildroot-linux-uclibcgnueabihf/sysroot/usr/include  '
pkg_cv_libssl_LIBS='-L/home/epl/Jan_7/Linux-Test-Framework/output/host/bin/../arm-buildroot-linux-uclibcgnueabihf/sysroot/usr//lib -lssl -lcrypto  '

## ----------------- ##
## Output variables. ##
## ----------------- ##

ACLOCAL='${SHELL} /home/epl/Jan_7/Linux-Test-Framework/output/build/msmtp-1.6.6/build-aux/missing aclocal-1.15'
AMDEPBACKSLASH=''
AMDEP_FALSE=''
AMDEP_TRUE='#'
AMTAR='$${TAR-tar}'
AM_BACKSLASH='\'
AM_DEFAULT_V='$(AM_DEFAULT_VERBOSITY)'
AM_DEFAULT_VERBOSITY='0'
AM_V='$(V)'
AUTOCONF='${SHELL} /home/epl/Jan_7/Linux-Test-Framework/output/build/msmtp-1.6.6/build-aux/missing autoconf'
AUTOHEADER='${SHELL} /home/epl/Jan_7/Linux-Test-Framework/output/build/msmtp-1.6.6/build-aux/missing autoheader'
AUTOMAKE='${SHELL} /home/epl/Jan_7/Linux-Test-Framework/output/build/msmtp-1.6.6/build-aux/missing automake-1.15'
AWK='gawk'
CC='/home/epl/Jan_7/Linux-Test-Framework/output/host/bin/arm-buildroot-linux-uclibcgnueabihf-gcc'
CCDEPMODE='depmode=none'
CFLAGS='-D_LARGEFILE_SOURCE -D_LARGEFILE64_SOURCE -D_FILE_OFFSET_BITS=64  -Os '
CPP='/home/epl/Jan_7/Linux-Test-Framework/output/host/bin/arm-buildroot-linux-uclibcgnueabihf-cpp'
CPPFLAGS='-D_LARGEFILE_SOURCE -D_LARGEFILE64_SOURCE -D_FILE_OFFSET_BITS=64'
CYGPATH_W='echo'
DEFS='-DHAVE_CONFIG_H'
DEPDIR='.deps'
ECHO_C=''
ECHO_N='-n'
ECHO_T=''
EGREP='/bin/grep -E'
EXEEXT=''
GETTEXT_MACRO_VERSION='0.19'
GMSGFMT='/home/epl/Jan_7/Linux-Test-Framework/output/host/bin/msgfmt'
GMSGFMT_015='/home/epl/Jan_7/Linux-Test-Framework/output/host/bin/msgfmt'
GREP='/bin/grep'
HAVE_LIBGSASL_FALSE=''
HAVE_LIBGSASL_TRUE='#'
HAVE_TLS_FALSE='#'
HAVE_TLS_TRUE=''
INSTALL_DATA='${INSTALL} -m 644'
INSTALL_PROGRAM='${INSTALL}'
INSTALL_SCRIPT='${INSTALL}'
INSTALL_STRIP_PROGRAM='$(install_sh) -c -s'
INTLLIBS=''
INTL_MACOSX_LIBS=''
LDFLAGS=''
LIBICONV='-liconv'
LIBINTL=''
LIBOBJS=''
LIBS=''
LTLIBICONV='-liconv'
LTLIBINTL=''
LTLIBOBJS=''
MAKEINFO='${SHELL} /home/epl/Jan_7/Linux-Test-Framework/output/build/msmtp-1.6.6/build-aux/missing makeinfo'
MKDIR_P='/bin/mkdir -p'
MSGFMT='/home/epl/Jan_7/Linux-Test-Framework/output/host/bin/msgfmt'
MSGFMT_015='/home/epl/Jan_7/Linux-Test-Framework/output/host/bin/msgfmt'
MSGMERGE='/home/epl/Jan_7/Linux-Test-Framework/output/host/bin/msgmerge'
OBJEXT='o'
PACKAGE='msmtp'
PACKAGE_BUGREPORT='marlam@marlam.de'
PACKAGE_NAME='msmtp'
PACKAGE_STRING='msmtp 1.6.6'
PACKAGE_TARNAME='msmtp'
PACKAGE_URL='http://msmtp.sourceforge.net/'
PACKAGE_VERSION='1.6.6'
PATH_SEPARATOR=':'
PKG_CONFIG='/home/epl/Jan_7/Linux-Test-Framework/output/host/bin/pkg-config'
PKG_CONFIG_LIBDIR=''
PKG_CONFIG_PATH=''
POSUB=''
SED='/bin/sed'
SET_MAKE=''
SHELL='/bin/bash'
STRIP='/home/epl/Jan_7/Linux-Test-Framework/output/host/bin/arm-buildroot-linux-uclibcgnueabihf-strip'
USE_NLS='no'
VERSION='1.6.6'
XGETTEXT='/home/epl/Jan_7/Linux-Test-Framework/output/host/bin/xgettext'
XGETTEXT_015='/home/epl/Jan_7/Linux-Test-Framework/output/host/bin/xgettext'
XGETTEXT_EXTRA_OPTIONS=''
ac_ct_CC=''
am__EXEEXT_FALSE=''
am__EXEEXT_TRUE='#'
am__fastdepCC_FALSE=''
am__fastdepCC_TRUE='#'
am__include='include'
am__isrc=''
am__leading_dot='.'
am__nodep=''
am__quote=''
am__tar='$${TAR-tar} chof - "$$tardir"'
am__untar='$${TAR-tar} xf -'
bindir='${exec_prefix}/bin'
build='x86_64-pc-linux-gnu'
build_alias='x86_64-pc-linux-gnu'
build_cpu='x86_64'
build_os='linux-gnu'
build_vendor='pc'
datadir='${datarootdir}'
datarootdir='${prefix}/share'
docdir='${datarootdir}/doc/${PACKAGE_TARNAME}'
dvidir='${docdir}'
exec_prefix='/usr'
host='arm-buildroot-linux-uclibcgnueabihf'
host_alias='arm-buildroot-linux-uclibcgnueabihf'
host_cpu='arm'
host_os='linux-uclibcgnueabihf'
host_vendor='buildroot'
htmldir='${docdir}'
includedir='${prefix}/include'
infodir='${datarootdir}/info'
install_sh='${SHELL} /home/epl/Jan_7/Linux-Test-Framework/output/build/msmtp-1.6.6/build-aux/install-sh'
libdir='${exec_prefix}/lib'
libexecdir='${exec_prefix}/libexec'
libgnutls_CFLAGS=''
libgnutls_LIBS=''
libgsasl_CFLAGS=''
libgsasl_LIBS=''
libidn_CFLAGS=''
libidn_LIBS=''
libsecret_CFLAGS=''
libsecret_LIBS=''
libssl_CFLAGS='-I/home/epl/Jan_7/Linux-Test-Framework/output/host/bin/../arm-buildroot-linux-uclibcgnueabihf/sysroot/usr/include  '
libssl_LIBS='-L/home/epl/Jan_7/Linux-Test-Framework/output/host/bin/../arm-buildroot-linux-uclibcgnueabihf/sysroot/usr//lib -lssl -lcrypto  '
localedir='${datarootdir}/locale'
localstatedir='/var'
mandir='${datarootdir}/man'
mkdir_p='$(MKDIR_P)'
oldincludedir='/usr/include'
pdfdir='${docdir}'
prefix='/usr'
program_transform_name='s&^&&'
psdir='${docdir}'
runstatedir='${localstatedir}/run'
sbindir='${exec_prefix}/sbin'
sharedstatedir='${prefix}/com'
sysconfdir='/etc'
target='arm-buildroot-linux-uclibcgnueabihf'
target_alias='arm-buildroot-linux-uclibcgnueabihf'
target_cpu='arm'
target_os='linux-uclibcgnueabihf'
target_vendor='buildroot'
tls_CFLAGS='-I/home/epl/Jan_7/Linux-Test-Framework/output/host/bin/../arm-buildroot-linux-uclibcgnueabihf/sysroot/usr/include  '
tls_LIBS='-L/home/epl/Jan_7/Linux-Test-Framework/output/host/bin/../arm-buildroot-linux-uclibcgnueabihf/sysroot/usr//lib -lssl -lcrypto  '

## ----------- ##
## confdefs.h. ##
## ----------- ##

/* confdefs.h */
#define PACKAGE_NAME "msmtp"
#define PACKAGE_TARNAME "msmtp"
#define PACKAGE_VERSION "1.6.6"
#define PACKAGE_STRING "msmtp 1.6.6"
#define PACKAGE_BUGREPORT "marlam@marlam.de"
#define PACKAGE_URL "http://msmtp.sourceforge.net/"
#define STDC_HEADERS 1
#define HAVE_SYS_TYPES_H 1
#define HAVE_SYS_STAT_H 1
#define HAVE_STDLIB_H 1
#define HAVE_STRING_H 1
#define HAVE_MEMORY_H 1
#define HAVE_STRINGS_H 1
#define HAVE_INTTYPES_H 1
#define HAVE_STDINT_H 1
#define HAVE_UNISTD_H 1
#define __EXTENSIONS__ 1
#define _ALL_SOURCE 1
#define _GNU_SOURCE 1
#define _POSIX_PTHREAD_SEMANTICS 1
#define _TANDEM_SOURCE 1
#define PACKAGE "msmtp"
#define VERSION "1.6.6"
#define PLATFORM "arm-buildroot-linux-uclibcgnueabihf"
#define HAVE_SYSEXITS_H 1
#define HAVE_NETDB_H 1
#define HAVE_ARPA_INET_H 1
#define HAVE_SYS_SOCKET_H 1
#define HAVE_SYS_WAIT_H 1
#define HAVE_FMEMOPEN 1
#define HAVE_FSEEKO 1
#define HAVE_FSEEKO64 1
#define HAVE_GETPASS 1
#define HAVE_GETSERVBYNAME 1
#define HAVE_LINK 1
#define HAVE_MKSTEMP 1
#define HAVE_STRNDUP 1
#define HAVE_SYSLOG 1
#define HAVE_VASPRINTF 1
#define SIZEOF_LONG_LONG 8
#define HAVE_LIBSSL 1
#define HAVE_TLS 1

configure: exit 0
