The target system is: Buildroot -  - armv7l
The host system is: Linux - 4.15.0-43-generic - x86_64
Compiling the C compiler identification source file "CMakeCCompilerId.c" succeeded.
Compiler: /home/epl/Jan_7/Linux-Test-Framework/output/host/bin/arm-buildroot-linux-uclibcgnueabihf-gcc 
Build flags: -D_LARGEFILE_SOURCE;-D_LARGEFILE64_SOURCE;-D_FILE_OFFSET_BITS=64;-Os
Id flags: 

The output was:
0


Compilation of the C compiler identification source "CMakeCCompilerId.c" produced "a.out"

The C compiler identification is GNU, found in "/home/epl/Jan_7/Linux-Test-Framework/output/build/jsoncpp-1.8.3/CMakeFiles/3.5.1/CompilerIdC/a.out"

Compiling the CXX compiler identification source file "CMakeCXXCompilerId.cpp" succeeded.
Compiler: /home/epl/Jan_7/Linux-Test-Framework/output/host/bin/arm-buildroot-linux-uclibcgnueabihf-g++ 
Build flags: -D_LARGEFILE_SOURCE;-D_LARGEFILE64_SOURCE;-D_FILE_OFFSET_BITS=64;-Os
Id flags: 

The output was:
0


Compilation of the CXX compiler identification source "CMakeCXXCompilerId.cpp" produced "a.out"

The CXX compiler identification is GNU, found in "/home/epl/Jan_7/Linux-Test-Framework/output/build/jsoncpp-1.8.3/CMakeFiles/3.5.1/CompilerIdCXX/a.out"

Determining if the C compiler works passed with the following output:
Change Dir: /home/epl/Jan_7/Linux-Test-Framework/output/build/jsoncpp-1.8.3/CMakeFiles/CMakeTmp

Run Build Command:"/usr/bin/make" "cmTC_53387/fast"
make[2]: Entering directory '/home/epl/Jan_7/Linux-Test-Framework/output/build/jsoncpp-1.8.3/CMakeFiles/CMakeTmp'
/usr/bin/make -f CMakeFiles/cmTC_53387.dir/build.make CMakeFiles/cmTC_53387.dir/build
make[3]: Entering directory '/home/epl/Jan_7/Linux-Test-Framework/output/build/jsoncpp-1.8.3/CMakeFiles/CMakeTmp'
Building C object CMakeFiles/cmTC_53387.dir/testCCompiler.c.o
/home/epl/Jan_7/Linux-Test-Framework/output/host/bin/arm-buildroot-linux-uclibcgnueabihf-gcc  --sysroot=/home/epl/Jan_7/Linux-Test-Framework/output/host/arm-buildroot-linux-uclibcgnueabihf/sysroot   -D_LARGEFILE_SOURCE -D_LARGEFILE64_SOURCE -D_FILE_OFFSET_BITS=64 -Os   -DNDEBUG   -o CMakeFiles/cmTC_53387.dir/testCCompiler.c.o   -c /home/epl/Jan_7/Linux-Test-Framework/output/build/jsoncpp-1.8.3/CMakeFiles/CMakeTmp/testCCompiler.c
Linking C executable cmTC_53387
/usr/bin/cmake -E cmake_link_script CMakeFiles/cmTC_53387.dir/link.txt --verbose=1
/home/epl/Jan_7/Linux-Test-Framework/output/host/bin/arm-buildroot-linux-uclibcgnueabihf-gcc  --sysroot=/home/epl/Jan_7/Linux-Test-Framework/output/host/arm-buildroot-linux-uclibcgnueabihf/sysroot -D_LARGEFILE_SOURCE -D_LARGEFILE64_SOURCE -D_FILE_OFFSET_BITS=64 -Os   -DNDEBUG    CMakeFiles/cmTC_53387.dir/testCCompiler.c.o  -o cmTC_53387 -rdynamic 
make[3]: Leaving directory '/home/epl/Jan_7/Linux-Test-Framework/output/build/jsoncpp-1.8.3/CMakeFiles/CMakeTmp'
make[2]: Leaving directory '/home/epl/Jan_7/Linux-Test-Framework/output/build/jsoncpp-1.8.3/CMakeFiles/CMakeTmp'


Detecting C compiler ABI info compiled with the following output:
Change Dir: /home/epl/Jan_7/Linux-Test-Framework/output/build/jsoncpp-1.8.3/CMakeFiles/CMakeTmp

Run Build Command:"/usr/bin/make" "cmTC_c8e51/fast"
make[2]: Entering directory '/home/epl/Jan_7/Linux-Test-Framework/output/build/jsoncpp-1.8.3/CMakeFiles/CMakeTmp'
/usr/bin/make -f CMakeFiles/cmTC_c8e51.dir/build.make CMakeFiles/cmTC_c8e51.dir/build
make[3]: Entering directory '/home/epl/Jan_7/Linux-Test-Framework/output/build/jsoncpp-1.8.3/CMakeFiles/CMakeTmp'
Building C object CMakeFiles/cmTC_c8e51.dir/CMakeCCompilerABI.c.o
/home/epl/Jan_7/Linux-Test-Framework/output/host/bin/arm-buildroot-linux-uclibcgnueabihf-gcc  --sysroot=/home/epl/Jan_7/Linux-Test-Framework/output/host/arm-buildroot-linux-uclibcgnueabihf/sysroot   -D_LARGEFILE_SOURCE -D_LARGEFILE64_SOURCE -D_FILE_OFFSET_BITS=64 -Os   -DNDEBUG   -o CMakeFiles/cmTC_c8e51.dir/CMakeCCompilerABI.c.o   -c /usr/share/cmake-3.5/Modules/CMakeCCompilerABI.c
Linking C executable cmTC_c8e51
/usr/bin/cmake -E cmake_link_script CMakeFiles/cmTC_c8e51.dir/link.txt --verbose=1
/home/epl/Jan_7/Linux-Test-Framework/output/host/bin/arm-buildroot-linux-uclibcgnueabihf-gcc  --sysroot=/home/epl/Jan_7/Linux-Test-Framework/output/host/arm-buildroot-linux-uclibcgnueabihf/sysroot -D_LARGEFILE_SOURCE -D_LARGEFILE64_SOURCE -D_FILE_OFFSET_BITS=64 -Os   -DNDEBUG   -v CMakeFiles/cmTC_c8e51.dir/CMakeCCompilerABI.c.o  -o cmTC_c8e51 -rdynamic  
Using built-in specs.
COLLECT_GCC=/home/epl/Jan_7/Linux-Test-Framework/output/host/bin/arm-buildroot-linux-uclibcgnueabihf-gcc.br_real
COLLECT_LTO_WRAPPER=/home/epl/Jan_7/Linux-Test-Framework/output/host/libexec/gcc/arm-buildroot-linux-uclibcgnueabihf/6.4.0/lto-wrapper
Target: arm-buildroot-linux-uclibcgnueabihf
Configured with: ./configure --prefix=/home/epl/Jan_7/Linux-Test-Framework/output/host --sysconfdir=/home/epl/Jan_7/Linux-Test-Framework/output/host/etc --enable-static --target=arm-buildroot-linux-uclibcgnueabihf --with-sysroot=/home/epl/Jan_7/Linux-Test-Framework/output/host/arm-buildroot-linux-uclibcgnueabihf/sysroot --disable-__cxa_atexit --with-gnu-ld --disable-libssp --disable-multilib --with-gmp=/home/epl/Jan_7/Linux-Test-Framework/output/host --with-mpc=/home/epl/Jan_7/Linux-Test-Framework/output/host --with-mpfr=/home/epl/Jan_7/Linux-Test-Framework/output/host --with-pkgversion='Buildroot 2018.02.1-g1c99f2c-dirty' --with-bugurl=http://bugs.buildroot.net/ --disable-libquadmath --disable-libsanitizer --enable-tls --disable-libmudflap --enable-threads --without-isl --without-cloog --disable-decimal-float --with-abi=aapcs-linux --with-cpu=cortex-a7 --with-fpu=neon-vfpv4 --with-float=hard --with-mode=arm --enable-languages=c,c++ --with-build-time-tools=/home/epl/Jan_7/Linux-Test-Framework/output/host/arm-buildroot-linux-uclibcgnueabihf/bin --enable-shared --disable-libgomp
Thread model: posix
gcc version 6.4.0 (Buildroot 2018.02.1-g1c99f2c-dirty) 
COMPILER_PATH=/home/epl/Jan_7/Linux-Test-Framework/output/host/libexec/gcc/arm-buildroot-linux-uclibcgnueabihf/6.4.0/:/home/epl/Jan_7/Linux-Test-Framework/output/host/libexec/gcc/arm-buildroot-linux-uclibcgnueabihf/6.4.0/:/home/epl/Jan_7/Linux-Test-Framework/output/host/libexec/gcc/arm-buildroot-linux-uclibcgnueabihf/:/home/epl/Jan_7/Linux-Test-Framework/output/host/lib/gcc/arm-buildroot-linux-uclibcgnueabihf/6.4.0/:/home/epl/Jan_7/Linux-Test-Framework/output/host/lib/gcc/arm-buildroot-linux-uclibcgnueabihf/:/home/epl/Jan_7/Linux-Test-Framework/output/host/lib/gcc/arm-buildroot-linux-uclibcgnueabihf/6.4.0/../../../../arm-buildroot-linux-uclibcgnueabihf/bin/
LIBRARY_PATH=/home/epl/Jan_7/Linux-Test-Framework/output/host/lib/gcc/arm-buildroot-linux-uclibcgnueabihf/6.4.0/:/home/epl/Jan_7/Linux-Test-Framework/output/host/lib/gcc/arm-buildroot-linux-uclibcgnueabihf/6.4.0/../../../../arm-buildroot-linux-uclibcgnueabihf/lib/:/home/epl/Jan_7/Linux-Test-Framework/output/host/arm-buildroot-linux-uclibcgnueabihf/sysroot/lib/:/home/epl/Jan_7/Linux-Test-Framework/output/host/arm-buildroot-linux-uclibcgnueabihf/sysroot/usr/lib/
COLLECT_GCC_OPTIONS='-D' '_LARGEFILE_SOURCE' '-D' '_LARGEFILE64_SOURCE' '-D' '_FILE_OFFSET_BITS=64' '-Os' '-D' 'NDEBUG' '-v' '-o' 'cmTC_c8e51' '-rdynamic' '-mcpu=cortex-a7' '-mfloat-abi=hard' '-mfpu=neon-vfpv4' '-mabi=aapcs-linux' '-marm' '-mtls-dialect=gnu'
 /home/epl/Jan_7/Linux-Test-Framework/output/host/libexec/gcc/arm-buildroot-linux-uclibcgnueabihf/6.4.0/collect2 -plugin /home/epl/Jan_7/Linux-Test-Framework/output/host/libexec/gcc/arm-buildroot-linux-uclibcgnueabihf/6.4.0/liblto_plugin.so -plugin-opt=/home/epl/Jan_7/Linux-Test-Framework/output/host/libexec/gcc/arm-buildroot-linux-uclibcgnueabihf/6.4.0/lto-wrapper -plugin-opt=-fresolution=/tmp/ccOD1WB2.res -plugin-opt=-pass-through=-lgcc -plugin-opt=-pass-through=-lgcc_s -plugin-opt=-pass-through=-lc -plugin-opt=-pass-through=-lgcc -plugin-opt=-pass-through=-lgcc_s --sysroot=/home/epl/Jan_7/Linux-Test-Framework/output/host/arm-buildroot-linux-uclibcgnueabihf/sysroot --eh-frame-hdr -export-dynamic -dynamic-linker /lib/ld-uClibc.so.0 -X -m armelf_linux_eabi -o cmTC_c8e51 /home/epl/Jan_7/Linux-Test-Framework/output/host/arm-buildroot-linux-uclibcgnueabihf/sysroot/usr/lib/crt1.o /home/epl/Jan_7/Linux-Test-Framework/output/host/arm-buildroot-linux-uclibcgnueabihf/sysroot/usr/lib/crti.o /home/epl/Jan_7/Linux-Test-Framework/output/host/lib/gcc/arm-buildroot-linux-uclibcgnueabihf/6.4.0/crtbegin.o -L/home/epl/Jan_7/Linux-Test-Framework/output/host/lib/gcc/arm-buildroot-linux-uclibcgnueabihf/6.4.0 -L/home/epl/Jan_7/Linux-Test-Framework/output/host/lib/gcc/arm-buildroot-linux-uclibcgnueabihf/6.4.0/../../../../arm-buildroot-linux-uclibcgnueabihf/lib -L/home/epl/Jan_7/Linux-Test-Framework/output/host/arm-buildroot-linux-uclibcgnueabihf/sysroot/lib -L/home/epl/Jan_7/Linux-Test-Framework/output/host/arm-buildroot-linux-uclibcgnueabihf/sysroot/usr/lib CMakeFiles/cmTC_c8e51.dir/CMakeCCompilerABI.c.o -lgcc --as-needed -lgcc_s --no-as-needed -lc -lgcc --as-needed -lgcc_s --no-as-needed /home/epl/Jan_7/Linux-Test-Framework/output/host/lib/gcc/arm-buildroot-linux-uclibcgnueabihf/6.4.0/crtend.o /home/epl/Jan_7/Linux-Test-Framework/output/host/arm-buildroot-linux-uclibcgnueabihf/sysroot/usr/lib/crtn.o
COLLECT_GCC_OPTIONS='-D' '_LARGEFILE_SOURCE' '-D' '_LARGEFILE64_SOURCE' '-D' '_FILE_OFFSET_BITS=64' '-Os' '-D' 'NDEBUG' '-v' '-o' 'cmTC_c8e51' '-rdynamic' '-mcpu=cortex-a7' '-mfloat-abi=hard' '-mfpu=neon-vfpv4' '-mabi=aapcs-linux' '-marm' '-mtls-dialect=gnu'
make[3]: Leaving directory '/home/epl/Jan_7/Linux-Test-Framework/output/build/jsoncpp-1.8.3/CMakeFiles/CMakeTmp'
make[2]: Leaving directory '/home/epl/Jan_7/Linux-Test-Framework/output/build/jsoncpp-1.8.3/CMakeFiles/CMakeTmp'


Parsed C implicit link information from above output:
  link line regex: [^( *|.*[/\])(arm-buildroot-linux-uclibcgnueabihf-ld|([^/\]+-)?ld|collect2)[^/\]*( |$)]
  ignore line: [Change Dir: /home/epl/Jan_7/Linux-Test-Framework/output/build/jsoncpp-1.8.3/CMakeFiles/CMakeTmp]
  ignore line: []
  ignore line: [Run Build Command:"/usr/bin/make" "cmTC_c8e51/fast"]
  ignore line: [make[2]: Entering directory '/home/epl/Jan_7/Linux-Test-Framework/output/build/jsoncpp-1.8.3/CMakeFiles/CMakeTmp']
  ignore line: [/usr/bin/make -f CMakeFiles/cmTC_c8e51.dir/build.make CMakeFiles/cmTC_c8e51.dir/build]
  ignore line: [make[3]: Entering directory '/home/epl/Jan_7/Linux-Test-Framework/output/build/jsoncpp-1.8.3/CMakeFiles/CMakeTmp']
  ignore line: [Building C object CMakeFiles/cmTC_c8e51.dir/CMakeCCompilerABI.c.o]
  ignore line: [/home/epl/Jan_7/Linux-Test-Framework/output/host/bin/arm-buildroot-linux-uclibcgnueabihf-gcc  --sysroot=/home/epl/Jan_7/Linux-Test-Framework/output/host/arm-buildroot-linux-uclibcgnueabihf/sysroot   -D_LARGEFILE_SOURCE -D_LARGEFILE64_SOURCE -D_FILE_OFFSET_BITS=64 -Os   -DNDEBUG   -o CMakeFiles/cmTC_c8e51.dir/CMakeCCompilerABI.c.o   -c /usr/share/cmake-3.5/Modules/CMakeCCompilerABI.c]
  ignore line: [Linking C executable cmTC_c8e51]
  ignore line: [/usr/bin/cmake -E cmake_link_script CMakeFiles/cmTC_c8e51.dir/link.txt --verbose=1]
  ignore line: [/home/epl/Jan_7/Linux-Test-Framework/output/host/bin/arm-buildroot-linux-uclibcgnueabihf-gcc  --sysroot=/home/epl/Jan_7/Linux-Test-Framework/output/host/arm-buildroot-linux-uclibcgnueabihf/sysroot -D_LARGEFILE_SOURCE -D_LARGEFILE64_SOURCE -D_FILE_OFFSET_BITS=64 -Os   -DNDEBUG   -v CMakeFiles/cmTC_c8e51.dir/CMakeCCompilerABI.c.o  -o cmTC_c8e51 -rdynamic  ]
  ignore line: [Using built-in specs.]
  ignore line: [COLLECT_GCC=/home/epl/Jan_7/Linux-Test-Framework/output/host/bin/arm-buildroot-linux-uclibcgnueabihf-gcc.br_real]
  ignore line: [COLLECT_LTO_WRAPPER=/home/epl/Jan_7/Linux-Test-Framework/output/host/libexec/gcc/arm-buildroot-linux-uclibcgnueabihf/6.4.0/lto-wrapper]
  ignore line: [Target: arm-buildroot-linux-uclibcgnueabihf]
  ignore line: [Configured with: ./configure --prefix=/home/epl/Jan_7/Linux-Test-Framework/output/host --sysconfdir=/home/epl/Jan_7/Linux-Test-Framework/output/host/etc --enable-static --target=arm-buildroot-linux-uclibcgnueabihf --with-sysroot=/home/epl/Jan_7/Linux-Test-Framework/output/host/arm-buildroot-linux-uclibcgnueabihf/sysroot --disable-__cxa_atexit --with-gnu-ld --disable-libssp --disable-multilib --with-gmp=/home/epl/Jan_7/Linux-Test-Framework/output/host --with-mpc=/home/epl/Jan_7/Linux-Test-Framework/output/host --with-mpfr=/home/epl/Jan_7/Linux-Test-Framework/output/host --with-pkgversion='Buildroot 2018.02.1-g1c99f2c-dirty' --with-bugurl=http://bugs.buildroot.net/ --disable-libquadmath --disable-libsanitizer --enable-tls --disable-libmudflap --enable-threads --without-isl --without-cloog --disable-decimal-float --with-abi=aapcs-linux --with-cpu=cortex-a7 --with-fpu=neon-vfpv4 --with-float=hard --with-mode=arm --enable-languages=c,c++ --with-build-time-tools=/home/epl/Jan_7/Linux-Test-Framework/output/host/arm-buildroot-linux-uclibcgnueabihf/bin --enable-shared --disable-libgomp]
  ignore line: [Thread model: posix]
  ignore line: [gcc version 6.4.0 (Buildroot 2018.02.1-g1c99f2c-dirty) ]
  ignore line: [COMPILER_PATH=/home/epl/Jan_7/Linux-Test-Framework/output/host/libexec/gcc/arm-buildroot-linux-uclibcgnueabihf/6.4.0/:/home/epl/Jan_7/Linux-Test-Framework/output/host/libexec/gcc/arm-buildroot-linux-uclibcgnueabihf/6.4.0/:/home/epl/Jan_7/Linux-Test-Framework/output/host/libexec/gcc/arm-buildroot-linux-uclibcgnueabihf/:/home/epl/Jan_7/Linux-Test-Framework/output/host/lib/gcc/arm-buildroot-linux-uclibcgnueabihf/6.4.0/:/home/epl/Jan_7/Linux-Test-Framework/output/host/lib/gcc/arm-buildroot-linux-uclibcgnueabihf/:/home/epl/Jan_7/Linux-Test-Framework/output/host/lib/gcc/arm-buildroot-linux-uclibcgnueabihf/6.4.0/../../../../arm-buildroot-linux-uclibcgnueabihf/bin/]
  ignore line: [LIBRARY_PATH=/home/epl/Jan_7/Linux-Test-Framework/output/host/lib/gcc/arm-buildroot-linux-uclibcgnueabihf/6.4.0/:/home/epl/Jan_7/Linux-Test-Framework/output/host/lib/gcc/arm-buildroot-linux-uclibcgnueabihf/6.4.0/../../../../arm-buildroot-linux-uclibcgnueabihf/lib/:/home/epl/Jan_7/Linux-Test-Framework/output/host/arm-buildroot-linux-uclibcgnueabihf/sysroot/lib/:/home/epl/Jan_7/Linux-Test-Framework/output/host/arm-buildroot-linux-uclibcgnueabihf/sysroot/usr/lib/]
  ignore line: [COLLECT_GCC_OPTIONS='-D' '_LARGEFILE_SOURCE' '-D' '_LARGEFILE64_SOURCE' '-D' '_FILE_OFFSET_BITS=64' '-Os' '-D' 'NDEBUG' '-v' '-o' 'cmTC_c8e51' '-rdynamic' '-mcpu=cortex-a7' '-mfloat-abi=hard' '-mfpu=neon-vfpv4' '-mabi=aapcs-linux' '-marm' '-mtls-dialect=gnu']
  link line: [ /home/epl/Jan_7/Linux-Test-Framework/output/host/libexec/gcc/arm-buildroot-linux-uclibcgnueabihf/6.4.0/collect2 -plugin /home/epl/Jan_7/Linux-Test-Framework/output/host/libexec/gcc/arm-buildroot-linux-uclibcgnueabihf/6.4.0/liblto_plugin.so -plugin-opt=/home/epl/Jan_7/Linux-Test-Framework/output/host/libexec/gcc/arm-buildroot-linux-uclibcgnueabihf/6.4.0/lto-wrapper -plugin-opt=-fresolution=/tmp/ccOD1WB2.res -plugin-opt=-pass-through=-lgcc -plugin-opt=-pass-through=-lgcc_s -plugin-opt=-pass-through=-lc -plugin-opt=-pass-through=-lgcc -plugin-opt=-pass-through=-lgcc_s --sysroot=/home/epl/Jan_7/Linux-Test-Framework/output/host/arm-buildroot-linux-uclibcgnueabihf/sysroot --eh-frame-hdr -export-dynamic -dynamic-linker /lib/ld-uClibc.so.0 -X -m armelf_linux_eabi -o cmTC_c8e51 /home/epl/Jan_7/Linux-Test-Framework/output/host/arm-buildroot-linux-uclibcgnueabihf/sysroot/usr/lib/crt1.o /home/epl/Jan_7/Linux-Test-Framework/output/host/arm-buildroot-linux-uclibcgnueabihf/sysroot/usr/lib/crti.o /home/epl/Jan_7/Linux-Test-Framework/output/host/lib/gcc/arm-buildroot-linux-uclibcgnueabihf/6.4.0/crtbegin.o -L/home/epl/Jan_7/Linux-Test-Framework/output/host/lib/gcc/arm-buildroot-linux-uclibcgnueabihf/6.4.0 -L/home/epl/Jan_7/Linux-Test-Framework/output/host/lib/gcc/arm-buildroot-linux-uclibcgnueabihf/6.4.0/../../../../arm-buildroot-linux-uclibcgnueabihf/lib -L/home/epl/Jan_7/Linux-Test-Framework/output/host/arm-buildroot-linux-uclibcgnueabihf/sysroot/lib -L/home/epl/Jan_7/Linux-Test-Framework/output/host/arm-buildroot-linux-uclibcgnueabihf/sysroot/usr/lib CMakeFiles/cmTC_c8e51.dir/CMakeCCompilerABI.c.o -lgcc --as-needed -lgcc_s --no-as-needed -lc -lgcc --as-needed -lgcc_s --no-as-needed /home/epl/Jan_7/Linux-Test-Framework/output/host/lib/gcc/arm-buildroot-linux-uclibcgnueabihf/6.4.0/crtend.o /home/epl/Jan_7/Linux-Test-Framework/output/host/arm-buildroot-linux-uclibcgnueabihf/sysroot/usr/lib/crtn.o]
    arg [/home/epl/Jan_7/Linux-Test-Framework/output/host/libexec/gcc/arm-buildroot-linux-uclibcgnueabihf/6.4.0/collect2] ==> ignore
    arg [-plugin] ==> ignore
    arg [/home/epl/Jan_7/Linux-Test-Framework/output/host/libexec/gcc/arm-buildroot-linux-uclibcgnueabihf/6.4.0/liblto_plugin.so] ==> ignore
    arg [-plugin-opt=/home/epl/Jan_7/Linux-Test-Framework/output/host/libexec/gcc/arm-buildroot-linux-uclibcgnueabihf/6.4.0/lto-wrapper] ==> ignore
    arg [-plugin-opt=-fresolution=/tmp/ccOD1WB2.res] ==> ignore
    arg [-plugin-opt=-pass-through=-lgcc] ==> ignore
    arg [-plugin-opt=-pass-through=-lgcc_s] ==> ignore
    arg [-plugin-opt=-pass-through=-lc] ==> ignore
    arg [-plugin-opt=-pass-through=-lgcc] ==> ignore
    arg [-plugin-opt=-pass-through=-lgcc_s] ==> ignore
    arg [--sysroot=/home/epl/Jan_7/Linux-Test-Framework/output/host/arm-buildroot-linux-uclibcgnueabihf/sysroot] ==> ignore
    arg [--eh-frame-hdr] ==> ignore
    arg [-export-dynamic] ==> ignore
    arg [-dynamic-linker] ==> ignore
    arg [/lib/ld-uClibc.so.0] ==> ignore
    arg [-X] ==> ignore
    arg [-m] ==> ignore
    arg [armelf_linux_eabi] ==> ignore
    arg [-o] ==> ignore
    arg [cmTC_c8e51] ==> ignore
    arg [/home/epl/Jan_7/Linux-Test-Framework/output/host/arm-buildroot-linux-uclibcgnueabihf/sysroot/usr/lib/crt1.o] ==> ignore
    arg [/home/epl/Jan_7/Linux-Test-Framework/output/host/arm-buildroot-linux-uclibcgnueabihf/sysroot/usr/lib/crti.o] ==> ignore
    arg [/home/epl/Jan_7/Linux-Test-Framework/output/host/lib/gcc/arm-buildroot-linux-uclibcgnueabihf/6.4.0/crtbegin.o] ==> ignore
    arg [-L/home/epl/Jan_7/Linux-Test-Framework/output/host/lib/gcc/arm-buildroot-linux-uclibcgnueabihf/6.4.0] ==> dir [/home/epl/Jan_7/Linux-Test-Framework/output/host/lib/gcc/arm-buildroot-linux-uclibcgnueabihf/6.4.0]
    arg [-L/home/epl/Jan_7/Linux-Test-Framework/output/host/lib/gcc/arm-buildroot-linux-uclibcgnueabihf/6.4.0/../../../../arm-buildroot-linux-uclibcgnueabihf/lib] ==> dir [/home/epl/Jan_7/Linux-Test-Framework/output/host/lib/gcc/arm-buildroot-linux-uclibcgnueabihf/6.4.0/../../../../arm-buildroot-linux-uclibcgnueabihf/lib]
    arg [-L/home/epl/Jan_7/Linux-Test-Framework/output/host/arm-buildroot-linux-uclibcgnueabihf/sysroot/lib] ==> dir [/home/epl/Jan_7/Linux-Test-Framework/output/host/arm-buildroot-linux-uclibcgnueabihf/sysroot/lib]
    arg [-L/home/epl/Jan_7/Linux-Test-Framework/output/host/arm-buildroot-linux-uclibcgnueabihf/sysroot/usr/lib] ==> dir [/home/epl/Jan_7/Linux-Test-Framework/output/host/arm-buildroot-linux-uclibcgnueabihf/sysroot/usr/lib]
    arg [CMakeFiles/cmTC_c8e51.dir/CMakeCCompilerABI.c.o] ==> ignore
    arg [-lgcc] ==> lib [gcc]
    arg [--as-needed] ==> ignore
    arg [-lgcc_s] ==> lib [gcc_s]
    arg [--no-as-needed] ==> ignore
    arg [-lc] ==> lib [c]
    arg [-lgcc] ==> lib [gcc]
    arg [--as-needed] ==> ignore
    arg [-lgcc_s] ==> lib [gcc_s]
    arg [--no-as-needed] ==> ignore
    arg [/home/epl/Jan_7/Linux-Test-Framework/output/host/lib/gcc/arm-buildroot-linux-uclibcgnueabihf/6.4.0/crtend.o] ==> ignore
    arg [/home/epl/Jan_7/Linux-Test-Framework/output/host/arm-buildroot-linux-uclibcgnueabihf/sysroot/usr/lib/crtn.o] ==> ignore
  remove lib [gcc]
  remove lib [gcc_s]
  remove lib [gcc]
  remove lib [gcc_s]
  collapse library dir [/home/epl/Jan_7/Linux-Test-Framework/output/host/lib/gcc/arm-buildroot-linux-uclibcgnueabihf/6.4.0] ==> [/home/epl/Jan_7/Linux-Test-Framework/output/host/lib/gcc/arm-buildroot-linux-uclibcgnueabihf/6.4.0]
  collapse library dir [/home/epl/Jan_7/Linux-Test-Framework/output/host/lib/gcc/arm-buildroot-linux-uclibcgnueabihf/6.4.0/../../../../arm-buildroot-linux-uclibcgnueabihf/lib] ==> [/home/epl/Jan_7/Linux-Test-Framework/output/host/arm-buildroot-linux-uclibcgnueabihf/lib]
  collapse library dir [/home/epl/Jan_7/Linux-Test-Framework/output/host/arm-buildroot-linux-uclibcgnueabihf/sysroot/lib] ==> [/home/epl/Jan_7/Linux-Test-Framework/output/host/arm-buildroot-linux-uclibcgnueabihf/sysroot/lib]
  collapse library dir [/home/epl/Jan_7/Linux-Test-Framework/output/host/arm-buildroot-linux-uclibcgnueabihf/sysroot/usr/lib] ==> [/home/epl/Jan_7/Linux-Test-Framework/output/host/arm-buildroot-linux-uclibcgnueabihf/sysroot/usr/lib]
  implicit libs: [c]
  implicit dirs: [/home/epl/Jan_7/Linux-Test-Framework/output/host/lib/gcc/arm-buildroot-linux-uclibcgnueabihf/6.4.0;/home/epl/Jan_7/Linux-Test-Framework/output/host/arm-buildroot-linux-uclibcgnueabihf/lib;/home/epl/Jan_7/Linux-Test-Framework/output/host/arm-buildroot-linux-uclibcgnueabihf/sysroot/lib;/home/epl/Jan_7/Linux-Test-Framework/output/host/arm-buildroot-linux-uclibcgnueabihf/sysroot/usr/lib]
  implicit fwks: []




Detecting C [-std=c11] compiler features compiled with the following output:
Change Dir: /home/epl/Jan_7/Linux-Test-Framework/output/build/jsoncpp-1.8.3/CMakeFiles/CMakeTmp

Run Build Command:"/usr/bin/make" "cmTC_86d37/fast"
make[2]: Entering directory '/home/epl/Jan_7/Linux-Test-Framework/output/build/jsoncpp-1.8.3/CMakeFiles/CMakeTmp'
/usr/bin/make -f CMakeFiles/cmTC_86d37.dir/build.make CMakeFiles/cmTC_86d37.dir/build
make[3]: Entering directory '/home/epl/Jan_7/Linux-Test-Framework/output/build/jsoncpp-1.8.3/CMakeFiles/CMakeTmp'
Building C object CMakeFiles/cmTC_86d37.dir/feature_tests.c.o
/home/epl/Jan_7/Linux-Test-Framework/output/host/bin/arm-buildroot-linux-uclibcgnueabihf-gcc  --sysroot=/home/epl/Jan_7/Linux-Test-Framework/output/host/arm-buildroot-linux-uclibcgnueabihf/sysroot   -D_LARGEFILE_SOURCE -D_LARGEFILE64_SOURCE -D_FILE_OFFSET_BITS=64 -Os   -DNDEBUG   -std=c11 -o CMakeFiles/cmTC_86d37.dir/feature_tests.c.o   -c /home/epl/Jan_7/Linux-Test-Framework/output/build/jsoncpp-1.8.3/CMakeFiles/feature_tests.c
Linking C executable cmTC_86d37
/usr/bin/cmake -E cmake_link_script CMakeFiles/cmTC_86d37.dir/link.txt --verbose=1
/home/epl/Jan_7/Linux-Test-Framework/output/host/bin/arm-buildroot-linux-uclibcgnueabihf-gcc  --sysroot=/home/epl/Jan_7/Linux-Test-Framework/output/host/arm-buildroot-linux-uclibcgnueabihf/sysroot -D_LARGEFILE_SOURCE -D_LARGEFILE64_SOURCE -D_FILE_OFFSET_BITS=64 -Os   -DNDEBUG    CMakeFiles/cmTC_86d37.dir/feature_tests.c.o  -o cmTC_86d37 -rdynamic 
make[3]: Leaving directory '/home/epl/Jan_7/Linux-Test-Framework/output/build/jsoncpp-1.8.3/CMakeFiles/CMakeTmp'
make[2]: Leaving directory '/home/epl/Jan_7/Linux-Test-Framework/output/build/jsoncpp-1.8.3/CMakeFiles/CMakeTmp'


    Feature record: C_FEATURE:1c_function_prototypes
    Feature record: C_FEATURE:1c_restrict
    Feature record: C_FEATURE:1c_static_assert
    Feature record: C_FEATURE:1c_variadic_macros


Detecting C [-std=c99] compiler features compiled with the following output:
Change Dir: /home/epl/Jan_7/Linux-Test-Framework/output/build/jsoncpp-1.8.3/CMakeFiles/CMakeTmp

Run Build Command:"/usr/bin/make" "cmTC_3abaf/fast"
make[2]: Entering directory '/home/epl/Jan_7/Linux-Test-Framework/output/build/jsoncpp-1.8.3/CMakeFiles/CMakeTmp'
/usr/bin/make -f CMakeFiles/cmTC_3abaf.dir/build.make CMakeFiles/cmTC_3abaf.dir/build
make[3]: Entering directory '/home/epl/Jan_7/Linux-Test-Framework/output/build/jsoncpp-1.8.3/CMakeFiles/CMakeTmp'
Building C object CMakeFiles/cmTC_3abaf.dir/feature_tests.c.o
/home/epl/Jan_7/Linux-Test-Framework/output/host/bin/arm-buildroot-linux-uclibcgnueabihf-gcc  --sysroot=/home/epl/Jan_7/Linux-Test-Framework/output/host/arm-buildroot-linux-uclibcgnueabihf/sysroot   -D_LARGEFILE_SOURCE -D_LARGEFILE64_SOURCE -D_FILE_OFFSET_BITS=64 -Os   -DNDEBUG   -std=c99 -o CMakeFiles/cmTC_3abaf.dir/feature_tests.c.o   -c /home/epl/Jan_7/Linux-Test-Framework/output/build/jsoncpp-1.8.3/CMakeFiles/feature_tests.c
Linking C executable cmTC_3abaf
/usr/bin/cmake -E cmake_link_script CMakeFiles/cmTC_3abaf.dir/link.txt --verbose=1
/home/epl/Jan_7/Linux-Test-Framework/output/host/bin/arm-buildroot-linux-uclibcgnueabihf-gcc  --sysroot=/home/epl/Jan_7/Linux-Test-Framework/output/host/arm-buildroot-linux-uclibcgnueabihf/sysroot -D_LARGEFILE_SOURCE -D_LARGEFILE64_SOURCE -D_FILE_OFFSET_BITS=64 -Os   -DNDEBUG    CMakeFiles/cmTC_3abaf.dir/feature_tests.c.o  -o cmTC_3abaf -rdynamic 
make[3]: Leaving directory '/home/epl/Jan_7/Linux-Test-Framework/output/build/jsoncpp-1.8.3/CMakeFiles/CMakeTmp'
make[2]: Leaving directory '/home/epl/Jan_7/Linux-Test-Framework/output/build/jsoncpp-1.8.3/CMakeFiles/CMakeTmp'


    Feature record: C_FEATURE:1c_function_prototypes
    Feature record: C_FEATURE:1c_restrict
    Feature record: C_FEATURE:0c_static_assert
    Feature record: C_FEATURE:1c_variadic_macros


Detecting C [-std=c90] compiler features compiled with the following output:
Change Dir: /home/epl/Jan_7/Linux-Test-Framework/output/build/jsoncpp-1.8.3/CMakeFiles/CMakeTmp

Run Build Command:"/usr/bin/make" "cmTC_c141e/fast"
make[2]: Entering directory '/home/epl/Jan_7/Linux-Test-Framework/output/build/jsoncpp-1.8.3/CMakeFiles/CMakeTmp'
/usr/bin/make -f CMakeFiles/cmTC_c141e.dir/build.make CMakeFiles/cmTC_c141e.dir/build
make[3]: Entering directory '/home/epl/Jan_7/Linux-Test-Framework/output/build/jsoncpp-1.8.3/CMakeFiles/CMakeTmp'
Building C object CMakeFiles/cmTC_c141e.dir/feature_tests.c.o
/home/epl/Jan_7/Linux-Test-Framework/output/host/bin/arm-buildroot-linux-uclibcgnueabihf-gcc  --sysroot=/home/epl/Jan_7/Linux-Test-Framework/output/host/arm-buildroot-linux-uclibcgnueabihf/sysroot   -D_LARGEFILE_SOURCE -D_LARGEFILE64_SOURCE -D_FILE_OFFSET_BITS=64 -Os   -DNDEBUG   -std=c90 -o CMakeFiles/cmTC_c141e.dir/feature_tests.c.o   -c /home/epl/Jan_7/Linux-Test-Framework/output/build/jsoncpp-1.8.3/CMakeFiles/feature_tests.c
Linking C executable cmTC_c141e
/usr/bin/cmake -E cmake_link_script CMakeFiles/cmTC_c141e.dir/link.txt --verbose=1
/home/epl/Jan_7/Linux-Test-Framework/output/host/bin/arm-buildroot-linux-uclibcgnueabihf-gcc  --sysroot=/home/epl/Jan_7/Linux-Test-Framework/output/host/arm-buildroot-linux-uclibcgnueabihf/sysroot -D_LARGEFILE_SOURCE -D_LARGEFILE64_SOURCE -D_FILE_OFFSET_BITS=64 -Os   -DNDEBUG    CMakeFiles/cmTC_c141e.dir/feature_tests.c.o  -o cmTC_c141e -rdynamic 
make[3]: Leaving directory '/home/epl/Jan_7/Linux-Test-Framework/output/build/jsoncpp-1.8.3/CMakeFiles/CMakeTmp'
make[2]: Leaving directory '/home/epl/Jan_7/Linux-Test-Framework/output/build/jsoncpp-1.8.3/CMakeFiles/CMakeTmp'


    Feature record: C_FEATURE:1c_function_prototypes
    Feature record: C_FEATURE:0c_restrict
    Feature record: C_FEATURE:0c_static_assert
    Feature record: C_FEATURE:0c_variadic_macros
Determining if the CXX compiler works passed with the following output:
Change Dir: /home/epl/Jan_7/Linux-Test-Framework/output/build/jsoncpp-1.8.3/CMakeFiles/CMakeTmp

Run Build Command:"/usr/bin/make" "cmTC_5e361/fast"
make[2]: Entering directory '/home/epl/Jan_7/Linux-Test-Framework/output/build/jsoncpp-1.8.3/CMakeFiles/CMakeTmp'
/usr/bin/make -f CMakeFiles/cmTC_5e361.dir/build.make CMakeFiles/cmTC_5e361.dir/build
make[3]: Entering directory '/home/epl/Jan_7/Linux-Test-Framework/output/build/jsoncpp-1.8.3/CMakeFiles/CMakeTmp'
Building CXX object CMakeFiles/cmTC_5e361.dir/testCXXCompiler.cxx.o
/home/epl/Jan_7/Linux-Test-Framework/output/host/bin/arm-buildroot-linux-uclibcgnueabihf-g++  --sysroot=/home/epl/Jan_7/Linux-Test-Framework/output/host/arm-buildroot-linux-uclibcgnueabihf/sysroot    -D_LARGEFILE_SOURCE -D_LARGEFILE64_SOURCE -D_FILE_OFFSET_BITS=64 -Os   -DNDEBUG   -o CMakeFiles/cmTC_5e361.dir/testCXXCompiler.cxx.o -c /home/epl/Jan_7/Linux-Test-Framework/output/build/jsoncpp-1.8.3/CMakeFiles/CMakeTmp/testCXXCompiler.cxx
Linking CXX executable cmTC_5e361
/usr/bin/cmake -E cmake_link_script CMakeFiles/cmTC_5e361.dir/link.txt --verbose=1
/home/epl/Jan_7/Linux-Test-Framework/output/host/bin/arm-buildroot-linux-uclibcgnueabihf-g++  --sysroot=/home/epl/Jan_7/Linux-Test-Framework/output/host/arm-buildroot-linux-uclibcgnueabihf/sysroot  -D_LARGEFILE_SOURCE -D_LARGEFILE64_SOURCE -D_FILE_OFFSET_BITS=64 -Os   -DNDEBUG    CMakeFiles/cmTC_5e361.dir/testCXXCompiler.cxx.o  -o cmTC_5e361 -rdynamic 
make[3]: Leaving directory '/home/epl/Jan_7/Linux-Test-Framework/output/build/jsoncpp-1.8.3/CMakeFiles/CMakeTmp'
make[2]: Leaving directory '/home/epl/Jan_7/Linux-Test-Framework/output/build/jsoncpp-1.8.3/CMakeFiles/CMakeTmp'


Detecting CXX compiler ABI info compiled with the following output:
Change Dir: /home/epl/Jan_7/Linux-Test-Framework/output/build/jsoncpp-1.8.3/CMakeFiles/CMakeTmp

Run Build Command:"/usr/bin/make" "cmTC_93ffb/fast"
make[2]: Entering directory '/home/epl/Jan_7/Linux-Test-Framework/output/build/jsoncpp-1.8.3/CMakeFiles/CMakeTmp'
/usr/bin/make -f CMakeFiles/cmTC_93ffb.dir/build.make CMakeFiles/cmTC_93ffb.dir/build
make[3]: Entering directory '/home/epl/Jan_7/Linux-Test-Framework/output/build/jsoncpp-1.8.3/CMakeFiles/CMakeTmp'
Building CXX object CMakeFiles/cmTC_93ffb.dir/CMakeCXXCompilerABI.cpp.o
/home/epl/Jan_7/Linux-Test-Framework/output/host/bin/arm-buildroot-linux-uclibcgnueabihf-g++  --sysroot=/home/epl/Jan_7/Linux-Test-Framework/output/host/arm-buildroot-linux-uclibcgnueabihf/sysroot    -D_LARGEFILE_SOURCE -D_LARGEFILE64_SOURCE -D_FILE_OFFSET_BITS=64 -Os   -DNDEBUG   -o CMakeFiles/cmTC_93ffb.dir/CMakeCXXCompilerABI.cpp.o -c /usr/share/cmake-3.5/Modules/CMakeCXXCompilerABI.cpp
Linking CXX executable cmTC_93ffb
/usr/bin/cmake -E cmake_link_script CMakeFiles/cmTC_93ffb.dir/link.txt --verbose=1
/home/epl/Jan_7/Linux-Test-Framework/output/host/bin/arm-buildroot-linux-uclibcgnueabihf-g++  --sysroot=/home/epl/Jan_7/Linux-Test-Framework/output/host/arm-buildroot-linux-uclibcgnueabihf/sysroot  -D_LARGEFILE_SOURCE -D_LARGEFILE64_SOURCE -D_FILE_OFFSET_BITS=64 -Os   -DNDEBUG   -v CMakeFiles/cmTC_93ffb.dir/CMakeCXXCompilerABI.cpp.o  -o cmTC_93ffb -rdynamic  
Using built-in specs.
COLLECT_GCC=/home/epl/Jan_7/Linux-Test-Framework/output/host/bin/arm-buildroot-linux-uclibcgnueabihf-g++.br_real
COLLECT_LTO_WRAPPER=/home/epl/Jan_7/Linux-Test-Framework/output/host/libexec/gcc/arm-buildroot-linux-uclibcgnueabihf/6.4.0/lto-wrapper
Target: arm-buildroot-linux-uclibcgnueabihf
Configured with: ./configure --prefix=/home/epl/Jan_7/Linux-Test-Framework/output/host --sysconfdir=/home/epl/Jan_7/Linux-Test-Framework/output/host/etc --enable-static --target=arm-buildroot-linux-uclibcgnueabihf --with-sysroot=/home/epl/Jan_7/Linux-Test-Framework/output/host/arm-buildroot-linux-uclibcgnueabihf/sysroot --disable-__cxa_atexit --with-gnu-ld --disable-libssp --disable-multilib --with-gmp=/home/epl/Jan_7/Linux-Test-Framework/output/host --with-mpc=/home/epl/Jan_7/Linux-Test-Framework/output/host --with-mpfr=/home/epl/Jan_7/Linux-Test-Framework/output/host --with-pkgversion='Buildroot 2018.02.1-g1c99f2c-dirty' --with-bugurl=http://bugs.buildroot.net/ --disable-libquadmath --disable-libsanitizer --enable-tls --disable-libmudflap --enable-threads --without-isl --without-cloog --disable-decimal-float --with-abi=aapcs-linux --with-cpu=cortex-a7 --with-fpu=neon-vfpv4 --with-float=hard --with-mode=arm --enable-languages=c,c++ --with-build-time-tools=/home/epl/Jan_7/Linux-Test-Framework/output/host/arm-buildroot-linux-uclibcgnueabihf/bin --enable-shared --disable-libgomp
Thread model: posix
gcc version 6.4.0 (Buildroot 2018.02.1-g1c99f2c-dirty) 
COMPILER_PATH=/home/epl/Jan_7/Linux-Test-Framework/output/host/libexec/gcc/arm-buildroot-linux-uclibcgnueabihf/6.4.0/:/home/epl/Jan_7/Linux-Test-Framework/output/host/libexec/gcc/arm-buildroot-linux-uclibcgnueabihf/6.4.0/:/home/epl/Jan_7/Linux-Test-Framework/output/host/libexec/gcc/arm-buildroot-linux-uclibcgnueabihf/:/home/epl/Jan_7/Linux-Test-Framework/output/host/lib/gcc/arm-buildroot-linux-uclibcgnueabihf/6.4.0/:/home/epl/Jan_7/Linux-Test-Framework/output/host/lib/gcc/arm-buildroot-linux-uclibcgnueabihf/:/home/epl/Jan_7/Linux-Test-Framework/output/host/lib/gcc/arm-buildroot-linux-uclibcgnueabihf/6.4.0/../../../../arm-buildroot-linux-uclibcgnueabihf/bin/
LIBRARY_PATH=/home/epl/Jan_7/Linux-Test-Framework/output/host/lib/gcc/arm-buildroot-linux-uclibcgnueabihf/6.4.0/:/home/epl/Jan_7/Linux-Test-Framework/output/host/lib/gcc/arm-buildroot-linux-uclibcgnueabihf/6.4.0/../../../../arm-buildroot-linux-uclibcgnueabihf/lib/:/home/epl/Jan_7/Linux-Test-Framework/output/host/arm-buildroot-linux-uclibcgnueabihf/sysroot/lib/:/home/epl/Jan_7/Linux-Test-Framework/output/host/arm-buildroot-linux-uclibcgnueabihf/sysroot/usr/lib/
COLLECT_GCC_OPTIONS='-D' '_LARGEFILE_SOURCE' '-D' '_LARGEFILE64_SOURCE' '-D' '_FILE_OFFSET_BITS=64' '-Os' '-D' 'NDEBUG' '-v' '-o' 'cmTC_93ffb' '-rdynamic' '-shared-libgcc' '-mcpu=cortex-a7' '-mfloat-abi=hard' '-mfpu=neon-vfpv4' '-mabi=aapcs-linux' '-marm' '-mtls-dialect=gnu'
 /home/epl/Jan_7/Linux-Test-Framework/output/host/libexec/gcc/arm-buildroot-linux-uclibcgnueabihf/6.4.0/collect2 -plugin /home/epl/Jan_7/Linux-Test-Framework/output/host/libexec/gcc/arm-buildroot-linux-uclibcgnueabihf/6.4.0/liblto_plugin.so -plugin-opt=/home/epl/Jan_7/Linux-Test-Framework/output/host/libexec/gcc/arm-buildroot-linux-uclibcgnueabihf/6.4.0/lto-wrapper -plugin-opt=-fresolution=/tmp/ccQM0MGA.res -plugin-opt=-pass-through=-lgcc_s -plugin-opt=-pass-through=-lgcc -plugin-opt=-pass-through=-lc -plugin-opt=-pass-through=-lgcc_s -plugin-opt=-pass-through=-lgcc --sysroot=/home/epl/Jan_7/Linux-Test-Framework/output/host/arm-buildroot-linux-uclibcgnueabihf/sysroot --eh-frame-hdr -export-dynamic -dynamic-linker /lib/ld-uClibc.so.0 -X -m armelf_linux_eabi -o cmTC_93ffb /home/epl/Jan_7/Linux-Test-Framework/output/host/arm-buildroot-linux-uclibcgnueabihf/sysroot/usr/lib/crt1.o /home/epl/Jan_7/Linux-Test-Framework/output/host/arm-buildroot-linux-uclibcgnueabihf/sysroot/usr/lib/crti.o /home/epl/Jan_7/Linux-Test-Framework/output/host/lib/gcc/arm-buildroot-linux-uclibcgnueabihf/6.4.0/crtbegin.o -L/home/epl/Jan_7/Linux-Test-Framework/output/host/lib/gcc/arm-buildroot-linux-uclibcgnueabihf/6.4.0 -L/home/epl/Jan_7/Linux-Test-Framework/output/host/lib/gcc/arm-buildroot-linux-uclibcgnueabihf/6.4.0/../../../../arm-buildroot-linux-uclibcgnueabihf/lib -L/home/epl/Jan_7/Linux-Test-Framework/output/host/arm-buildroot-linux-uclibcgnueabihf/sysroot/lib -L/home/epl/Jan_7/Linux-Test-Framework/output/host/arm-buildroot-linux-uclibcgnueabihf/sysroot/usr/lib CMakeFiles/cmTC_93ffb.dir/CMakeCXXCompilerABI.cpp.o -lstdc++ -lm -lgcc_s -lgcc -lc -lgcc_s -lgcc /home/epl/Jan_7/Linux-Test-Framework/output/host/lib/gcc/arm-buildroot-linux-uclibcgnueabihf/6.4.0/crtend.o /home/epl/Jan_7/Linux-Test-Framework/output/host/arm-buildroot-linux-uclibcgnueabihf/sysroot/usr/lib/crtn.o
COLLECT_GCC_OPTIONS='-D' '_LARGEFILE_SOURCE' '-D' '_LARGEFILE64_SOURCE' '-D' '_FILE_OFFSET_BITS=64' '-Os' '-D' 'NDEBUG' '-v' '-o' 'cmTC_93ffb' '-rdynamic' '-shared-libgcc' '-mcpu=cortex-a7' '-mfloat-abi=hard' '-mfpu=neon-vfpv4' '-mabi=aapcs-linux' '-marm' '-mtls-dialect=gnu'
make[3]: Leaving directory '/home/epl/Jan_7/Linux-Test-Framework/output/build/jsoncpp-1.8.3/CMakeFiles/CMakeTmp'
make[2]: Leaving directory '/home/epl/Jan_7/Linux-Test-Framework/output/build/jsoncpp-1.8.3/CMakeFiles/CMakeTmp'


Parsed CXX implicit link information from above output:
  link line regex: [^( *|.*[/\])(arm-buildroot-linux-uclibcgnueabihf-ld|([^/\]+-)?ld|collect2)[^/\]*( |$)]
  ignore line: [Change Dir: /home/epl/Jan_7/Linux-Test-Framework/output/build/jsoncpp-1.8.3/CMakeFiles/CMakeTmp]
  ignore line: []
  ignore line: [Run Build Command:"/usr/bin/make" "cmTC_93ffb/fast"]
  ignore line: [make[2]: Entering directory '/home/epl/Jan_7/Linux-Test-Framework/output/build/jsoncpp-1.8.3/CMakeFiles/CMakeTmp']
  ignore line: [/usr/bin/make -f CMakeFiles/cmTC_93ffb.dir/build.make CMakeFiles/cmTC_93ffb.dir/build]
  ignore line: [make[3]: Entering directory '/home/epl/Jan_7/Linux-Test-Framework/output/build/jsoncpp-1.8.3/CMakeFiles/CMakeTmp']
  ignore line: [Building CXX object CMakeFiles/cmTC_93ffb.dir/CMakeCXXCompilerABI.cpp.o]
  ignore line: [/home/epl/Jan_7/Linux-Test-Framework/output/host/bin/arm-buildroot-linux-uclibcgnueabihf-g++  --sysroot=/home/epl/Jan_7/Linux-Test-Framework/output/host/arm-buildroot-linux-uclibcgnueabihf/sysroot    -D_LARGEFILE_SOURCE -D_LARGEFILE64_SOURCE -D_FILE_OFFSET_BITS=64 -Os   -DNDEBUG   -o CMakeFiles/cmTC_93ffb.dir/CMakeCXXCompilerABI.cpp.o -c /usr/share/cmake-3.5/Modules/CMakeCXXCompilerABI.cpp]
  ignore line: [Linking CXX executable cmTC_93ffb]
  ignore line: [/usr/bin/cmake -E cmake_link_script CMakeFiles/cmTC_93ffb.dir/link.txt --verbose=1]
  ignore line: [/home/epl/Jan_7/Linux-Test-Framework/output/host/bin/arm-buildroot-linux-uclibcgnueabihf-g++  --sysroot=/home/epl/Jan_7/Linux-Test-Framework/output/host/arm-buildroot-linux-uclibcgnueabihf/sysroot  -D_LARGEFILE_SOURCE -D_LARGEFILE64_SOURCE -D_FILE_OFFSET_BITS=64 -Os   -DNDEBUG   -v CMakeFiles/cmTC_93ffb.dir/CMakeCXXCompilerABI.cpp.o  -o cmTC_93ffb -rdynamic  ]
  ignore line: [Using built-in specs.]
  ignore line: [COLLECT_GCC=/home/epl/Jan_7/Linux-Test-Framework/output/host/bin/arm-buildroot-linux-uclibcgnueabihf-g++.br_real]
  ignore line: [COLLECT_LTO_WRAPPER=/home/epl/Jan_7/Linux-Test-Framework/output/host/libexec/gcc/arm-buildroot-linux-uclibcgnueabihf/6.4.0/lto-wrapper]
  ignore line: [Target: arm-buildroot-linux-uclibcgnueabihf]
  ignore line: [Configured with: ./configure --prefix=/home/epl/Jan_7/Linux-Test-Framework/output/host --sysconfdir=/home/epl/Jan_7/Linux-Test-Framework/output/host/etc --enable-static --target=arm-buildroot-linux-uclibcgnueabihf --with-sysroot=/home/epl/Jan_7/Linux-Test-Framework/output/host/arm-buildroot-linux-uclibcgnueabihf/sysroot --disable-__cxa_atexit --with-gnu-ld --disable-libssp --disable-multilib --with-gmp=/home/epl/Jan_7/Linux-Test-Framework/output/host --with-mpc=/home/epl/Jan_7/Linux-Test-Framework/output/host --with-mpfr=/home/epl/Jan_7/Linux-Test-Framework/output/host --with-pkgversion='Buildroot 2018.02.1-g1c99f2c-dirty' --with-bugurl=http://bugs.buildroot.net/ --disable-libquadmath --disable-libsanitizer --enable-tls --disable-libmudflap --enable-threads --without-isl --without-cloog --disable-decimal-float --with-abi=aapcs-linux --with-cpu=cortex-a7 --with-fpu=neon-vfpv4 --with-float=hard --with-mode=arm --enable-languages=c,c++ --with-build-time-tools=/home/epl/Jan_7/Linux-Test-Framework/output/host/arm-buildroot-linux-uclibcgnueabihf/bin --enable-shared --disable-libgomp]
  ignore line: [Thread model: posix]
  ignore line: [gcc version 6.4.0 (Buildroot 2018.02.1-g1c99f2c-dirty) ]
  ignore line: [COMPILER_PATH=/home/epl/Jan_7/Linux-Test-Framework/output/host/libexec/gcc/arm-buildroot-linux-uclibcgnueabihf/6.4.0/:/home/epl/Jan_7/Linux-Test-Framework/output/host/libexec/gcc/arm-buildroot-linux-uclibcgnueabihf/6.4.0/:/home/epl/Jan_7/Linux-Test-Framework/output/host/libexec/gcc/arm-buildroot-linux-uclibcgnueabihf/:/home/epl/Jan_7/Linux-Test-Framework/output/host/lib/gcc/arm-buildroot-linux-uclibcgnueabihf/6.4.0/:/home/epl/Jan_7/Linux-Test-Framework/output/host/lib/gcc/arm-buildroot-linux-uclibcgnueabihf/:/home/epl/Jan_7/Linux-Test-Framework/output/host/lib/gcc/arm-buildroot-linux-uclibcgnueabihf/6.4.0/../../../../arm-buildroot-linux-uclibcgnueabihf/bin/]
  ignore line: [LIBRARY_PATH=/home/epl/Jan_7/Linux-Test-Framework/output/host/lib/gcc/arm-buildroot-linux-uclibcgnueabihf/6.4.0/:/home/epl/Jan_7/Linux-Test-Framework/output/host/lib/gcc/arm-buildroot-linux-uclibcgnueabihf/6.4.0/../../../../arm-buildroot-linux-uclibcgnueabihf/lib/:/home/epl/Jan_7/Linux-Test-Framework/output/host/arm-buildroot-linux-uclibcgnueabihf/sysroot/lib/:/home/epl/Jan_7/Linux-Test-Framework/output/host/arm-buildroot-linux-uclibcgnueabihf/sysroot/usr/lib/]
  ignore line: [COLLECT_GCC_OPTIONS='-D' '_LARGEFILE_SOURCE' '-D' '_LARGEFILE64_SOURCE' '-D' '_FILE_OFFSET_BITS=64' '-Os' '-D' 'NDEBUG' '-v' '-o' 'cmTC_93ffb' '-rdynamic' '-shared-libgcc' '-mcpu=cortex-a7' '-mfloat-abi=hard' '-mfpu=neon-vfpv4' '-mabi=aapcs-linux' '-marm' '-mtls-dialect=gnu']
  link line: [ /home/epl/Jan_7/Linux-Test-Framework/output/host/libexec/gcc/arm-buildroot-linux-uclibcgnueabihf/6.4.0/collect2 -plugin /home/epl/Jan_7/Linux-Test-Framework/output/host/libexec/gcc/arm-buildroot-linux-uclibcgnueabihf/6.4.0/liblto_plugin.so -plugin-opt=/home/epl/Jan_7/Linux-Test-Framework/output/host/libexec/gcc/arm-buildroot-linux-uclibcgnueabihf/6.4.0/lto-wrapper -plugin-opt=-fresolution=/tmp/ccQM0MGA.res -plugin-opt=-pass-through=-lgcc_s -plugin-opt=-pass-through=-lgcc -plugin-opt=-pass-through=-lc -plugin-opt=-pass-through=-lgcc_s -plugin-opt=-pass-through=-lgcc --sysroot=/home/epl/Jan_7/Linux-Test-Framework/output/host/arm-buildroot-linux-uclibcgnueabihf/sysroot --eh-frame-hdr -export-dynamic -dynamic-linker /lib/ld-uClibc.so.0 -X -m armelf_linux_eabi -o cmTC_93ffb /home/epl/Jan_7/Linux-Test-Framework/output/host/arm-buildroot-linux-uclibcgnueabihf/sysroot/usr/lib/crt1.o /home/epl/Jan_7/Linux-Test-Framework/output/host/arm-buildroot-linux-uclibcgnueabihf/sysroot/usr/lib/crti.o /home/epl/Jan_7/Linux-Test-Framework/output/host/lib/gcc/arm-buildroot-linux-uclibcgnueabihf/6.4.0/crtbegin.o -L/home/epl/Jan_7/Linux-Test-Framework/output/host/lib/gcc/arm-buildroot-linux-uclibcgnueabihf/6.4.0 -L/home/epl/Jan_7/Linux-Test-Framework/output/host/lib/gcc/arm-buildroot-linux-uclibcgnueabihf/6.4.0/../../../../arm-buildroot-linux-uclibcgnueabihf/lib -L/home/epl/Jan_7/Linux-Test-Framework/output/host/arm-buildroot-linux-uclibcgnueabihf/sysroot/lib -L/home/epl/Jan_7/Linux-Test-Framework/output/host/arm-buildroot-linux-uclibcgnueabihf/sysroot/usr/lib CMakeFiles/cmTC_93ffb.dir/CMakeCXXCompilerABI.cpp.o -lstdc++ -lm -lgcc_s -lgcc -lc -lgcc_s -lgcc /home/epl/Jan_7/Linux-Test-Framework/output/host/lib/gcc/arm-buildroot-linux-uclibcgnueabihf/6.4.0/crtend.o /home/epl/Jan_7/Linux-Test-Framework/output/host/arm-buildroot-linux-uclibcgnueabihf/sysroot/usr/lib/crtn.o]
    arg [/home/epl/Jan_7/Linux-Test-Framework/output/host/libexec/gcc/arm-buildroot-linux-uclibcgnueabihf/6.4.0/collect2] ==> ignore
    arg [-plugin] ==> ignore
    arg [/home/epl/Jan_7/Linux-Test-Framework/output/host/libexec/gcc/arm-buildroot-linux-uclibcgnueabihf/6.4.0/liblto_plugin.so] ==> ignore
    arg [-plugin-opt=/home/epl/Jan_7/Linux-Test-Framework/output/host/libexec/gcc/arm-buildroot-linux-uclibcgnueabihf/6.4.0/lto-wrapper] ==> ignore
    arg [-plugin-opt=-fresolution=/tmp/ccQM0MGA.res] ==> ignore
    arg [-plugin-opt=-pass-through=-lgcc_s] ==> ignore
    arg [-plugin-opt=-pass-through=-lgcc] ==> ignore
    arg [-plugin-opt=-pass-through=-lc] ==> ignore
    arg [-plugin-opt=-pass-through=-lgcc_s] ==> ignore
    arg [-plugin-opt=-pass-through=-lgcc] ==> ignore
    arg [--sysroot=/home/epl/Jan_7/Linux-Test-Framework/output/host/arm-buildroot-linux-uclibcgnueabihf/sysroot] ==> ignore
    arg [--eh-frame-hdr] ==> ignore
    arg [-export-dynamic] ==> ignore
    arg [-dynamic-linker] ==> ignore
    arg [/lib/ld-uClibc.so.0] ==> ignore
    arg [-X] ==> ignore
    arg [-m] ==> ignore
    arg [armelf_linux_eabi] ==> ignore
    arg [-o] ==> ignore
    arg [cmTC_93ffb] ==> ignore
    arg [/home/epl/Jan_7/Linux-Test-Framework/output/host/arm-buildroot-linux-uclibcgnueabihf/sysroot/usr/lib/crt1.o] ==> ignore
    arg [/home/epl/Jan_7/Linux-Test-Framework/output/host/arm-buildroot-linux-uclibcgnueabihf/sysroot/usr/lib/crti.o] ==> ignore
    arg [/home/epl/Jan_7/Linux-Test-Framework/output/host/lib/gcc/arm-buildroot-linux-uclibcgnueabihf/6.4.0/crtbegin.o] ==> ignore
    arg [-L/home/epl/Jan_7/Linux-Test-Framework/output/host/lib/gcc/arm-buildroot-linux-uclibcgnueabihf/6.4.0] ==> dir [/home/epl/Jan_7/Linux-Test-Framework/output/host/lib/gcc/arm-buildroot-linux-uclibcgnueabihf/6.4.0]
    arg [-L/home/epl/Jan_7/Linux-Test-Framework/output/host/lib/gcc/arm-buildroot-linux-uclibcgnueabihf/6.4.0/../../../../arm-buildroot-linux-uclibcgnueabihf/lib] ==> dir [/home/epl/Jan_7/Linux-Test-Framework/output/host/lib/gcc/arm-buildroot-linux-uclibcgnueabihf/6.4.0/../../../../arm-buildroot-linux-uclibcgnueabihf/lib]
    arg [-L/home/epl/Jan_7/Linux-Test-Framework/output/host/arm-buildroot-linux-uclibcgnueabihf/sysroot/lib] ==> dir [/home/epl/Jan_7/Linux-Test-Framework/output/host/arm-buildroot-linux-uclibcgnueabihf/sysroot/lib]
    arg [-L/home/epl/Jan_7/Linux-Test-Framework/output/host/arm-buildroot-linux-uclibcgnueabihf/sysroot/usr/lib] ==> dir [/home/epl/Jan_7/Linux-Test-Framework/output/host/arm-buildroot-linux-uclibcgnueabihf/sysroot/usr/lib]
    arg [CMakeFiles/cmTC_93ffb.dir/CMakeCXXCompilerABI.cpp.o] ==> ignore
    arg [-lstdc++] ==> lib [stdc++]
    arg [-lm] ==> lib [m]
    arg [-lgcc_s] ==> lib [gcc_s]
    arg [-lgcc] ==> lib [gcc]
    arg [-lc] ==> lib [c]
    arg [-lgcc_s] ==> lib [gcc_s]
    arg [-lgcc] ==> lib [gcc]
    arg [/home/epl/Jan_7/Linux-Test-Framework/output/host/lib/gcc/arm-buildroot-linux-uclibcgnueabihf/6.4.0/crtend.o] ==> ignore
    arg [/home/epl/Jan_7/Linux-Test-Framework/output/host/arm-buildroot-linux-uclibcgnueabihf/sysroot/usr/lib/crtn.o] ==> ignore
  remove lib [gcc_s]
  remove lib [gcc]
  remove lib [gcc_s]
  remove lib [gcc]
  collapse library dir [/home/epl/Jan_7/Linux-Test-Framework/output/host/lib/gcc/arm-buildroot-linux-uclibcgnueabihf/6.4.0] ==> [/home/epl/Jan_7/Linux-Test-Framework/output/host/lib/gcc/arm-buildroot-linux-uclibcgnueabihf/6.4.0]
  collapse library dir [/home/epl/Jan_7/Linux-Test-Framework/output/host/lib/gcc/arm-buildroot-linux-uclibcgnueabihf/6.4.0/../../../../arm-buildroot-linux-uclibcgnueabihf/lib] ==> [/home/epl/Jan_7/Linux-Test-Framework/output/host/arm-buildroot-linux-uclibcgnueabihf/lib]
  collapse library dir [/home/epl/Jan_7/Linux-Test-Framework/output/host/arm-buildroot-linux-uclibcgnueabihf/sysroot/lib] ==> [/home/epl/Jan_7/Linux-Test-Framework/output/host/arm-buildroot-linux-uclibcgnueabihf/sysroot/lib]
  collapse library dir [/home/epl/Jan_7/Linux-Test-Framework/output/host/arm-buildroot-linux-uclibcgnueabihf/sysroot/usr/lib] ==> [/home/epl/Jan_7/Linux-Test-Framework/output/host/arm-buildroot-linux-uclibcgnueabihf/sysroot/usr/lib]
  implicit libs: [stdc++;m;c]
  implicit dirs: [/home/epl/Jan_7/Linux-Test-Framework/output/host/lib/gcc/arm-buildroot-linux-uclibcgnueabihf/6.4.0;/home/epl/Jan_7/Linux-Test-Framework/output/host/arm-buildroot-linux-uclibcgnueabihf/lib;/home/epl/Jan_7/Linux-Test-Framework/output/host/arm-buildroot-linux-uclibcgnueabihf/sysroot/lib;/home/epl/Jan_7/Linux-Test-Framework/output/host/arm-buildroot-linux-uclibcgnueabihf/sysroot/usr/lib]
  implicit fwks: []




Detecting CXX [-std=c++14] compiler features compiled with the following output:
Change Dir: /home/epl/Jan_7/Linux-Test-Framework/output/build/jsoncpp-1.8.3/CMakeFiles/CMakeTmp

Run Build Command:"/usr/bin/make" "cmTC_2db40/fast"
make[2]: Entering directory '/home/epl/Jan_7/Linux-Test-Framework/output/build/jsoncpp-1.8.3/CMakeFiles/CMakeTmp'
/usr/bin/make -f CMakeFiles/cmTC_2db40.dir/build.make CMakeFiles/cmTC_2db40.dir/build
make[3]: Entering directory '/home/epl/Jan_7/Linux-Test-Framework/output/build/jsoncpp-1.8.3/CMakeFiles/CMakeTmp'
Building CXX object CMakeFiles/cmTC_2db40.dir/feature_tests.cxx.o
/home/epl/Jan_7/Linux-Test-Framework/output/host/bin/arm-buildroot-linux-uclibcgnueabihf-g++  --sysroot=/home/epl/Jan_7/Linux-Test-Framework/output/host/arm-buildroot-linux-uclibcgnueabihf/sysroot    -D_LARGEFILE_SOURCE -D_LARGEFILE64_SOURCE -D_FILE_OFFSET_BITS=64 -Os   -DNDEBUG   -std=c++14 -o CMakeFiles/cmTC_2db40.dir/feature_tests.cxx.o -c /home/epl/Jan_7/Linux-Test-Framework/output/build/jsoncpp-1.8.3/CMakeFiles/feature_tests.cxx
Linking CXX executable cmTC_2db40
/usr/bin/cmake -E cmake_link_script CMakeFiles/cmTC_2db40.dir/link.txt --verbose=1
/home/epl/Jan_7/Linux-Test-Framework/output/host/bin/arm-buildroot-linux-uclibcgnueabihf-g++  --sysroot=/home/epl/Jan_7/Linux-Test-Framework/output/host/arm-buildroot-linux-uclibcgnueabihf/sysroot  -D_LARGEFILE_SOURCE -D_LARGEFILE64_SOURCE -D_FILE_OFFSET_BITS=64 -Os   -DNDEBUG    CMakeFiles/cmTC_2db40.dir/feature_tests.cxx.o  -o cmTC_2db40 -rdynamic 
make[3]: Leaving directory '/home/epl/Jan_7/Linux-Test-Framework/output/build/jsoncpp-1.8.3/CMakeFiles/CMakeTmp'
make[2]: Leaving directory '/home/epl/Jan_7/Linux-Test-Framework/output/build/jsoncpp-1.8.3/CMakeFiles/CMakeTmp'


    Feature record: CXX_FEATURE:1cxx_aggregate_default_initializers
    Feature record: CXX_FEATURE:1cxx_alias_templates
    Feature record: CXX_FEATURE:1cxx_alignas
    Feature record: CXX_FEATURE:1cxx_alignof
    Feature record: CXX_FEATURE:1cxx_attributes
    Feature record: CXX_FEATURE:1cxx_attribute_deprecated
    Feature record: CXX_FEATURE:1cxx_auto_type
    Feature record: CXX_FEATURE:1cxx_binary_literals
    Feature record: CXX_FEATURE:1cxx_constexpr
    Feature record: CXX_FEATURE:1cxx_contextual_conversions
    Feature record: CXX_FEATURE:1cxx_decltype
    Feature record: CXX_FEATURE:1cxx_decltype_auto
    Feature record: CXX_FEATURE:1cxx_decltype_incomplete_return_types
    Feature record: CXX_FEATURE:1cxx_default_function_template_args
    Feature record: CXX_FEATURE:1cxx_defaulted_functions
    Feature record: CXX_FEATURE:1cxx_defaulted_move_initializers
    Feature record: CXX_FEATURE:1cxx_delegating_constructors
    Feature record: CXX_FEATURE:1cxx_deleted_functions
    Feature record: CXX_FEATURE:1cxx_digit_separators
    Feature record: CXX_FEATURE:1cxx_enum_forward_declarations
    Feature record: CXX_FEATURE:1cxx_explicit_conversions
    Feature record: CXX_FEATURE:1cxx_extended_friend_declarations
    Feature record: CXX_FEATURE:1cxx_extern_templates
    Feature record: CXX_FEATURE:1cxx_final
    Feature record: CXX_FEATURE:1cxx_func_identifier
    Feature record: CXX_FEATURE:1cxx_generalized_initializers
    Feature record: CXX_FEATURE:1cxx_generic_lambdas
    Feature record: CXX_FEATURE:1cxx_inheriting_constructors
    Feature record: CXX_FEATURE:1cxx_inline_namespaces
    Feature record: CXX_FEATURE:1cxx_lambdas
    Feature record: CXX_FEATURE:1cxx_lambda_init_captures
    Feature record: CXX_FEATURE:1cxx_local_type_template_args
    Feature record: CXX_FEATURE:1cxx_long_long_type
    Feature record: CXX_FEATURE:1cxx_noexcept
    Feature record: CXX_FEATURE:1cxx_nonstatic_member_init
    Feature record: CXX_FEATURE:1cxx_nullptr
    Feature record: CXX_FEATURE:1cxx_override
    Feature record: CXX_FEATURE:1cxx_range_for
    Feature record: CXX_FEATURE:1cxx_raw_string_literals
    Feature record: CXX_FEATURE:1cxx_reference_qualified_functions
    Feature record: CXX_FEATURE:1cxx_relaxed_constexpr
    Feature record: CXX_FEATURE:1cxx_return_type_deduction
    Feature record: CXX_FEATURE:1cxx_right_angle_brackets
    Feature record: CXX_FEATURE:1cxx_rvalue_references
    Feature record: CXX_FEATURE:1cxx_sizeof_member
    Feature record: CXX_FEATURE:1cxx_static_assert
    Feature record: CXX_FEATURE:1cxx_strong_enums
    Feature record: CXX_FEATURE:1cxx_template_template_parameters
    Feature record: CXX_FEATURE:1cxx_thread_local
    Feature record: CXX_FEATURE:1cxx_trailing_return_types
    Feature record: CXX_FEATURE:1cxx_unicode_literals
    Feature record: CXX_FEATURE:1cxx_uniform_initialization
    Feature record: CXX_FEATURE:1cxx_unrestricted_unions
    Feature record: CXX_FEATURE:1cxx_user_literals
    Feature record: CXX_FEATURE:1cxx_variable_templates
    Feature record: CXX_FEATURE:1cxx_variadic_macros
    Feature record: CXX_FEATURE:1cxx_variadic_templates


Detecting CXX [-std=c++11] compiler features compiled with the following output:
Change Dir: /home/epl/Jan_7/Linux-Test-Framework/output/build/jsoncpp-1.8.3/CMakeFiles/CMakeTmp

Run Build Command:"/usr/bin/make" "cmTC_4f02a/fast"
make[2]: Entering directory '/home/epl/Jan_7/Linux-Test-Framework/output/build/jsoncpp-1.8.3/CMakeFiles/CMakeTmp'
/usr/bin/make -f CMakeFiles/cmTC_4f02a.dir/build.make CMakeFiles/cmTC_4f02a.dir/build
make[3]: Entering directory '/home/epl/Jan_7/Linux-Test-Framework/output/build/jsoncpp-1.8.3/CMakeFiles/CMakeTmp'
Building CXX object CMakeFiles/cmTC_4f02a.dir/feature_tests.cxx.o
/home/epl/Jan_7/Linux-Test-Framework/output/host/bin/arm-buildroot-linux-uclibcgnueabihf-g++  --sysroot=/home/epl/Jan_7/Linux-Test-Framework/output/host/arm-buildroot-linux-uclibcgnueabihf/sysroot    -D_LARGEFILE_SOURCE -D_LARGEFILE64_SOURCE -D_FILE_OFFSET_BITS=64 -Os   -DNDEBUG   -std=c++11 -o CMakeFiles/cmTC_4f02a.dir/feature_tests.cxx.o -c /home/epl/Jan_7/Linux-Test-Framework/output/build/jsoncpp-1.8.3/CMakeFiles/feature_tests.cxx
Linking CXX executable cmTC_4f02a
/usr/bin/cmake -E cmake_link_script CMakeFiles/cmTC_4f02a.dir/link.txt --verbose=1
/home/epl/Jan_7/Linux-Test-Framework/output/host/bin/arm-buildroot-linux-uclibcgnueabihf-g++  --sysroot=/home/epl/Jan_7/Linux-Test-Framework/output/host/arm-buildroot-linux-uclibcgnueabihf/sysroot  -D_LARGEFILE_SOURCE -D_LARGEFILE64_SOURCE -D_FILE_OFFSET_BITS=64 -Os   -DNDEBUG    CMakeFiles/cmTC_4f02a.dir/feature_tests.cxx.o  -o cmTC_4f02a -rdynamic 
make[3]: Leaving directory '/home/epl/Jan_7/Linux-Test-Framework/output/build/jsoncpp-1.8.3/CMakeFiles/CMakeTmp'
make[2]: Leaving directory '/home/epl/Jan_7/Linux-Test-Framework/output/build/jsoncpp-1.8.3/CMakeFiles/CMakeTmp'


    Feature record: CXX_FEATURE:0cxx_aggregate_default_initializers
    Feature record: CXX_FEATURE:1cxx_alias_templates
    Feature record: CXX_FEATURE:1cxx_alignas
    Feature record: CXX_FEATURE:1cxx_alignof
    Feature record: CXX_FEATURE:1cxx_attributes
    Feature record: CXX_FEATURE:0cxx_attribute_deprecated
    Feature record: CXX_FEATURE:1cxx_auto_type
    Feature record: CXX_FEATURE:0cxx_binary_literals
    Feature record: CXX_FEATURE:1cxx_constexpr
    Feature record: CXX_FEATURE:0cxx_contextual_conversions
    Feature record: CXX_FEATURE:1cxx_decltype
    Feature record: CXX_FEATURE:0cxx_decltype_auto
    Feature record: CXX_FEATURE:1cxx_decltype_incomplete_return_types
    Feature record: CXX_FEATURE:1cxx_default_function_template_args
    Feature record: CXX_FEATURE:1cxx_defaulted_functions
    Feature record: CXX_FEATURE:1cxx_defaulted_move_initializers
    Feature record: CXX_FEATURE:1cxx_delegating_constructors
    Feature record: CXX_FEATURE:1cxx_deleted_functions
    Feature record: CXX_FEATURE:0cxx_digit_separators
    Feature record: CXX_FEATURE:1cxx_enum_forward_declarations
    Feature record: CXX_FEATURE:1cxx_explicit_conversions
    Feature record: CXX_FEATURE:1cxx_extended_friend_declarations
    Feature record: CXX_FEATURE:1cxx_extern_templates
    Feature record: CXX_FEATURE:1cxx_final
    Feature record: CXX_FEATURE:1cxx_func_identifier
    Feature record: CXX_FEATURE:1cxx_generalized_initializers
    Feature record: CXX_FEATURE:0cxx_generic_lambdas
    Feature record: CXX_FEATURE:1cxx_inheriting_constructors
    Feature record: CXX_FEATURE:1cxx_inline_namespaces
    Feature record: CXX_FEATURE:1cxx_lambdas
    Feature record: CXX_FEATURE:0cxx_lambda_init_captures
    Feature record: CXX_FEATURE:1cxx_local_type_template_args
    Feature record: CXX_FEATURE:1cxx_long_long_type
    Feature record: CXX_FEATURE:1cxx_noexcept
    Feature record: CXX_FEATURE:1cxx_nonstatic_member_init
    Feature record: CXX_FEATURE:1cxx_nullptr
    Feature record: CXX_FEATURE:1cxx_override
    Feature record: CXX_FEATURE:1cxx_range_for
    Feature record: CXX_FEATURE:1cxx_raw_string_literals
    Feature record: CXX_FEATURE:1cxx_reference_qualified_functions
    Feature record: CXX_FEATURE:0cxx_relaxed_constexpr
    Feature record: CXX_FEATURE:0cxx_return_type_deduction
    Feature record: CXX_FEATURE:1cxx_right_angle_brackets
    Feature record: CXX_FEATURE:1cxx_rvalue_references
    Feature record: CXX_FEATURE:1cxx_sizeof_member
    Feature record: CXX_FEATURE:1cxx_static_assert
    Feature record: CXX_FEATURE:1cxx_strong_enums
    Feature record: CXX_FEATURE:1cxx_template_template_parameters
    Feature record: CXX_FEATURE:1cxx_thread_local
    Feature record: CXX_FEATURE:1cxx_trailing_return_types
    Feature record: CXX_FEATURE:1cxx_unicode_literals
    Feature record: CXX_FEATURE:1cxx_uniform_initialization
    Feature record: CXX_FEATURE:1cxx_unrestricted_unions
    Feature record: CXX_FEATURE:1cxx_user_literals
    Feature record: CXX_FEATURE:0cxx_variable_templates
    Feature record: CXX_FEATURE:1cxx_variadic_macros
    Feature record: CXX_FEATURE:1cxx_variadic_templates


Detecting CXX [-std=c++98] compiler features compiled with the following output:
Change Dir: /home/epl/Jan_7/Linux-Test-Framework/output/build/jsoncpp-1.8.3/CMakeFiles/CMakeTmp

Run Build Command:"/usr/bin/make" "cmTC_011f0/fast"
make[2]: Entering directory '/home/epl/Jan_7/Linux-Test-Framework/output/build/jsoncpp-1.8.3/CMakeFiles/CMakeTmp'
/usr/bin/make -f CMakeFiles/cmTC_011f0.dir/build.make CMakeFiles/cmTC_011f0.dir/build
make[3]: Entering directory '/home/epl/Jan_7/Linux-Test-Framework/output/build/jsoncpp-1.8.3/CMakeFiles/CMakeTmp'
Building CXX object CMakeFiles/cmTC_011f0.dir/feature_tests.cxx.o
/home/epl/Jan_7/Linux-Test-Framework/output/host/bin/arm-buildroot-linux-uclibcgnueabihf-g++  --sysroot=/home/epl/Jan_7/Linux-Test-Framework/output/host/arm-buildroot-linux-uclibcgnueabihf/sysroot    -D_LARGEFILE_SOURCE -D_LARGEFILE64_SOURCE -D_FILE_OFFSET_BITS=64 -Os   -DNDEBUG   -std=c++98 -o CMakeFiles/cmTC_011f0.dir/feature_tests.cxx.o -c /home/epl/Jan_7/Linux-Test-Framework/output/build/jsoncpp-1.8.3/CMakeFiles/feature_tests.cxx
Linking CXX executable cmTC_011f0
/usr/bin/cmake -E cmake_link_script CMakeFiles/cmTC_011f0.dir/link.txt --verbose=1
/home/epl/Jan_7/Linux-Test-Framework/output/host/bin/arm-buildroot-linux-uclibcgnueabihf-g++  --sysroot=/home/epl/Jan_7/Linux-Test-Framework/output/host/arm-buildroot-linux-uclibcgnueabihf/sysroot  -D_LARGEFILE_SOURCE -D_LARGEFILE64_SOURCE -D_FILE_OFFSET_BITS=64 -Os   -DNDEBUG    CMakeFiles/cmTC_011f0.dir/feature_tests.cxx.o  -o cmTC_011f0 -rdynamic 
make[3]: Leaving directory '/home/epl/Jan_7/Linux-Test-Framework/output/build/jsoncpp-1.8.3/CMakeFiles/CMakeTmp'
make[2]: Leaving directory '/home/epl/Jan_7/Linux-Test-Framework/output/build/jsoncpp-1.8.3/CMakeFiles/CMakeTmp'


    Feature record: CXX_FEATURE:0cxx_aggregate_default_initializers
    Feature record: CXX_FEATURE:0cxx_alias_templates
    Feature record: CXX_FEATURE:0cxx_alignas
    Feature record: CXX_FEATURE:0cxx_alignof
    Feature record: CXX_FEATURE:0cxx_attributes
    Feature record: CXX_FEATURE:0cxx_attribute_deprecated
    Feature record: CXX_FEATURE:0cxx_auto_type
    Feature record: CXX_FEATURE:0cxx_binary_literals
    Feature record: CXX_FEATURE:0cxx_constexpr
    Feature record: CXX_FEATURE:0cxx_contextual_conversions
    Feature record: CXX_FEATURE:0cxx_decltype
    Feature record: CXX_FEATURE:0cxx_decltype_auto
    Feature record: CXX_FEATURE:0cxx_decltype_incomplete_return_types
    Feature record: CXX_FEATURE:0cxx_default_function_template_args
    Feature record: CXX_FEATURE:0cxx_defaulted_functions
    Feature record: CXX_FEATURE:0cxx_defaulted_move_initializers
    Feature record: CXX_FEATURE:0cxx_delegating_constructors
    Feature record: CXX_FEATURE:0cxx_deleted_functions
    Feature record: CXX_FEATURE:0cxx_digit_separators
    Feature record: CXX_FEATURE:0cxx_enum_forward_declarations
    Feature record: CXX_FEATURE:0cxx_explicit_conversions
    Feature record: CXX_FEATURE:0cxx_extended_friend_declarations
    Feature record: CXX_FEATURE:0cxx_extern_templates
    Feature record: CXX_FEATURE:0cxx_final
    Feature record: CXX_FEATURE:0cxx_func_identifier
    Feature record: CXX_FEATURE:0cxx_generalized_initializers
    Feature record: CXX_FEATURE:0cxx_generic_lambdas
    Feature record: CXX_FEATURE:0cxx_inheriting_constructors
    Feature record: CXX_FEATURE:0cxx_inline_namespaces
    Feature record: CXX_FEATURE:0cxx_lambdas
    Feature record: CXX_FEATURE:0cxx_lambda_init_captures
    Feature record: CXX_FEATURE:0cxx_local_type_template_args
    Feature record: CXX_FEATURE:0cxx_long_long_type
    Feature record: CXX_FEATURE:0cxx_noexcept
    Feature record: CXX_FEATURE:0cxx_nonstatic_member_init
    Feature record: CXX_FEATURE:0cxx_nullptr
    Feature record: CXX_FEATURE:0cxx_override
    Feature record: CXX_FEATURE:0cxx_range_for
    Feature record: CXX_FEATURE:0cxx_raw_string_literals
    Feature record: CXX_FEATURE:0cxx_reference_qualified_functions
    Feature record: CXX_FEATURE:0cxx_relaxed_constexpr
    Feature record: CXX_FEATURE:0cxx_return_type_deduction
    Feature record: CXX_FEATURE:0cxx_right_angle_brackets
    Feature record: CXX_FEATURE:0cxx_rvalue_references
    Feature record: CXX_FEATURE:0cxx_sizeof_member
    Feature record: CXX_FEATURE:0cxx_static_assert
    Feature record: CXX_FEATURE:0cxx_strong_enums
    Feature record: CXX_FEATURE:1cxx_template_template_parameters
    Feature record: CXX_FEATURE:0cxx_thread_local
    Feature record: CXX_FEATURE:0cxx_trailing_return_types
    Feature record: CXX_FEATURE:0cxx_unicode_literals
    Feature record: CXX_FEATURE:0cxx_uniform_initialization
    Feature record: CXX_FEATURE:0cxx_unrestricted_unions
    Feature record: CXX_FEATURE:0cxx_user_literals
    Feature record: CXX_FEATURE:0cxx_variable_templates
    Feature record: CXX_FEATURE:0cxx_variadic_macros
    Feature record: CXX_FEATURE:0cxx_variadic_templates
Determining if the include file clocale exists passed with the following output:
Change Dir: /home/epl/Jan_7/Linux-Test-Framework/output/build/jsoncpp-1.8.3/CMakeFiles/CMakeTmp

Run Build Command:"/usr/bin/make" "cmTC_e8016/fast"
make[2]: Entering directory '/home/epl/Jan_7/Linux-Test-Framework/output/build/jsoncpp-1.8.3/CMakeFiles/CMakeTmp'
/usr/bin/make -f CMakeFiles/cmTC_e8016.dir/build.make CMakeFiles/cmTC_e8016.dir/build
make[3]: Entering directory '/home/epl/Jan_7/Linux-Test-Framework/output/build/jsoncpp-1.8.3/CMakeFiles/CMakeTmp'
Building CXX object CMakeFiles/cmTC_e8016.dir/CheckIncludeFile.cxx.o
/home/epl/Jan_7/Linux-Test-Framework/output/host/bin/arm-buildroot-linux-uclibcgnueabihf-g++  --sysroot=/home/epl/Jan_7/Linux-Test-Framework/output/host/arm-buildroot-linux-uclibcgnueabihf/sysroot    -D_LARGEFILE_SOURCE -D_LARGEFILE64_SOURCE -D_FILE_OFFSET_BITS=64 -Os -Wall -Wconversion -Wshadow -Wextra -Werror=strict-aliasing   -DNDEBUG   -o CMakeFiles/cmTC_e8016.dir/CheckIncludeFile.cxx.o -c /home/epl/Jan_7/Linux-Test-Framework/output/build/jsoncpp-1.8.3/CMakeFiles/CMakeTmp/CheckIncludeFile.cxx
Linking CXX executable cmTC_e8016
/usr/bin/cmake -E cmake_link_script CMakeFiles/cmTC_e8016.dir/link.txt --verbose=1
/home/epl/Jan_7/Linux-Test-Framework/output/host/bin/arm-buildroot-linux-uclibcgnueabihf-g++  --sysroot=/home/epl/Jan_7/Linux-Test-Framework/output/host/arm-buildroot-linux-uclibcgnueabihf/sysroot  -D_LARGEFILE_SOURCE -D_LARGEFILE64_SOURCE -D_FILE_OFFSET_BITS=64 -Os -Wall -Wconversion -Wshadow -Wextra -Werror=strict-aliasing   -DNDEBUG    CMakeFiles/cmTC_e8016.dir/CheckIncludeFile.cxx.o  -o cmTC_e8016 -rdynamic 
make[3]: Leaving directory '/home/epl/Jan_7/Linux-Test-Framework/output/build/jsoncpp-1.8.3/CMakeFiles/CMakeTmp'
make[2]: Leaving directory '/home/epl/Jan_7/Linux-Test-Framework/output/build/jsoncpp-1.8.3/CMakeFiles/CMakeTmp'


Determining if the localeconv exist passed with the following output:
Change Dir: /home/epl/Jan_7/Linux-Test-Framework/output/build/jsoncpp-1.8.3/CMakeFiles/CMakeTmp

Run Build Command:"/usr/bin/make" "cmTC_f5220/fast"
make[2]: Entering directory '/home/epl/Jan_7/Linux-Test-Framework/output/build/jsoncpp-1.8.3/CMakeFiles/CMakeTmp'
/usr/bin/make -f CMakeFiles/cmTC_f5220.dir/build.make CMakeFiles/cmTC_f5220.dir/build
make[3]: Entering directory '/home/epl/Jan_7/Linux-Test-Framework/output/build/jsoncpp-1.8.3/CMakeFiles/CMakeTmp'
Building CXX object CMakeFiles/cmTC_f5220.dir/CheckSymbolExists.cxx.o
/home/epl/Jan_7/Linux-Test-Framework/output/host/bin/arm-buildroot-linux-uclibcgnueabihf-g++  --sysroot=/home/epl/Jan_7/Linux-Test-Framework/output/host/arm-buildroot-linux-uclibcgnueabihf/sysroot    -D_LARGEFILE_SOURCE -D_LARGEFILE64_SOURCE -D_FILE_OFFSET_BITS=64 -Os -Wall -Wconversion -Wshadow -Wextra -Werror=strict-aliasing   -DNDEBUG   -o CMakeFiles/cmTC_f5220.dir/CheckSymbolExists.cxx.o -c /home/epl/Jan_7/Linux-Test-Framework/output/build/jsoncpp-1.8.3/CMakeFiles/CMakeTmp/CheckSymbolExists.cxx
Linking CXX executable cmTC_f5220
/usr/bin/cmake -E cmake_link_script CMakeFiles/cmTC_f5220.dir/link.txt --verbose=1
/home/epl/Jan_7/Linux-Test-Framework/output/host/bin/arm-buildroot-linux-uclibcgnueabihf-g++  --sysroot=/home/epl/Jan_7/Linux-Test-Framework/output/host/arm-buildroot-linux-uclibcgnueabihf/sysroot  -D_LARGEFILE_SOURCE -D_LARGEFILE64_SOURCE -D_FILE_OFFSET_BITS=64 -Os -Wall -Wconversion -Wshadow -Wextra -Werror=strict-aliasing   -DNDEBUG    CMakeFiles/cmTC_f5220.dir/CheckSymbolExists.cxx.o  -o cmTC_f5220 -rdynamic 
make[3]: Leaving directory '/home/epl/Jan_7/Linux-Test-Framework/output/build/jsoncpp-1.8.3/CMakeFiles/CMakeTmp'
make[2]: Leaving directory '/home/epl/Jan_7/Linux-Test-Framework/output/build/jsoncpp-1.8.3/CMakeFiles/CMakeTmp'

File /home/epl/Jan_7/Linux-Test-Framework/output/build/jsoncpp-1.8.3/CMakeFiles/CMakeTmp/CheckSymbolExists.cxx:
/* */
#include <clocale>

int main(int argc, char** argv)
{
  (void)argv;
#ifndef localeconv
  return ((int*)(&localeconv))[argc];
#else
  (void)argc;
  return 0;
#endif
}

Determining if the include file sys/types.h exists passed with the following output:
Change Dir: /home/epl/Jan_7/Linux-Test-Framework/output/build/jsoncpp-1.8.3/CMakeFiles/CMakeTmp

Run Build Command:"/usr/bin/make" "cmTC_c4d94/fast"
make[2]: Entering directory '/home/epl/Jan_7/Linux-Test-Framework/output/build/jsoncpp-1.8.3/CMakeFiles/CMakeTmp'
/usr/bin/make -f CMakeFiles/cmTC_c4d94.dir/build.make CMakeFiles/cmTC_c4d94.dir/build
make[3]: Entering directory '/home/epl/Jan_7/Linux-Test-Framework/output/build/jsoncpp-1.8.3/CMakeFiles/CMakeTmp'
Building CXX object CMakeFiles/cmTC_c4d94.dir/CheckIncludeFile.cxx.o
/home/epl/Jan_7/Linux-Test-Framework/output/host/bin/arm-buildroot-linux-uclibcgnueabihf-g++  --sysroot=/home/epl/Jan_7/Linux-Test-Framework/output/host/arm-buildroot-linux-uclibcgnueabihf/sysroot    -D_LARGEFILE_SOURCE -D_LARGEFILE64_SOURCE -D_FILE_OFFSET_BITS=64 -Os -Wall -Wconversion -Wshadow -Wextra -Werror=strict-aliasing   -DNDEBUG   -o CMakeFiles/cmTC_c4d94.dir/CheckIncludeFile.cxx.o -c /home/epl/Jan_7/Linux-Test-Framework/output/build/jsoncpp-1.8.3/CMakeFiles/CMakeTmp/CheckIncludeFile.cxx
Linking CXX executable cmTC_c4d94
/usr/bin/cmake -E cmake_link_script CMakeFiles/cmTC_c4d94.dir/link.txt --verbose=1
/home/epl/Jan_7/Linux-Test-Framework/output/host/bin/arm-buildroot-linux-uclibcgnueabihf-g++  --sysroot=/home/epl/Jan_7/Linux-Test-Framework/output/host/arm-buildroot-linux-uclibcgnueabihf/sysroot  -D_LARGEFILE_SOURCE -D_LARGEFILE64_SOURCE -D_FILE_OFFSET_BITS=64 -Os -Wall -Wconversion -Wshadow -Wextra -Werror=strict-aliasing   -DNDEBUG    CMakeFiles/cmTC_c4d94.dir/CheckIncludeFile.cxx.o  -o cmTC_c4d94 -rdynamic 
make[3]: Leaving directory '/home/epl/Jan_7/Linux-Test-Framework/output/build/jsoncpp-1.8.3/CMakeFiles/CMakeTmp'
make[2]: Leaving directory '/home/epl/Jan_7/Linux-Test-Framework/output/build/jsoncpp-1.8.3/CMakeFiles/CMakeTmp'


Determining if the include file stdint.h exists passed with the following output:
Change Dir: /home/epl/Jan_7/Linux-Test-Framework/output/build/jsoncpp-1.8.3/CMakeFiles/CMakeTmp

Run Build Command:"/usr/bin/make" "cmTC_83465/fast"
make[2]: Entering directory '/home/epl/Jan_7/Linux-Test-Framework/output/build/jsoncpp-1.8.3/CMakeFiles/CMakeTmp'
/usr/bin/make -f CMakeFiles/cmTC_83465.dir/build.make CMakeFiles/cmTC_83465.dir/build
make[3]: Entering directory '/home/epl/Jan_7/Linux-Test-Framework/output/build/jsoncpp-1.8.3/CMakeFiles/CMakeTmp'
Building CXX object CMakeFiles/cmTC_83465.dir/CheckIncludeFile.cxx.o
/home/epl/Jan_7/Linux-Test-Framework/output/host/bin/arm-buildroot-linux-uclibcgnueabihf-g++  --sysroot=/home/epl/Jan_7/Linux-Test-Framework/output/host/arm-buildroot-linux-uclibcgnueabihf/sysroot    -D_LARGEFILE_SOURCE -D_LARGEFILE64_SOURCE -D_FILE_OFFSET_BITS=64 -Os -Wall -Wconversion -Wshadow -Wextra -Werror=strict-aliasing   -DNDEBUG   -o CMakeFiles/cmTC_83465.dir/CheckIncludeFile.cxx.o -c /home/epl/Jan_7/Linux-Test-Framework/output/build/jsoncpp-1.8.3/CMakeFiles/CMakeTmp/CheckIncludeFile.cxx
Linking CXX executable cmTC_83465
/usr/bin/cmake -E cmake_link_script CMakeFiles/cmTC_83465.dir/link.txt --verbose=1
/home/epl/Jan_7/Linux-Test-Framework/output/host/bin/arm-buildroot-linux-uclibcgnueabihf-g++  --sysroot=/home/epl/Jan_7/Linux-Test-Framework/output/host/arm-buildroot-linux-uclibcgnueabihf/sysroot  -D_LARGEFILE_SOURCE -D_LARGEFILE64_SOURCE -D_FILE_OFFSET_BITS=64 -Os -Wall -Wconversion -Wshadow -Wextra -Werror=strict-aliasing   -DNDEBUG    CMakeFiles/cmTC_83465.dir/CheckIncludeFile.cxx.o  -o cmTC_83465 -rdynamic 
make[3]: Leaving directory '/home/epl/Jan_7/Linux-Test-Framework/output/build/jsoncpp-1.8.3/CMakeFiles/CMakeTmp'
make[2]: Leaving directory '/home/epl/Jan_7/Linux-Test-Framework/output/build/jsoncpp-1.8.3/CMakeFiles/CMakeTmp'


Determining if the include file stddef.h exists passed with the following output:
Change Dir: /home/epl/Jan_7/Linux-Test-Framework/output/build/jsoncpp-1.8.3/CMakeFiles/CMakeTmp

Run Build Command:"/usr/bin/make" "cmTC_945ff/fast"
make[2]: Entering directory '/home/epl/Jan_7/Linux-Test-Framework/output/build/jsoncpp-1.8.3/CMakeFiles/CMakeTmp'
/usr/bin/make -f CMakeFiles/cmTC_945ff.dir/build.make CMakeFiles/cmTC_945ff.dir/build
make[3]: Entering directory '/home/epl/Jan_7/Linux-Test-Framework/output/build/jsoncpp-1.8.3/CMakeFiles/CMakeTmp'
Building CXX object CMakeFiles/cmTC_945ff.dir/CheckIncludeFile.cxx.o
/home/epl/Jan_7/Linux-Test-Framework/output/host/bin/arm-buildroot-linux-uclibcgnueabihf-g++  --sysroot=/home/epl/Jan_7/Linux-Test-Framework/output/host/arm-buildroot-linux-uclibcgnueabihf/sysroot    -D_LARGEFILE_SOURCE -D_LARGEFILE64_SOURCE -D_FILE_OFFSET_BITS=64 -Os -Wall -Wconversion -Wshadow -Wextra -Werror=strict-aliasing   -DNDEBUG   -o CMakeFiles/cmTC_945ff.dir/CheckIncludeFile.cxx.o -c /home/epl/Jan_7/Linux-Test-Framework/output/build/jsoncpp-1.8.3/CMakeFiles/CMakeTmp/CheckIncludeFile.cxx
Linking CXX executable cmTC_945ff
/usr/bin/cmake -E cmake_link_script CMakeFiles/cmTC_945ff.dir/link.txt --verbose=1
/home/epl/Jan_7/Linux-Test-Framework/output/host/bin/arm-buildroot-linux-uclibcgnueabihf-g++  --sysroot=/home/epl/Jan_7/Linux-Test-Framework/output/host/arm-buildroot-linux-uclibcgnueabihf/sysroot  -D_LARGEFILE_SOURCE -D_LARGEFILE64_SOURCE -D_FILE_OFFSET_BITS=64 -Os -Wall -Wconversion -Wshadow -Wextra -Werror=strict-aliasing   -DNDEBUG    CMakeFiles/cmTC_945ff.dir/CheckIncludeFile.cxx.o  -o cmTC_945ff -rdynamic 
make[3]: Leaving directory '/home/epl/Jan_7/Linux-Test-Framework/output/build/jsoncpp-1.8.3/CMakeFiles/CMakeTmp'
make[2]: Leaving directory '/home/epl/Jan_7/Linux-Test-Framework/output/build/jsoncpp-1.8.3/CMakeFiles/CMakeTmp'


Determining size of lconv passed with the following output:
Change Dir: /home/epl/Jan_7/Linux-Test-Framework/output/build/jsoncpp-1.8.3/CMakeFiles/CMakeTmp

Run Build Command:"/usr/bin/make" "cmTC_87653/fast"
make[2]: Entering directory '/home/epl/Jan_7/Linux-Test-Framework/output/build/jsoncpp-1.8.3/CMakeFiles/CMakeTmp'
/usr/bin/make -f CMakeFiles/cmTC_87653.dir/build.make CMakeFiles/cmTC_87653.dir/build
make[3]: Entering directory '/home/epl/Jan_7/Linux-Test-Framework/output/build/jsoncpp-1.8.3/CMakeFiles/CMakeTmp'
Building CXX object CMakeFiles/cmTC_87653.dir/LCONV_SIZE.cpp.o
/home/epl/Jan_7/Linux-Test-Framework/output/host/bin/arm-buildroot-linux-uclibcgnueabihf-g++  --sysroot=/home/epl/Jan_7/Linux-Test-Framework/output/host/arm-buildroot-linux-uclibcgnueabihf/sysroot    -D_LARGEFILE_SOURCE -D_LARGEFILE64_SOURCE -D_FILE_OFFSET_BITS=64 -Os -Wall -Wconversion -Wshadow -Wextra -Werror=strict-aliasing   -DNDEBUG   -o CMakeFiles/cmTC_87653.dir/LCONV_SIZE.cpp.o -c /home/epl/Jan_7/Linux-Test-Framework/output/build/jsoncpp-1.8.3/CMakeFiles/CheckTypeSize/LCONV_SIZE.cpp
Linking CXX executable cmTC_87653
/usr/bin/cmake -E cmake_link_script CMakeFiles/cmTC_87653.dir/link.txt --verbose=1
/home/epl/Jan_7/Linux-Test-Framework/output/host/bin/arm-buildroot-linux-uclibcgnueabihf-g++  --sysroot=/home/epl/Jan_7/Linux-Test-Framework/output/host/arm-buildroot-linux-uclibcgnueabihf/sysroot  -D_LARGEFILE_SOURCE -D_LARGEFILE64_SOURCE -D_FILE_OFFSET_BITS=64 -Os -Wall -Wconversion -Wshadow -Wextra -Werror=strict-aliasing   -DNDEBUG    CMakeFiles/cmTC_87653.dir/LCONV_SIZE.cpp.o  -o cmTC_87653 -rdynamic 
make[3]: Leaving directory '/home/epl/Jan_7/Linux-Test-Framework/output/build/jsoncpp-1.8.3/CMakeFiles/CMakeTmp'
make[2]: Leaving directory '/home/epl/Jan_7/Linux-Test-Framework/output/build/jsoncpp-1.8.3/CMakeFiles/CMakeTmp'


Performing C++ SOURCE FILE Test HAVE_DECIMAL_POINT succeeded with the following output:
Change Dir: /home/epl/Jan_7/Linux-Test-Framework/output/build/jsoncpp-1.8.3/CMakeFiles/CMakeTmp

Run Build Command:"/usr/bin/make" "cmTC_580ac/fast"
make[2]: Entering directory '/home/epl/Jan_7/Linux-Test-Framework/output/build/jsoncpp-1.8.3/CMakeFiles/CMakeTmp'
/usr/bin/make -f CMakeFiles/cmTC_580ac.dir/build.make CMakeFiles/cmTC_580ac.dir/build
make[3]: Entering directory '/home/epl/Jan_7/Linux-Test-Framework/output/build/jsoncpp-1.8.3/CMakeFiles/CMakeTmp'
Building CXX object CMakeFiles/cmTC_580ac.dir/src.cxx.o
/home/epl/Jan_7/Linux-Test-Framework/output/host/bin/arm-buildroot-linux-uclibcgnueabihf-g++  --sysroot=/home/epl/Jan_7/Linux-Test-Framework/output/host/arm-buildroot-linux-uclibcgnueabihf/sysroot    -D_LARGEFILE_SOURCE -D_LARGEFILE64_SOURCE -D_FILE_OFFSET_BITS=64 -Os -Wall -Wconversion -Wshadow -Wextra -Werror=strict-aliasing -DHAVE_DECIMAL_POINT  -DNDEBUG   -o CMakeFiles/cmTC_580ac.dir/src.cxx.o -c /home/epl/Jan_7/Linux-Test-Framework/output/build/jsoncpp-1.8.3/CMakeFiles/CMakeTmp/src.cxx
Linking CXX executable cmTC_580ac
/usr/bin/cmake -E cmake_link_script CMakeFiles/cmTC_580ac.dir/link.txt --verbose=1
/home/epl/Jan_7/Linux-Test-Framework/output/host/bin/arm-buildroot-linux-uclibcgnueabihf-g++  --sysroot=/home/epl/Jan_7/Linux-Test-Framework/output/host/arm-buildroot-linux-uclibcgnueabihf/sysroot  -D_LARGEFILE_SOURCE -D_LARGEFILE64_SOURCE -D_FILE_OFFSET_BITS=64 -Os -Wall -Wconversion -Wshadow -Wextra -Werror=strict-aliasing -DHAVE_DECIMAL_POINT  -DNDEBUG    CMakeFiles/cmTC_580ac.dir/src.cxx.o  -o cmTC_580ac -rdynamic 
make[3]: Leaving directory '/home/epl/Jan_7/Linux-Test-Framework/output/build/jsoncpp-1.8.3/CMakeFiles/CMakeTmp'
make[2]: Leaving directory '/home/epl/Jan_7/Linux-Test-Framework/output/build/jsoncpp-1.8.3/CMakeFiles/CMakeTmp'

Source file was:

#include <clocale>

int main()
{
   (void)sizeof(((lconv *)0)->decimal_point);
   return 0;
}

